This file contains any messages produced by compilers while
running configure, to aid debugging if configure makes a mistake.

It was created by spatialindex configure 1.5.0, which was
generated by GNU Autoconf 2.64.  Invocation command line was

  $ ./configure --prefix=/home/pablo/temporary/miau/MultiFluids_Dev/spatialindex-1.5/../ --disable-shared --without-pic

## --------- ##
## Platform. ##
## --------- ##

hostname = Imperial
uname -m = x86_64
uname -r = 3.8.0-41-generic
uname -s = Linux
uname -v = #60~precise1-Ubuntu SMP Fri May 16 00:18:00 UTC 2014

/usr/bin/uname -p = unknown
/bin/uname -X     = unknown

/bin/arch              = unknown
/usr/bin/arch -k       = unknown
/usr/convex/getsysinfo = unknown
/usr/bin/hostinfo      = unknown
/bin/machine           = unknown
/usr/bin/oslevel       = unknown
/bin/universe          = unknown

PATH: /usr/lib/lightdm/lightdm
PATH: /usr/local/sbin
PATH: /usr/local/bin
PATH: /usr/sbin
PATH: /usr/bin
PATH: /sbin
PATH: /bin
PATH: /usr/games


## ----------- ##
## Core tests. ##
## ----------- ##

configure:2464: checking build system type
configure:2478: result: x86_64-unknown-linux-gnu
configure:2615: checking for C++ compiler version
configure:2624: mpicxx --version >&5
g++ (Ubuntu/Linaro 4.6.3-1ubuntu5) 4.6.3
Copyright (C) 2011 Free Software Foundation, Inc.
This is free software; see the source for copying conditions.  There is NO
warranty; not even for MERCHANTABILITY or FITNESS FOR A PARTICULAR PURPOSE.

configure:2635: $? = 0
configure:2624: mpicxx -v >&5
Using built-in specs.
COLLECT_GCC=/usr/bin/g++
COLLECT_LTO_WRAPPER=/usr/lib/gcc/x86_64-linux-gnu/4.6/lto-wrapper
Target: x86_64-linux-gnu
Configured with: ../src/configure -v --with-pkgversion='Ubuntu/Linaro 4.6.3-1ubuntu5' --with-bugurl=file:///usr/share/doc/gcc-4.6/README.Bugs --enable-languages=c,c++,fortran,objc,obj-c++ --prefix=/usr --program-suffix=-4.6 --enable-shared --enable-linker-build-id --with-system-zlib --libexecdir=/usr/lib --without-included-gettext --enable-threads=posix --with-gxx-include-dir=/usr/include/c++/4.6 --libdir=/usr/lib --enable-nls --with-sysroot=/ --enable-clocale=gnu --enable-libstdcxx-debug --enable-libstdcxx-time=yes --enable-gnu-unique-object --enable-plugin --enable-objc-gc --disable-werror --with-arch-32=i686 --with-tune=generic --enable-checking=release --build=x86_64-linux-gnu --host=x86_64-linux-gnu --target=x86_64-linux-gnu
Thread model: posix
gcc version 4.6.3 (Ubuntu/Linaro 4.6.3-1ubuntu5) 
configure:2635: $? = 0
configure:2624: mpicxx -V >&5
g++: error: unrecognized option '-V'
g++: fatal error: no input files
compilation terminated.
configure:2635: $? = 4
configure:2624: mpicxx -qversion >&5
g++: error: unrecognized option '-qversion'
g++: fatal error: no input files
compilation terminated.
configure:2635: $? = 4
configure:2657: checking for C++ compiler default output file name
configure:2679: mpicxx  -D_GNU_SOURCE  conftest.cpp  >&5
configure:2683: $? = 0
configure:2720: result: a.out
configure:2736: checking whether the C++ compiler works
configure:2745: ./a.out
configure:2749: $? = 0
configure:2764: result: yes
configure:2771: checking whether we are cross compiling
configure:2773: result: no
configure:2776: checking for suffix of executables
configure:2783: mpicxx -o conftest  -D_GNU_SOURCE  conftest.cpp  >&5
configure:2787: $? = 0
configure:2809: result: 
configure:2815: checking for suffix of object files
configure:2837: mpicxx -c  -D_GNU_SOURCE conftest.cpp >&5
configure:2841: $? = 0
configure:2862: result: o
configure:2866: checking whether we are using the GNU C++ compiler
configure:2885: mpicxx -c  -D_GNU_SOURCE conftest.cpp >&5
configure:2885: $? = 0
configure:2894: result: yes
configure:2903: checking whether mpicxx accepts -g
configure:2923: mpicxx -c -g -D_GNU_SOURCE conftest.cpp >&5
configure:2923: $? = 0
configure:2964: result: yes
configure:2992: checking how to run the C++ preprocessor
configure:3019: mpicxx -E -D_GNU_SOURCE conftest.cpp
configure:3019: $? = 0
configure:3033: mpicxx -E -D_GNU_SOURCE conftest.cpp
conftest.cpp:9:28: fatal error: ac_nonexistent.h: No such file or directory
compilation terminated.
configure:3033: $? = 1
configure: failed program was:
| /* confdefs.h */
| #define PACKAGE_NAME "spatialindex"
| #define PACKAGE_TARNAME "spatialindex-src"
| #define PACKAGE_VERSION "1.5.0"
| #define PACKAGE_STRING "spatialindex-1.5.0"
| #define PACKAGE_BUGREPORT "mhadji@gmail.com"
| #define PACKAGE_URL ""
| /* end confdefs.h.  */
| #include <ac_nonexistent.h>
configure:3058: result: mpicxx -E
configure:3078: mpicxx -E -D_GNU_SOURCE conftest.cpp
configure:3078: $? = 0
configure:3092: mpicxx -E -D_GNU_SOURCE conftest.cpp
conftest.cpp:9:28: fatal error: ac_nonexistent.h: No such file or directory
compilation terminated.
configure:3092: $? = 1
configure: failed program was:
| /* confdefs.h */
| #define PACKAGE_NAME "spatialindex"
| #define PACKAGE_TARNAME "spatialindex-src"
| #define PACKAGE_VERSION "1.5.0"
| #define PACKAGE_STRING "spatialindex-1.5.0"
| #define PACKAGE_BUGREPORT "mhadji@gmail.com"
| #define PACKAGE_URL ""
| /* end confdefs.h.  */
| #include <ac_nonexistent.h>
configure:3134: checking for a BSD-compatible install
configure:3202: result: /usr/bin/install -c
configure:3213: checking whether ln -s works
configure:3217: result: yes
configure:3224: checking whether make sets $(MAKE)
configure:3246: result: yes
configure:3280: checking host system type
configure:3293: result: x86_64-unknown-linux-gnu
configure:3361: checking for gcc
configure:3388: result: mpicc
configure:3617: checking for C compiler version
configure:3626: mpicc --version >&5
gcc (Ubuntu/Linaro 4.6.3-1ubuntu5) 4.6.3
Copyright (C) 2011 Free Software Foundation, Inc.
This is free software; see the source for copying conditions.  There is NO
warranty; not even for MERCHANTABILITY or FITNESS FOR A PARTICULAR PURPOSE.

configure:3637: $? = 0
configure:3626: mpicc -v >&5
Using built-in specs.
COLLECT_GCC=/usr/bin/gcc
COLLECT_LTO_WRAPPER=/usr/lib/gcc/x86_64-linux-gnu/4.6/lto-wrapper
Target: x86_64-linux-gnu
Configured with: ../src/configure -v --with-pkgversion='Ubuntu/Linaro 4.6.3-1ubuntu5' --with-bugurl=file:///usr/share/doc/gcc-4.6/README.Bugs --enable-languages=c,c++,fortran,objc,obj-c++ --prefix=/usr --program-suffix=-4.6 --enable-shared --enable-linker-build-id --with-system-zlib --libexecdir=/usr/lib --without-included-gettext --enable-threads=posix --with-gxx-include-dir=/usr/include/c++/4.6 --libdir=/usr/lib --enable-nls --with-sysroot=/ --enable-clocale=gnu --enable-libstdcxx-debug --enable-libstdcxx-time=yes --enable-gnu-unique-object --enable-plugin --enable-objc-gc --disable-werror --with-arch-32=i686 --with-tune=generic --enable-checking=release --build=x86_64-linux-gnu --host=x86_64-linux-gnu --target=x86_64-linux-gnu
Thread model: posix
gcc version 4.6.3 (Ubuntu/Linaro 4.6.3-1ubuntu5) 
configure:3637: $? = 0
configure:3626: mpicc -V >&5
gcc: error: unrecognized option '-V'
gcc: fatal error: no input files
compilation terminated.
configure:3637: $? = 4
configure:3626: mpicc -qversion >&5
gcc: error: unrecognized option '-qversion'
gcc: fatal error: no input files
compilation terminated.
configure:3637: $? = 4
configure:3641: checking whether we are using the GNU C compiler
configure:3660: mpicc -c  -D_GNU_SOURCE conftest.c >&5
configure:3660: $? = 0
configure:3669: result: yes
configure:3678: checking whether mpicc accepts -g
configure:3698: mpicc -c -g -D_GNU_SOURCE conftest.c >&5
configure:3698: $? = 0
configure:3739: result: yes
configure:3756: checking for mpicc option to accept ISO C89
configure:3820: mpicc  -c  -D_GNU_SOURCE conftest.c >&5
configure:3820: $? = 0
configure:3833: result: none needed
configure:3853: checking for a sed that does not truncate output
configure:3917: result: /bin/sed
configure:3935: checking for grep that handles long lines and -e
configure:3993: result: /bin/grep
configure:3998: checking for egrep
configure:4060: result: /bin/grep -E
configure:4065: checking for fgrep
configure:4127: result: /bin/grep -F
configure:4162: checking for ld used by mpicc
configure:4229: result: /usr/bin/ld
configure:4236: checking if the linker (/usr/bin/ld) is GNU ld
configure:4251: result: yes
configure:4263: checking for BSD- or MS-compatible name lister (nm)
configure:4312: result: /usr/bin/nm -B
configure:4430: checking the name lister (/usr/bin/nm -B) interface
configure:4437: mpicc -c  -D_GNU_SOURCE conftest.c >&5
configure:4440: /usr/bin/nm -B "conftest.o"
configure:4443: output
0000000000000000 B some_variable
configure:4450: result: BSD nm
configure:4454: checking the maximum length of command line arguments
configure:4574: result: 1572864
configure:4591: checking whether the shell understands some XSI constructs
configure:4601: result: yes
configure:4605: checking whether the shell understands "+="
configure:4611: result: yes
configure:4646: checking for /usr/bin/ld option to reload object files
configure:4653: result: -r
configure:4722: checking for objdump
configure:4738: found /usr/bin/objdump
configure:4749: result: objdump
configure:4781: checking how to recognize dependent libraries
configure:4977: result: pass_all
configure:5037: checking for ar
configure:5053: found /usr/bin/ar
configure:5064: result: ar
configure:5142: checking for strip
configure:5158: found /usr/bin/strip
configure:5169: result: strip
configure:5241: checking for ranlib
configure:5257: found /usr/bin/ranlib
configure:5268: result: ranlib
configure:5358: checking command to parse /usr/bin/nm -B output from mpicc object
configure:5476: mpicc -c  -D_GNU_SOURCE conftest.c >&5
configure:5479: $? = 0
configure:5483: /usr/bin/nm -B conftest.o \| sed -n -e 's/^.*[	 ]\([ABCDGIRSTW][ABCDGIRSTW]*\)[	 ][	 ]*\([_A-Za-z][_A-Za-z0-9]*\)$/\1 \2 \2/p' \> conftest.nm
configure:5486: $? = 0
configure:5540: mpicc -o conftest  -D_GNU_SOURCE  conftest.c conftstm.o >&5
configure:5543: $? = 0
configure:5581: result: ok
configure:5677: mpicc -c  -D_GNU_SOURCE conftest.c >&5
configure:5680: $? = 0
configure:6390: checking how to run the C preprocessor
configure:6421: mpicc -E -D_GNU_SOURCE conftest.c
configure:6421: $? = 0
configure:6435: mpicc -E -D_GNU_SOURCE conftest.c
conftest.c:9:28: fatal error: ac_nonexistent.h: No such file or directory
compilation terminated.
configure:6435: $? = 1
configure: failed program was:
| /* confdefs.h */
| #define PACKAGE_NAME "spatialindex"
| #define PACKAGE_TARNAME "spatialindex-src"
| #define PACKAGE_VERSION "1.5.0"
| #define PACKAGE_STRING "spatialindex-1.5.0"
| #define PACKAGE_BUGREPORT "mhadji@gmail.com"
| #define PACKAGE_URL ""
| /* end confdefs.h.  */
| #include <ac_nonexistent.h>
configure:6460: result: mpicc -E
configure:6480: mpicc -E -D_GNU_SOURCE conftest.c
configure:6480: $? = 0
configure:6494: mpicc -E -D_GNU_SOURCE conftest.c
conftest.c:9:28: fatal error: ac_nonexistent.h: No such file or directory
compilation terminated.
configure:6494: $? = 1
configure: failed program was:
| /* confdefs.h */
| #define PACKAGE_NAME "spatialindex"
| #define PACKAGE_TARNAME "spatialindex-src"
| #define PACKAGE_VERSION "1.5.0"
| #define PACKAGE_STRING "spatialindex-1.5.0"
| #define PACKAGE_BUGREPORT "mhadji@gmail.com"
| #define PACKAGE_URL ""
| /* end confdefs.h.  */
| #include <ac_nonexistent.h>
configure:6523: checking for ANSI C header files
configure:6543: mpicc -c  -D_GNU_SOURCE conftest.c >&5
configure:6543: $? = 0
configure:6616: mpicc -o conftest  -D_GNU_SOURCE  conftest.c  >&5
configure:6616: $? = 0
configure:6616: ./conftest
configure:6616: $? = 0
configure:6627: result: yes
configure:6640: checking for sys/types.h
configure:6640: mpicc -c  -D_GNU_SOURCE conftest.c >&5
configure:6640: $? = 0
configure:6640: result: yes
configure:6640: checking for sys/stat.h
configure:6640: mpicc -c  -D_GNU_SOURCE conftest.c >&5
configure:6640: $? = 0
configure:6640: result: yes
configure:6640: checking for stdlib.h
configure:6640: mpicc -c  -D_GNU_SOURCE conftest.c >&5
configure:6640: $? = 0
configure:6640: result: yes
configure:6640: checking for string.h
configure:6640: mpicc -c  -D_GNU_SOURCE conftest.c >&5
configure:6640: $? = 0
configure:6640: result: yes
configure:6640: checking for memory.h
configure:6640: mpicc -c  -D_GNU_SOURCE conftest.c >&5
configure:6640: $? = 0
configure:6640: result: yes
configure:6640: checking for strings.h
configure:6640: mpicc -c  -D_GNU_SOURCE conftest.c >&5
configure:6640: $? = 0
configure:6640: result: yes
configure:6640: checking for inttypes.h
configure:6640: mpicc -c  -D_GNU_SOURCE conftest.c >&5
configure:6640: $? = 0
configure:6640: result: yes
configure:6640: checking for stdint.h
configure:6640: mpicc -c  -D_GNU_SOURCE conftest.c >&5
configure:6640: $? = 0
configure:6640: result: yes
configure:6640: checking for unistd.h
configure:6640: mpicc -c  -D_GNU_SOURCE conftest.c >&5
configure:6640: $? = 0
configure:6640: result: yes
configure:6655: checking for dlfcn.h
configure:6655: mpicc -c  -D_GNU_SOURCE conftest.c >&5
configure:6655: $? = 0
configure:6655: result: yes
configure:6780: checking for C++ compiler version
configure:6789: mpicxx --version >&5
g++ (Ubuntu/Linaro 4.6.3-1ubuntu5) 4.6.3
Copyright (C) 2011 Free Software Foundation, Inc.
This is free software; see the source for copying conditions.  There is NO
warranty; not even for MERCHANTABILITY or FITNESS FOR A PARTICULAR PURPOSE.

configure:6800: $? = 0
configure:6789: mpicxx -v >&5
Using built-in specs.
COLLECT_GCC=/usr/bin/g++
COLLECT_LTO_WRAPPER=/usr/lib/gcc/x86_64-linux-gnu/4.6/lto-wrapper
Target: x86_64-linux-gnu
Configured with: ../src/configure -v --with-pkgversion='Ubuntu/Linaro 4.6.3-1ubuntu5' --with-bugurl=file:///usr/share/doc/gcc-4.6/README.Bugs --enable-languages=c,c++,fortran,objc,obj-c++ --prefix=/usr --program-suffix=-4.6 --enable-shared --enable-linker-build-id --with-system-zlib --libexecdir=/usr/lib --without-included-gettext --enable-threads=posix --with-gxx-include-dir=/usr/include/c++/4.6 --libdir=/usr/lib --enable-nls --with-sysroot=/ --enable-clocale=gnu --enable-libstdcxx-debug --enable-libstdcxx-time=yes --enable-gnu-unique-object --enable-plugin --enable-objc-gc --disable-werror --with-arch-32=i686 --with-tune=generic --enable-checking=release --build=x86_64-linux-gnu --host=x86_64-linux-gnu --target=x86_64-linux-gnu
Thread model: posix
gcc version 4.6.3 (Ubuntu/Linaro 4.6.3-1ubuntu5) 
configure:6800: $? = 0
configure:6789: mpicxx -V >&5
g++: error: unrecognized option '-V'
g++: fatal error: no input files
compilation terminated.
configure:6800: $? = 4
configure:6789: mpicxx -qversion >&5
g++: error: unrecognized option '-qversion'
g++: fatal error: no input files
compilation terminated.
configure:6800: $? = 4
configure:6804: checking whether we are using the GNU C++ compiler
configure:6832: result: yes
configure:6841: checking whether mpicxx accepts -g
configure:6902: result: yes
configure:6933: checking how to run the C++ preprocessor
configure:6999: result: mpicxx -E
configure:7019: mpicxx -E -D_GNU_SOURCE conftest.cpp
configure:7019: $? = 0
configure:7033: mpicxx -E -D_GNU_SOURCE conftest.cpp
conftest.cpp:20:28: fatal error: ac_nonexistent.h: No such file or directory
compilation terminated.
configure:7033: $? = 1
configure: failed program was:
| /* confdefs.h */
| #define PACKAGE_NAME "spatialindex"
| #define PACKAGE_TARNAME "spatialindex-src"
| #define PACKAGE_VERSION "1.5.0"
| #define PACKAGE_STRING "spatialindex-1.5.0"
| #define PACKAGE_BUGREPORT "mhadji@gmail.com"
| #define PACKAGE_URL ""
| #define STDC_HEADERS 1
| #define HAVE_SYS_TYPES_H 1
| #define HAVE_SYS_STAT_H 1
| #define HAVE_STDLIB_H 1
| #define HAVE_STRING_H 1
| #define HAVE_MEMORY_H 1
| #define HAVE_STRINGS_H 1
| #define HAVE_INTTYPES_H 1
| #define HAVE_STDINT_H 1
| #define HAVE_UNISTD_H 1
| #define HAVE_DLFCN_H 1
| /* end confdefs.h.  */
| #include <ac_nonexistent.h>
configure:7239: checking for objdir
configure:7254: result: .libs
configure:7546: checking if mpicc supports -fno-rtti -fno-exceptions
configure:7564: mpicc -c  -D_GNU_SOURCE -fno-rtti -fno-exceptions conftest.c >&5
cc1: warning: command line option '-fno-rtti' is valid for C++/ObjC++ but not for C [enabled by default]
configure:7568: $? = 0
configure:7581: result: no
configure:7601: checking for mpicc option to produce PIC
configure:7873: result: -fPIC -DPIC
configure:7885: checking if mpicc PIC flag -fPIC -DPIC works
configure:7903: mpicc -c  -D_GNU_SOURCE -fPIC -DPIC -DPIC conftest.c >&5
configure:7907: $? = 0
configure:7920: result: yes
configure:7944: checking if mpicc static flag -static works
configure:7972: result: no
configure:7987: checking if mpicc supports -c -o file.o
configure:8008: mpicc -c  -D_GNU_SOURCE -o out/conftest2.o conftest.c >&5
configure:8012: $? = 0
configure:8034: result: yes
configure:8042: checking if mpicc supports -c -o file.o
configure:8089: result: yes
configure:8122: checking whether the mpicc linker (/usr/bin/ld -m elf_x86_64) supports shared libraries
configure:9112: result: yes
configure:9351: checking dynamic linker characteristics
configure:9784: mpicc -o conftest  -D_GNU_SOURCE  -Wl,-rpath -Wl,/foo conftest.c  >&5
configure:9784: $? = 0
configure:10014: result: GNU/Linux ld.so
configure:10116: checking how to hardcode library paths into programs
configure:10141: result: immediate
configure:10661: checking whether stripping libraries is possible
configure:10666: result: yes
configure:10701: checking if libtool supports shared libraries
configure:10703: result: yes
configure:10706: checking whether to build shared libraries
configure:10727: result: no
configure:10730: checking whether to build static libraries
configure:10734: result: yes
configure:10884: checking for ld used by mpicxx
configure:10951: result: /usr/bin/ld -m elf_x86_64
configure:10958: checking if the linker (/usr/bin/ld -m elf_x86_64) is GNU ld
configure:10973: result: yes
configure:11028: checking whether the mpicxx linker (/usr/bin/ld -m elf_x86_64) supports shared libraries
configure:11941: result: yes
configure:11969: mpicxx -c  -D_GNU_SOURCE conftest.cpp >&5
configure:11972: $? = 0
configure:12154: checking for mpicxx option to produce PIC
configure:12471: result: -fPIC -DPIC
configure:12480: checking if mpicxx PIC flag -fPIC -DPIC works
configure:12498: mpicxx -c  -D_GNU_SOURCE -fPIC -DPIC -DPIC conftest.cpp >&5
configure:12502: $? = 0
configure:12515: result: yes
configure:12536: checking if mpicxx static flag -static works
configure:12564: result: no
configure:12576: checking if mpicxx supports -c -o file.o
configure:12597: mpicxx -c  -D_GNU_SOURCE -o out/conftest2.o conftest.cpp >&5
configure:12601: $? = 0
configure:12623: result: yes
configure:12628: checking if mpicxx supports -c -o file.o
configure:12675: result: yes
configure:12705: checking whether the mpicxx linker (/usr/bin/ld -m elf_x86_64) supports shared libraries
configure:12734: result: yes
configure:12871: checking dynamic linker characteristics
configure:13252: mpicxx -o conftest  -D_GNU_SOURCE  -Wl,-rpath -Wl,/foo conftest.cpp  >&5
configure:13252: $? = 0
configure:13482: result: GNU/Linux ld.so
configure:13533: checking how to hardcode library paths into programs
configure:13558: result: immediate
configure:13618: checking whether build environment is sane
configure:13668: result: yes
configure:13809: checking for a thread-safe mkdir -p
configure:13848: result: /bin/mkdir -p
configure:13861: checking for gawk
configure:13877: found /usr/bin/gawk
configure:13888: result: gawk
configure:13920: checking for style of include used by make
configure:13948: result: GNU
configure:14033: checking dependency style of mpicc
configure:14143: result: gcc3
configure:14160: checking dependency style of mpicxx
configure:14270: result: gcc3
configure:14290: checking fcntl.h usability
configure:14290: mpicc -c  -D_GNU_SOURCE conftest.c >&5
configure:14290: $? = 0
configure:14290: result: yes
configure:14290: checking fcntl.h presence
configure:14290: mpicc -E -D_GNU_SOURCE conftest.c
configure:14290: $? = 0
configure:14290: result: yes
configure:14290: checking for fcntl.h
configure:14290: result: yes
configure:14304: checking for unistd.h
configure:14304: result: yes
configure:14318: checking for sys/types.h
configure:14318: result: yes
configure:14332: checking for sys/stat.h
configure:14332: result: yes
configure:14346: checking pthread.h usability
configure:14346: mpicc -c  -D_GNU_SOURCE conftest.c >&5
configure:14346: $? = 0
configure:14346: result: yes
configure:14346: checking pthread.h presence
configure:14346: mpicc -E -D_GNU_SOURCE conftest.c
configure:14346: $? = 0
configure:14346: result: yes
configure:14346: checking for pthread.h
configure:14346: result: yes
configure:14358: checking sys/resource.h usability
configure:14358: mpicc -c  -D_GNU_SOURCE conftest.c >&5
configure:14358: $? = 0
configure:14358: result: yes
configure:14358: checking sys/resource.h presence
configure:14358: mpicc -E -D_GNU_SOURCE conftest.c
configure:14358: $? = 0
configure:14358: result: yes
configure:14358: checking for sys/resource.h
configure:14358: result: yes
configure:14372: checking sys/time.h usability
configure:14372: mpicc -c  -D_GNU_SOURCE conftest.c >&5
configure:14372: $? = 0
configure:14372: result: yes
configure:14372: checking sys/time.h presence
configure:14372: mpicc -E -D_GNU_SOURCE conftest.c
configure:14372: $? = 0
configure:14372: result: yes
configure:14372: checking for sys/time.h
configure:14372: result: yes
configure:14386: checking for stdint.h
configure:14386: result: yes
configure:14416: result: checking wether debug information is enabled... no
configure:14424: checking for gettimeofday
configure:14424: mpicc -o conftest  -D_GNU_SOURCE  conftest.c  -lpthread >&5
configure:14424: $? = 0
configure:14424: result: yes
configure:14424: checking for bzero
configure:14424: mpicc -o conftest  -D_GNU_SOURCE  conftest.c  -lpthread >&5
conftest.c:55:6: warning: conflicting types for built-in function 'bzero' [enabled by default]
configure:14424: $? = 0
configure:14424: result: yes
configure:14424: checking for memset
configure:14424: mpicc -o conftest  -D_GNU_SOURCE  conftest.c  -lpthread >&5
conftest.c:56:6: warning: conflicting types for built-in function 'memset' [enabled by default]
configure:14424: $? = 0
configure:14424: result: yes
configure:14424: checking for memcpy
configure:14424: mpicc -o conftest  -D_GNU_SOURCE  conftest.c  -lpthread >&5
conftest.c:57:6: warning: conflicting types for built-in function 'memcpy' [enabled by default]
configure:14424: $? = 0
configure:14424: result: yes
configure:14424: checking for bcopy
configure:14424: mpicc -o conftest  -D_GNU_SOURCE  conftest.c  -lpthread >&5
conftest.c:58:6: warning: conflicting types for built-in function 'bcopy' [enabled by default]
configure:14424: $? = 0
configure:14424: result: yes
configure:14596: creating ./config.status

## ---------------------- ##
## Running config.status. ##
## ---------------------- ##

This file was extended by spatialindex config.status 1.5.0, which was
generated by GNU Autoconf 2.64.  Invocation command line was

  CONFIG_FILES    = 
  CONFIG_HEADERS  = 
  CONFIG_LINKS    = 
  CONFIG_COMMANDS = 
  $ ./config.status 

on Imperial

config.status:1059: creating Makefile
config.status:1059: creating include/Makefile
config.status:1059: creating include/capi/Makefile
config.status:1059: creating include/tools/Makefile
config.status:1059: creating src/Makefile
config.status:1059: creating src/capi/Makefile
config.status:1059: creating src/spatialindex/Makefile
config.status:1059: creating src/storagemanager/Makefile
config.status:1059: creating src/rtree/Makefile
config.status:1059: creating src/mvrtree/Makefile
config.status:1059: creating src/tprtree/Makefile
config.status:1059: creating src/tools/Makefile
config.status:1059: creating regressiontest/Makefile
config.status:1059: creating regressiontest/rtree/Makefile
config.status:1059: creating regressiontest/mvrtree/Makefile
config.status:1059: creating regressiontest/tprtree/Makefile
config.status:1222: executing libtool commands
config.status:1222: executing depfiles commands

## ---------------- ##
## Cache variables. ##
## ---------------- ##

ac_cv_build=x86_64-unknown-linux-gnu
ac_cv_c_compiler_gnu=yes
ac_cv_cxx_compiler_gnu=yes
ac_cv_env_CCC_set=
ac_cv_env_CCC_value=
ac_cv_env_CC_set=set
ac_cv_env_CC_value=mpicc
ac_cv_env_CFLAGS_set=set
ac_cv_env_CFLAGS_value=
ac_cv_env_CPPFLAGS_set=set
ac_cv_env_CPPFLAGS_value=-D_GNU_SOURCE
ac_cv_env_CPP_set=
ac_cv_env_CPP_value=
ac_cv_env_CXXCPP_set=
ac_cv_env_CXXCPP_value=
ac_cv_env_CXXFLAGS_set=set
ac_cv_env_CXXFLAGS_value=
ac_cv_env_CXX_set=set
ac_cv_env_CXX_value=mpicxx
ac_cv_env_LDFLAGS_set=
ac_cv_env_LDFLAGS_value=
ac_cv_env_LIBS_set=set
ac_cv_env_LIBS_value=
ac_cv_env_build_alias_set=
ac_cv_env_build_alias_value=
ac_cv_env_host_alias_set=
ac_cv_env_host_alias_value=
ac_cv_env_target_alias_set=
ac_cv_env_target_alias_value=
ac_cv_func_bcopy=yes
ac_cv_func_bzero=yes
ac_cv_func_gettimeofday=yes
ac_cv_func_memcpy=yes
ac_cv_func_memset=yes
ac_cv_header_dlfcn_h=yes
ac_cv_header_fcntl_h=yes
ac_cv_header_inttypes_h=yes
ac_cv_header_memory_h=yes
ac_cv_header_pthread_h=yes
ac_cv_header_stdc=yes
ac_cv_header_stdint_h=yes
ac_cv_header_stdlib_h=yes
ac_cv_header_string_h=yes
ac_cv_header_strings_h=yes
ac_cv_header_sys_resource_h=yes
ac_cv_header_sys_stat_h=yes
ac_cv_header_sys_time_h=yes
ac_cv_header_sys_types_h=yes
ac_cv_header_unistd_h=yes
ac_cv_host=x86_64-unknown-linux-gnu
ac_cv_objext=o
ac_cv_path_EGREP='/bin/grep -E'
ac_cv_path_FGREP='/bin/grep -F'
ac_cv_path_GREP=/bin/grep
ac_cv_path_SED=/bin/sed
ac_cv_path_install='/usr/bin/install -c'
ac_cv_path_mkdir=/bin/mkdir
ac_cv_prog_AWK=gawk
ac_cv_prog_CPP='mpicc -E'
ac_cv_prog_CXXCPP='mpicxx -E'
ac_cv_prog_ac_ct_AR=ar
ac_cv_prog_ac_ct_CC=mpicc
ac_cv_prog_ac_ct_OBJDUMP=objdump
ac_cv_prog_ac_ct_RANLIB=ranlib
ac_cv_prog_ac_ct_STRIP=strip
ac_cv_prog_cc_c89=
ac_cv_prog_cc_g=yes
ac_cv_prog_cxx_g=yes
ac_cv_prog_make_make_set=yes
am_cv_CC_dependencies_compiler_type=gcc3
am_cv_CXX_dependencies_compiler_type=gcc3
lt_cv_deplibs_check_method=pass_all
lt_cv_file_magic_cmd='$MAGIC_CMD'
lt_cv_file_magic_test_file=
lt_cv_ld_reload_flag=-r
lt_cv_nm_interface='BSD nm'
lt_cv_objdir=.libs
lt_cv_path_LD=/usr/bin/ld
lt_cv_path_LDCXX='/usr/bin/ld -m elf_x86_64'
lt_cv_path_NM='/usr/bin/nm -B'
lt_cv_prog_compiler_c_o=yes
lt_cv_prog_compiler_c_o_CXX=yes
lt_cv_prog_compiler_pic_works=yes
lt_cv_prog_compiler_pic_works_CXX=yes
lt_cv_prog_compiler_rtti_exceptions=no
lt_cv_prog_compiler_static_works=no
lt_cv_prog_compiler_static_works_CXX=no
lt_cv_prog_gnu_ld=yes
lt_cv_prog_gnu_ldcxx=yes
lt_cv_sys_global_symbol_pipe='sed -n -e '\''s/^.*[	 ]\([ABCDGIRSTW][ABCDGIRSTW]*\)[	 ][	 ]*\([_A-Za-z][_A-Za-z0-9]*\)$/\1 \2 \2/p'\'''
lt_cv_sys_global_symbol_to_c_name_address='sed -n -e '\''s/^: \([^ ]*\) $/  {\"\1\", (void *) 0},/p'\'' -e '\''s/^[ABCDGIRSTW]* \([^ ]*\) \([^ ]*\)$/  {"\2", (void *) \&\2},/p'\'''
lt_cv_sys_global_symbol_to_c_name_address_lib_prefix='sed -n -e '\''s/^: \([^ ]*\) $/  {\"\1\", (void *) 0},/p'\'' -e '\''s/^[ABCDGIRSTW]* \([^ ]*\) \(lib[^ ]*\)$/  {"\2", (void *) \&\2},/p'\'' -e '\''s/^[ABCDGIRSTW]* \([^ ]*\) \([^ ]*\)$/  {"lib\2", (void *) \&\2},/p'\'''
lt_cv_sys_global_symbol_to_cdecl='sed -n -e '\''s/^T .* \(.*\)$/extern int \1();/p'\'' -e '\''s/^[ABCDGIRSTW]* .* \(.*\)$/extern char \1;/p'\'''
lt_cv_sys_max_cmd_len=1572864

## ----------------- ##
## Output variables. ##
## ----------------- ##

ACLOCAL='${SHELL} /home/pablo/temporary/miau/MultiFluids_Dev/spatialindex-1.5/missing --run aclocal-1.11'
AMDEPBACKSLASH='\'
AMDEP_FALSE='#'
AMDEP_TRUE=''
AMTAR='${SHELL} /home/pablo/temporary/miau/MultiFluids_Dev/spatialindex-1.5/missing --run tar'
AR='ar'
AUTOCONF='${SHELL} /home/pablo/temporary/miau/MultiFluids_Dev/spatialindex-1.5/missing --run autoconf'
AUTOHEADER='${SHELL} /home/pablo/temporary/miau/MultiFluids_Dev/spatialindex-1.5/missing --run autoheader'
AUTOMAKE='${SHELL} /home/pablo/temporary/miau/MultiFluids_Dev/spatialindex-1.5/missing --run automake-1.11'
AWK='gawk'
CC='mpicc'
CCDEPMODE='depmode=gcc3'
CFLAGS=''
CPP='mpicc -E'
CPPFLAGS='-D_GNU_SOURCE'
CXX='mpicxx'
CXXCPP='mpicxx -E'
CXXDEPMODE='depmode=gcc3'
CXXFLAGS=' -O2 -DNDEBUG'
CYGPATH_W='echo'
DEFS='-DPACKAGE_NAME=\"spatialindex\" -DPACKAGE_TARNAME=\"spatialindex-src\" -DPACKAGE_VERSION=\"1.5.0\" -DPACKAGE_STRING=\"spatialindex-1.5.0\" -DPACKAGE_BUGREPORT=\"mhadji@gmail.com\" -DPACKAGE_URL=\"\" -DSTDC_HEADERS=1 -DHAVE_SYS_TYPES_H=1 -DHAVE_SYS_STAT_H=1 -DHAVE_STDLIB_H=1 -DHAVE_STRING_H=1 -DHAVE_MEMORY_H=1 -DHAVE_STRINGS_H=1 -DHAVE_INTTYPES_H=1 -DHAVE_STDINT_H=1 -DHAVE_UNISTD_H=1 -DHAVE_DLFCN_H=1 -DLT_OBJDIR=\".libs/\" -DPACKAGE=\"spatialindex-src\" -DVERSION=\"1.5.0\" -DHAVE_FCNTL_H=1 -DHAVE_UNISTD_H=1 -DHAVE_SYS_TYPES_H=1 -DHAVE_SYS_STAT_H=1 -DHAVE_PTHREAD_H=1 -DHAVE_SYS_RESOURCE_H=1 -DHAVE_SYS_TIME_H=1 -DHAVE_STDINT_H=1 -DHAVE_GETTIMEOFDAY=1 -DHAVE_BZERO=1 -DHAVE_MEMSET=1 -DHAVE_MEMCPY=1 -DHAVE_BCOPY=1'
DEPDIR='.deps'
DSYMUTIL=''
DUMPBIN=''
ECHO_C=''
ECHO_N='-n'
ECHO_T=''
EGREP='/bin/grep -E'
EXEEXT=''
FGREP='/bin/grep -F'
GREP='/bin/grep'
INSTALL_DATA='${INSTALL} -m 644'
INSTALL_PROGRAM='${INSTALL}'
INSTALL_SCRIPT='${INSTALL}'
INSTALL_STRIP_PROGRAM='$(install_sh) -c -s'
LD='/usr/bin/ld -m elf_x86_64'
LDFLAGS=''
LIBOBJS=''
LIBS=' -lpthread'
LIBTOOL='$(SHELL) $(top_builddir)/libtool'
LIPO=''
LN_S='ln -s'
LTLIBOBJS=''
MAKEINFO='${SHELL} /home/pablo/temporary/miau/MultiFluids_Dev/spatialindex-1.5/missing --run makeinfo'
MKDIR_P='/bin/mkdir -p'
NM='/usr/bin/nm -B'
NMEDIT=''
OBJDUMP='objdump'
OBJEXT='o'
OTOOL64=''
OTOOL=''
PACKAGE='spatialindex-src'
PACKAGE_BUGREPORT='mhadji@gmail.com'
PACKAGE_NAME='spatialindex'
PACKAGE_STRING='spatialindex-1.5.0'
PACKAGE_TARNAME='spatialindex-src'
PACKAGE_URL=''
PACKAGE_VERSION='1.5.0'
PATH_SEPARATOR=':'
RANLIB='ranlib'
SED='/bin/sed'
SET_MAKE=''
SHELL='/bin/bash'
STRIP='strip'
VERSION='1.5.0'
ac_ct_CC='mpicc'
ac_ct_CXX=''
ac_ct_DUMPBIN=''
am__EXEEXT_FALSE=''
am__EXEEXT_TRUE='#'
am__fastdepCC_FALSE='#'
am__fastdepCC_TRUE=''
am__fastdepCXX_FALSE='#'
am__fastdepCXX_TRUE=''
am__include='include'
am__isrc=''
am__leading_dot='.'
am__quote=''
am__tar='${AMTAR} chof - "$$tardir"'
am__untar='${AMTAR} xf -'
bindir='${exec_prefix}/bin'
build='x86_64-unknown-linux-gnu'
build_alias=''
build_cpu='x86_64'
build_os='linux-gnu'
build_vendor='unknown'
datadir='${datarootdir}'
datarootdir='${prefix}/share'
docdir='${datarootdir}/doc/${PACKAGE_TARNAME}'
dvidir='${docdir}'
exec_prefix='${prefix}'
host='x86_64-unknown-linux-gnu'
host_alias=''
host_cpu='x86_64'
host_os='linux-gnu'
host_vendor='unknown'
htmldir='${docdir}'
includedir='${prefix}/include'
infodir='${datarootdir}/info'
install_sh='${SHELL} /home/pablo/temporary/miau/MultiFluids_Dev/spatialindex-1.5/install-sh'
libdir='${exec_prefix}/lib'
libexecdir='${exec_prefix}/libexec'
localedir='${datarootdir}/locale'
localstatedir='${prefix}/var'
lt_ECHO='echo'
mandir='${datarootdir}/man'
mkdir_p='/bin/mkdir -p'
oldincludedir='/usr/include'
pdfdir='${docdir}'
prefix='/home/pablo/temporary/miau/MultiFluids_Dev/spatialindex-1.5/..'
program_transform_name='s,x,x,'
psdir='${docdir}'
sbindir='${exec_prefix}/sbin'
sharedstatedir='${prefix}/com'
sysconfdir='${prefix}/etc'
target_alias=''

## ----------- ##
## confdefs.h. ##
## ----------- ##

/* confdefs.h */
#define PACKAGE_NAME "spatialindex"
#define PACKAGE_TARNAME "spatialindex-src"
#define PACKAGE_VERSION "1.5.0"
#define PACKAGE_STRING "spatialindex-1.5.0"
#define PACKAGE_BUGREPORT "mhadji@gmail.com"
#define PACKAGE_URL ""
#define STDC_HEADERS 1
#define HAVE_SYS_TYPES_H 1
#define HAVE_SYS_STAT_H 1
#define HAVE_STDLIB_H 1
#define HAVE_STRING_H 1
#define HAVE_MEMORY_H 1
#define HAVE_STRINGS_H 1
#define HAVE_INTTYPES_H 1
#define HAVE_STDINT_H 1
#define HAVE_UNISTD_H 1
#define HAVE_DLFCN_H 1
#define LT_OBJDIR ".libs/"
#define PACKAGE "spatialindex-src"
#define VERSION "1.5.0"
#define HAVE_FCNTL_H 1
#define HAVE_UNISTD_H 1
#define HAVE_SYS_TYPES_H 1
#define HAVE_SYS_STAT_H 1
#define HAVE_PTHREAD_H 1
#define HAVE_SYS_RESOURCE_H 1
#define HAVE_SYS_TIME_H 1
#define HAVE_STDINT_H 1
#define HAVE_GETTIMEOFDAY 1
#define HAVE_BZERO 1
#define HAVE_MEMSET 1
#define HAVE_MEMCPY 1
#define HAVE_BCOPY 1

configure: exit 0
