This file contains any messages produced by compilers while
running configure, to aid debugging if configure makes a mistake.

It was created by configure, which was
generated by GNU Autoconf 2.61.  Invocation command line was

  $ ./configure 

## --------- ##
## Platform. ##
## --------- ##

hostname = A4810TZ
uname -m = x86_64
uname -r = 3.11.0-15-generic
uname -s = Linux
uname -v = #25-Ubuntu SMP Thu Jan 30 17:22:01 UTC 2014

/usr/bin/uname -p = unknown
/bin/uname -X     = unknown

/bin/arch              = unknown
/usr/bin/arch -k       = unknown
/usr/convex/getsysinfo = unknown
/usr/bin/hostinfo      = unknown
/bin/machine           = unknown
/usr/bin/oslevel       = unknown
/bin/universe          = unknown

PATH: /home/richard/bin
PATH: /usr/lib/lightdm/lightdm
PATH: /usr/local/sbin
PATH: /usr/local/bin
PATH: /usr/sbin
PATH: /usr/bin
PATH: /sbin
PATH: /bin
PATH: /usr/games
PATH: /usr/local/games
PATH: /home/richard/bin


## ----------- ##
## Core tests. ##
## ----------- ##

configure:1822: checking build system type
configure:1840: result: x86_64-unknown-linux-gnu
configure:1862: checking host system type
configure:1877: result: x86_64-unknown-linux-gnu
configure:1901: *** Fishing for legacy fortran compiler.
configure:2013: checking for Fortran 77 compiler version
configure:2020: gfortran --version >&5
GNU Fortran (Ubuntu/Linaro 4.8.1-10ubuntu9) 4.8.1
Copyright (C) 2013 Free Software Foundation, Inc.

GNU Fortran comes with NO WARRANTY, to the extent permitted by law.
You may redistribute copies of GNU Fortran
under the terms of the GNU General Public License.
For more information about these matters, see the file named COPYING

configure:2023: $? = 0
configure:2030: gfortran -v >&5
Using built-in specs.
COLLECT_GCC=gfortran
COLLECT_LTO_WRAPPER=/usr/lib/gcc/x86_64-linux-gnu/4.8/lto-wrapper
Target: x86_64-linux-gnu
Configured with: ../src/configure -v --with-pkgversion='Ubuntu/Linaro 4.8.1-10ubuntu9' --with-bugurl=file:///usr/share/doc/gcc-4.8/README.Bugs --enable-languages=c,c++,java,go,d,fortran,objc,obj-c++ --prefix=/usr --program-suffix=-4.8 --enable-shared --enable-linker-build-id --libexecdir=/usr/lib --without-included-gettext --enable-threads=posix --with-gxx-include-dir=/usr/include/c++/4.8 --libdir=/usr/lib --enable-nls --with-sysroot=/ --enable-clocale=gnu --enable-libstdcxx-debug --enable-libstdcxx-time=yes --enable-gnu-unique-object --enable-plugin --with-system-zlib --disable-browser-plugin --enable-java-awt=gtk --enable-gtk-cairo --with-java-home=/usr/lib/jvm/java-1.5.0-gcj-4.8-amd64/jre --enable-java-home --with-jvm-root-dir=/usr/lib/jvm/java-1.5.0-gcj-4.8-amd64 --with-jvm-jar-dir=/usr/lib/jvm-exports/java-1.5.0-gcj-4.8-amd64 --with-arch-directory=amd64 --with-ecj-jar=/usr/share/java/eclipse-ecj.jar --enable-objc-gc --enable-multiarch --disable-werror --with-arch-32=i686 --with-abi=m64 --with-multilib-list=m32,m64,mx32 --with-tune=generic --enable-checking=release --build=x86_64-linux-gnu --host=x86_64-linux-gnu --target=x86_64-linux-gnu
Thread model: posix
gcc version 4.8.1 (Ubuntu/Linaro 4.8.1-10ubuntu9) 
configure:2033: $? = 0
configure:2040: gfortran -V >&5
gfortran: error: unrecognized command line option '-V'
gfortran: fatal error: no input files
compilation terminated.
configure:2043: $? = 4
configure:2057: checking for Fortran 77 compiler default output file name
configure:2084: gfortran     conftest.f  >&5
configure:2087: $? = 0
configure:2125: result: a.out
configure:2142: checking whether the Fortran 77 compiler works
configure:2152: ./a.out
configure:2155: $? = 0
configure:2172: result: yes
configure:2179: checking whether we are cross compiling
configure:2181: result: no
configure:2184: checking for suffix of executables
configure:2191: gfortran -o conftest     conftest.f  >&5
configure:2194: $? = 0
configure:2218: result: 
configure:2224: checking for suffix of object files
configure:2240: gfortran -c    conftest.f >&5
configure:2243: $? = 0
configure:2266: result: o
configure:2274: checking whether we are using the GNU Fortran 77 compiler
configure:2293: gfortran -c    conftest.F >&5
configure:2299: $? = 0
configure:2316: result: yes
configure:2322: checking whether gfortran accepts -g
configure:2339: gfortran -c -g conftest.f >&5
configure:2345: $? = 0
configure:2361: result: yes
configure:2391: checking how to get verbose linking output from gfortran
configure:2407: gfortran -c    conftest.f >&5
configure:2413: $? = 0
configure:2435: gfortran -o conftest -v conftest.f
Using built-in specs.
COLLECT_GCC=gfortran
COLLECT_LTO_WRAPPER=/usr/lib/gcc/x86_64-linux-gnu/4.8/lto-wrapper
Target: x86_64-linux-gnu
Configured with: ../src/configure -v --with-pkgversion='Ubuntu/Linaro 4.8.1-10ubuntu9' --with-bugurl=file:///usr/share/doc/gcc-4.8/README.Bugs --enable-languages=c,c++,java,go,d,fortran,objc,obj-c++ --prefix=/usr --program-suffix=-4.8 --enable-shared --enable-linker-build-id --libexecdir=/usr/lib --without-included-gettext --enable-threads=posix --with-gxx-include-dir=/usr/include/c++/4.8 --libdir=/usr/lib --enable-nls --with-sysroot=/ --enable-clocale=gnu --enable-libstdcxx-debug --enable-libstdcxx-time=yes --enable-gnu-unique-object --enable-plugin --with-system-zlib --disable-browser-plugin --enable-java-awt=gtk --enable-gtk-cairo --with-java-home=/usr/lib/jvm/java-1.5.0-gcj-4.8-amd64/jre --enable-java-home --with-jvm-root-dir=/usr/lib/jvm/java-1.5.0-gcj-4.8-amd64 --with-jvm-jar-dir=/usr/lib/jvm-exports/java-1.5.0-gcj-4.8-amd64 --with-arch-directory=amd64 --with-ecj-jar=/usr/share/java/eclipse-ecj.jar --enable-objc-gc --enable-multiarch --disable-werror --with-arch-32=i686 --with-abi=m64 --with-multilib-list=m32,m64,mx32 --with-tune=generic --enable-checking=release --build=x86_64-linux-gnu --host=x86_64-linux-gnu --target=x86_64-linux-gnu
Thread model: posix
gcc version 4.8.1 (Ubuntu/Linaro 4.8.1-10ubuntu9) 
COLLECT_GCC_OPTIONS='-o' 'conftest' '-v' '-shared-libgcc' '-mtune=generic' '-march=x86-64'
 /usr/lib/gcc/x86_64-linux-gnu/4.8/f951 conftest.f -ffixed-form -quiet -dumpbase conftest.f -mtune=generic -march=x86-64 -auxbase conftest -version -fintrinsic-modules-path /usr/lib/gcc/x86_64-linux-gnu/4.8/finclude -o /tmp/ccrD1Zd4.s
GNU Fortran (Ubuntu/Linaro 4.8.1-10ubuntu9) version 4.8.1 (x86_64-linux-gnu)
	compiled by GNU C version 4.8.1, GMP version 5.1.2, MPFR version 3.1.1-p2, MPC version 1.0.1
GGC heuristics: --param ggc-min-expand=100 --param ggc-min-heapsize=131072
GNU Fortran (Ubuntu/Linaro 4.8.1-10ubuntu9) version 4.8.1 (x86_64-linux-gnu)
	compiled by GNU C version 4.8.1, GMP version 5.1.2, MPFR version 3.1.1-p2, MPC version 1.0.1
GGC heuristics: --param ggc-min-expand=100 --param ggc-min-heapsize=131072
COLLECT_GCC_OPTIONS='-o' 'conftest' '-v' '-shared-libgcc' '-mtune=generic' '-march=x86-64'
 as -v --64 -o /tmp/ccPbPzHz.o /tmp/ccrD1Zd4.s
GNU assembler version 2.23.52 (x86_64-linux-gnu) using BFD version (GNU Binutils for Ubuntu) 2.23.52.20130913
Reading specs from /usr/lib/gcc/x86_64-linux-gnu/4.8/libgfortran.spec
rename spec lib to liborig
COLLECT_GCC_OPTIONS='-o' 'conftest' '-v' '-shared-libgcc' '-mtune=generic' '-march=x86-64'
COMPILER_PATH=/usr/lib/gcc/x86_64-linux-gnu/4.8/:/usr/lib/gcc/x86_64-linux-gnu/4.8/:/usr/lib/gcc/x86_64-linux-gnu/:/usr/lib/gcc/x86_64-linux-gnu/4.8/:/usr/lib/gcc/x86_64-linux-gnu/
LIBRARY_PATH=/usr/lib/gcc/x86_64-linux-gnu/4.8/:/usr/lib/gcc/x86_64-linux-gnu/4.8/../../../x86_64-linux-gnu/:/usr/lib/gcc/x86_64-linux-gnu/4.8/../../../../lib/:/lib/x86_64-linux-gnu/:/lib/../lib/:/usr/lib/x86_64-linux-gnu/:/usr/lib/../lib/:/usr/lib/gcc/x86_64-linux-gnu/4.8/../../../:/lib/:/usr/lib/
COLLECT_GCC_OPTIONS='-o' 'conftest' '-v' '-shared-libgcc' '-mtune=generic' '-march=x86-64'
 /usr/lib/gcc/x86_64-linux-gnu/4.8/collect2 --sysroot=/ --build-id --eh-frame-hdr -m elf_x86_64 --hash-style=gnu --as-needed -dynamic-linker /lib64/ld-linux-x86-64.so.2 -z relro -o conftest /usr/lib/gcc/x86_64-linux-gnu/4.8/../../../x86_64-linux-gnu/crt1.o /usr/lib/gcc/x86_64-linux-gnu/4.8/../../../x86_64-linux-gnu/crti.o /usr/lib/gcc/x86_64-linux-gnu/4.8/crtbegin.o -L/usr/lib/gcc/x86_64-linux-gnu/4.8 -L/usr/lib/gcc/x86_64-linux-gnu/4.8/../../../x86_64-linux-gnu -L/usr/lib/gcc/x86_64-linux-gnu/4.8/../../../../lib -L/lib/x86_64-linux-gnu -L/lib/../lib -L/usr/lib/x86_64-linux-gnu -L/usr/lib/../lib -L/usr/lib/gcc/x86_64-linux-gnu/4.8/../../.. /tmp/ccPbPzHz.o -lgfortran -lm -lgcc_s -lgcc -lquadmath -lm -lgcc_s -lgcc -lc -lgcc_s -lgcc /usr/lib/gcc/x86_64-linux-gnu/4.8/crtend.o /usr/lib/gcc/x86_64-linux-gnu/4.8/../../../x86_64-linux-gnu/crtn.o
configure:2501: result: -v
configure:2503: checking for Fortran 77 libraries of gfortran
configure:2526: gfortran -o conftest -v conftest.f
Using built-in specs.
COLLECT_GCC=gfortran
COLLECT_LTO_WRAPPER=/usr/lib/gcc/x86_64-linux-gnu/4.8/lto-wrapper
Target: x86_64-linux-gnu
Configured with: ../src/configure -v --with-pkgversion='Ubuntu/Linaro 4.8.1-10ubuntu9' --with-bugurl=file:///usr/share/doc/gcc-4.8/README.Bugs --enable-languages=c,c++,java,go,d,fortran,objc,obj-c++ --prefix=/usr --program-suffix=-4.8 --enable-shared --enable-linker-build-id --libexecdir=/usr/lib --without-included-gettext --enable-threads=posix --with-gxx-include-dir=/usr/include/c++/4.8 --libdir=/usr/lib --enable-nls --with-sysroot=/ --enable-clocale=gnu --enable-libstdcxx-debug --enable-libstdcxx-time=yes --enable-gnu-unique-object --enable-plugin --with-system-zlib --disable-browser-plugin --enable-java-awt=gtk --enable-gtk-cairo --with-java-home=/usr/lib/jvm/java-1.5.0-gcj-4.8-amd64/jre --enable-java-home --with-jvm-root-dir=/usr/lib/jvm/java-1.5.0-gcj-4.8-amd64 --with-jvm-jar-dir=/usr/lib/jvm-exports/java-1.5.0-gcj-4.8-amd64 --with-arch-directory=amd64 --with-ecj-jar=/usr/share/java/eclipse-ecj.jar --enable-objc-gc --enable-multiarch --disable-werror --with-arch-32=i686 --with-abi=m64 --with-multilib-list=m32,m64,mx32 --with-tune=generic --enable-checking=release --build=x86_64-linux-gnu --host=x86_64-linux-gnu --target=x86_64-linux-gnu
Thread model: posix
gcc version 4.8.1 (Ubuntu/Linaro 4.8.1-10ubuntu9) 
COLLECT_GCC_OPTIONS='-o' 'conftest' '-v' '-shared-libgcc' '-mtune=generic' '-march=x86-64'
 /usr/lib/gcc/x86_64-linux-gnu/4.8/f951 conftest.f -ffixed-form -quiet -dumpbase conftest.f -mtune=generic -march=x86-64 -auxbase conftest -version -fintrinsic-modules-path /usr/lib/gcc/x86_64-linux-gnu/4.8/finclude -o /tmp/cchtVHXa.s
GNU Fortran (Ubuntu/Linaro 4.8.1-10ubuntu9) version 4.8.1 (x86_64-linux-gnu)
	compiled by GNU C version 4.8.1, GMP version 5.1.2, MPFR version 3.1.1-p2, MPC version 1.0.1
GGC heuristics: --param ggc-min-expand=100 --param ggc-min-heapsize=131072
GNU Fortran (Ubuntu/Linaro 4.8.1-10ubuntu9) version 4.8.1 (x86_64-linux-gnu)
	compiled by GNU C version 4.8.1, GMP version 5.1.2, MPFR version 3.1.1-p2, MPC version 1.0.1
GGC heuristics: --param ggc-min-expand=100 --param ggc-min-heapsize=131072
COLLECT_GCC_OPTIONS='-o' 'conftest' '-v' '-shared-libgcc' '-mtune=generic' '-march=x86-64'
 as -v --64 -o /tmp/ccrSowDG.o /tmp/cchtVHXa.s
GNU assembler version 2.23.52 (x86_64-linux-gnu) using BFD version (GNU Binutils for Ubuntu) 2.23.52.20130913
Reading specs from /usr/lib/gcc/x86_64-linux-gnu/4.8/libgfortran.spec
rename spec lib to liborig
COLLECT_GCC_OPTIONS='-o' 'conftest' '-v' '-shared-libgcc' '-mtune=generic' '-march=x86-64'
COMPILER_PATH=/usr/lib/gcc/x86_64-linux-gnu/4.8/:/usr/lib/gcc/x86_64-linux-gnu/4.8/:/usr/lib/gcc/x86_64-linux-gnu/:/usr/lib/gcc/x86_64-linux-gnu/4.8/:/usr/lib/gcc/x86_64-linux-gnu/
LIBRARY_PATH=/usr/lib/gcc/x86_64-linux-gnu/4.8/:/usr/lib/gcc/x86_64-linux-gnu/4.8/../../../x86_64-linux-gnu/:/usr/lib/gcc/x86_64-linux-gnu/4.8/../../../../lib/:/lib/x86_64-linux-gnu/:/lib/../lib/:/usr/lib/x86_64-linux-gnu/:/usr/lib/../lib/:/usr/lib/gcc/x86_64-linux-gnu/4.8/../../../:/lib/:/usr/lib/
COLLECT_GCC_OPTIONS='-o' 'conftest' '-v' '-shared-libgcc' '-mtune=generic' '-march=x86-64'
 /usr/lib/gcc/x86_64-linux-gnu/4.8/collect2 --sysroot=/ --build-id --eh-frame-hdr -m elf_x86_64 --hash-style=gnu --as-needed -dynamic-linker /lib64/ld-linux-x86-64.so.2 -z relro -o conftest /usr/lib/gcc/x86_64-linux-gnu/4.8/../../../x86_64-linux-gnu/crt1.o /usr/lib/gcc/x86_64-linux-gnu/4.8/../../../x86_64-linux-gnu/crti.o /usr/lib/gcc/x86_64-linux-gnu/4.8/crtbegin.o -L/usr/lib/gcc/x86_64-linux-gnu/4.8 -L/usr/lib/gcc/x86_64-linux-gnu/4.8/../../../x86_64-linux-gnu -L/usr/lib/gcc/x86_64-linux-gnu/4.8/../../../../lib -L/lib/x86_64-linux-gnu -L/lib/../lib -L/usr/lib/x86_64-linux-gnu -L/usr/lib/../lib -L/usr/lib/gcc/x86_64-linux-gnu/4.8/../../.. /tmp/ccrSowDG.o -lgfortran -lm -lgcc_s -lgcc -lquadmath -lm -lgcc_s -lgcc -lc -lgcc_s -lgcc /usr/lib/gcc/x86_64-linux-gnu/4.8/crtend.o /usr/lib/gcc/x86_64-linux-gnu/4.8/../../../x86_64-linux-gnu/crtn.o
configure:2700: result:  -L/usr/lib/gcc/x86_64-linux-gnu/4.8 -L/usr/lib/gcc/x86_64-linux-gnu/4.8/../../../x86_64-linux-gnu -L/usr/lib/gcc/x86_64-linux-gnu/4.8/../../../../lib -L/lib/x86_64-linux-gnu -L/lib/../lib -L/usr/lib/x86_64-linux-gnu -L/usr/lib/../lib -L/usr/lib/gcc/x86_64-linux-gnu/4.8/../../.. -lgfortran -lm -lquadmath
configure:2713: *** Fishing for modern Fortran compiler
configure:2825: checking for Fortran compiler version
configure:2832: gfortran --version >&5
GNU Fortran (Ubuntu/Linaro 4.8.1-10ubuntu9) 4.8.1
Copyright (C) 2013 Free Software Foundation, Inc.

GNU Fortran comes with NO WARRANTY, to the extent permitted by law.
You may redistribute copies of GNU Fortran
under the terms of the GNU General Public License.
For more information about these matters, see the file named COPYING

configure:2835: $? = 0
configure:2842: gfortran -v >&5
Using built-in specs.
COLLECT_GCC=gfortran
COLLECT_LTO_WRAPPER=/usr/lib/gcc/x86_64-linux-gnu/4.8/lto-wrapper
Target: x86_64-linux-gnu
Configured with: ../src/configure -v --with-pkgversion='Ubuntu/Linaro 4.8.1-10ubuntu9' --with-bugurl=file:///usr/share/doc/gcc-4.8/README.Bugs --enable-languages=c,c++,java,go,d,fortran,objc,obj-c++ --prefix=/usr --program-suffix=-4.8 --enable-shared --enable-linker-build-id --libexecdir=/usr/lib --without-included-gettext --enable-threads=posix --with-gxx-include-dir=/usr/include/c++/4.8 --libdir=/usr/lib --enable-nls --with-sysroot=/ --enable-clocale=gnu --enable-libstdcxx-debug --enable-libstdcxx-time=yes --enable-gnu-unique-object --enable-plugin --with-system-zlib --disable-browser-plugin --enable-java-awt=gtk --enable-gtk-cairo --with-java-home=/usr/lib/jvm/java-1.5.0-gcj-4.8-amd64/jre --enable-java-home --with-jvm-root-dir=/usr/lib/jvm/java-1.5.0-gcj-4.8-amd64 --with-jvm-jar-dir=/usr/lib/jvm-exports/java-1.5.0-gcj-4.8-amd64 --with-arch-directory=amd64 --with-ecj-jar=/usr/share/java/eclipse-ecj.jar --enable-objc-gc --enable-multiarch --disable-werror --with-arch-32=i686 --with-abi=m64 --with-multilib-list=m32,m64,mx32 --with-tune=generic --enable-checking=release --build=x86_64-linux-gnu --host=x86_64-linux-gnu --target=x86_64-linux-gnu
Thread model: posix
gcc version 4.8.1 (Ubuntu/Linaro 4.8.1-10ubuntu9) 
configure:2845: $? = 0
configure:2852: gfortran -V >&5
gfortran: error: unrecognized command line option '-V'
gfortran: fatal error: no input files
compilation terminated.
configure:2855: $? = 4
configure:2863: checking whether we are using the GNU Fortran compiler
configure:2882: gfortran -c     conftest.F >&5
configure:2888: $? = 0
configure:2905: result: yes
configure:2911: checking whether gfortran accepts -g
configure:2928: gfortran -c -g  conftest.f >&5
configure:2934: $? = 0
configure:2950: result: yes
configure:2979: checking how to get verbose linking output from gfortran
configure:2995: gfortran -c     conftest.f >&5
configure:3001: $? = 0
configure:3023: gfortran -o conftest -v conftest.f
Using built-in specs.
COLLECT_GCC=gfortran
COLLECT_LTO_WRAPPER=/usr/lib/gcc/x86_64-linux-gnu/4.8/lto-wrapper
Target: x86_64-linux-gnu
Configured with: ../src/configure -v --with-pkgversion='Ubuntu/Linaro 4.8.1-10ubuntu9' --with-bugurl=file:///usr/share/doc/gcc-4.8/README.Bugs --enable-languages=c,c++,java,go,d,fortran,objc,obj-c++ --prefix=/usr --program-suffix=-4.8 --enable-shared --enable-linker-build-id --libexecdir=/usr/lib --without-included-gettext --enable-threads=posix --with-gxx-include-dir=/usr/include/c++/4.8 --libdir=/usr/lib --enable-nls --with-sysroot=/ --enable-clocale=gnu --enable-libstdcxx-debug --enable-libstdcxx-time=yes --enable-gnu-unique-object --enable-plugin --with-system-zlib --disable-browser-plugin --enable-java-awt=gtk --enable-gtk-cairo --with-java-home=/usr/lib/jvm/java-1.5.0-gcj-4.8-amd64/jre --enable-java-home --with-jvm-root-dir=/usr/lib/jvm/java-1.5.0-gcj-4.8-amd64 --with-jvm-jar-dir=/usr/lib/jvm-exports/java-1.5.0-gcj-4.8-amd64 --with-arch-directory=amd64 --with-ecj-jar=/usr/share/java/eclipse-ecj.jar --enable-objc-gc --enable-multiarch --disable-werror --with-arch-32=i686 --with-abi=m64 --with-multilib-list=m32,m64,mx32 --with-tune=generic --enable-checking=release --build=x86_64-linux-gnu --host=x86_64-linux-gnu --target=x86_64-linux-gnu
Thread model: posix
gcc version 4.8.1 (Ubuntu/Linaro 4.8.1-10ubuntu9) 
COLLECT_GCC_OPTIONS='-o' 'conftest' '-v' '-shared-libgcc' '-mtune=generic' '-march=x86-64'
 /usr/lib/gcc/x86_64-linux-gnu/4.8/f951 conftest.f -ffixed-form -quiet -dumpbase conftest.f -mtune=generic -march=x86-64 -auxbase conftest -version -fintrinsic-modules-path /usr/lib/gcc/x86_64-linux-gnu/4.8/finclude -o /tmp/ccdZ74wC.s
GNU Fortran (Ubuntu/Linaro 4.8.1-10ubuntu9) version 4.8.1 (x86_64-linux-gnu)
	compiled by GNU C version 4.8.1, GMP version 5.1.2, MPFR version 3.1.1-p2, MPC version 1.0.1
GGC heuristics: --param ggc-min-expand=100 --param ggc-min-heapsize=131072
GNU Fortran (Ubuntu/Linaro 4.8.1-10ubuntu9) version 4.8.1 (x86_64-linux-gnu)
	compiled by GNU C version 4.8.1, GMP version 5.1.2, MPFR version 3.1.1-p2, MPC version 1.0.1
GGC heuristics: --param ggc-min-expand=100 --param ggc-min-heapsize=131072
COLLECT_GCC_OPTIONS='-o' 'conftest' '-v' '-shared-libgcc' '-mtune=generic' '-march=x86-64'
 as -v --64 -o /tmp/ccx6qWF8.o /tmp/ccdZ74wC.s
GNU assembler version 2.23.52 (x86_64-linux-gnu) using BFD version (GNU Binutils for Ubuntu) 2.23.52.20130913
Reading specs from /usr/lib/gcc/x86_64-linux-gnu/4.8/libgfortran.spec
rename spec lib to liborig
COLLECT_GCC_OPTIONS='-o' 'conftest' '-v' '-shared-libgcc' '-mtune=generic' '-march=x86-64'
COMPILER_PATH=/usr/lib/gcc/x86_64-linux-gnu/4.8/:/usr/lib/gcc/x86_64-linux-gnu/4.8/:/usr/lib/gcc/x86_64-linux-gnu/:/usr/lib/gcc/x86_64-linux-gnu/4.8/:/usr/lib/gcc/x86_64-linux-gnu/
LIBRARY_PATH=/usr/lib/gcc/x86_64-linux-gnu/4.8/:/usr/lib/gcc/x86_64-linux-gnu/4.8/../../../x86_64-linux-gnu/:/usr/lib/gcc/x86_64-linux-gnu/4.8/../../../../lib/:/lib/x86_64-linux-gnu/:/lib/../lib/:/usr/lib/x86_64-linux-gnu/:/usr/lib/../lib/:/usr/lib/gcc/x86_64-linux-gnu/4.8/../../../:/lib/:/usr/lib/
COLLECT_GCC_OPTIONS='-o' 'conftest' '-v' '-shared-libgcc' '-mtune=generic' '-march=x86-64'
 /usr/lib/gcc/x86_64-linux-gnu/4.8/collect2 --sysroot=/ --build-id --eh-frame-hdr -m elf_x86_64 --hash-style=gnu --as-needed -dynamic-linker /lib64/ld-linux-x86-64.so.2 -z relro -o conftest /usr/lib/gcc/x86_64-linux-gnu/4.8/../../../x86_64-linux-gnu/crt1.o /usr/lib/gcc/x86_64-linux-gnu/4.8/../../../x86_64-linux-gnu/crti.o /usr/lib/gcc/x86_64-linux-gnu/4.8/crtbegin.o -L/usr/lib/gcc/x86_64-linux-gnu/4.8 -L/usr/lib/gcc/x86_64-linux-gnu/4.8/../../../x86_64-linux-gnu -L/usr/lib/gcc/x86_64-linux-gnu/4.8/../../../../lib -L/lib/x86_64-linux-gnu -L/lib/../lib -L/usr/lib/x86_64-linux-gnu -L/usr/lib/../lib -L/usr/lib/gcc/x86_64-linux-gnu/4.8/../../.. /tmp/ccx6qWF8.o -lgfortran -lm -lgcc_s -lgcc -lquadmath -lm -lgcc_s -lgcc -lc -lgcc_s -lgcc /usr/lib/gcc/x86_64-linux-gnu/4.8/crtend.o /usr/lib/gcc/x86_64-linux-gnu/4.8/../../../x86_64-linux-gnu/crtn.o
configure:3089: result: -v
configure:3091: checking for Fortran libraries of gfortran
configure:3114: gfortran -o conftest -v conftest.f
Using built-in specs.
COLLECT_GCC=gfortran
COLLECT_LTO_WRAPPER=/usr/lib/gcc/x86_64-linux-gnu/4.8/lto-wrapper
Target: x86_64-linux-gnu
Configured with: ../src/configure -v --with-pkgversion='Ubuntu/Linaro 4.8.1-10ubuntu9' --with-bugurl=file:///usr/share/doc/gcc-4.8/README.Bugs --enable-languages=c,c++,java,go,d,fortran,objc,obj-c++ --prefix=/usr --program-suffix=-4.8 --enable-shared --enable-linker-build-id --libexecdir=/usr/lib --without-included-gettext --enable-threads=posix --with-gxx-include-dir=/usr/include/c++/4.8 --libdir=/usr/lib --enable-nls --with-sysroot=/ --enable-clocale=gnu --enable-libstdcxx-debug --enable-libstdcxx-time=yes --enable-gnu-unique-object --enable-plugin --with-system-zlib --disable-browser-plugin --enable-java-awt=gtk --enable-gtk-cairo --with-java-home=/usr/lib/jvm/java-1.5.0-gcj-4.8-amd64/jre --enable-java-home --with-jvm-root-dir=/usr/lib/jvm/java-1.5.0-gcj-4.8-amd64 --with-jvm-jar-dir=/usr/lib/jvm-exports/java-1.5.0-gcj-4.8-amd64 --with-arch-directory=amd64 --with-ecj-jar=/usr/share/java/eclipse-ecj.jar --enable-objc-gc --enable-multiarch --disable-werror --with-arch-32=i686 --with-abi=m64 --with-multilib-list=m32,m64,mx32 --with-tune=generic --enable-checking=release --build=x86_64-linux-gnu --host=x86_64-linux-gnu --target=x86_64-linux-gnu
Thread model: posix
gcc version 4.8.1 (Ubuntu/Linaro 4.8.1-10ubuntu9) 
COLLECT_GCC_OPTIONS='-o' 'conftest' '-v' '-shared-libgcc' '-mtune=generic' '-march=x86-64'
 /usr/lib/gcc/x86_64-linux-gnu/4.8/f951 conftest.f -ffixed-form -quiet -dumpbase conftest.f -mtune=generic -march=x86-64 -auxbase conftest -version -fintrinsic-modules-path /usr/lib/gcc/x86_64-linux-gnu/4.8/finclude -o /tmp/ccqWhnvK.s
GNU Fortran (Ubuntu/Linaro 4.8.1-10ubuntu9) version 4.8.1 (x86_64-linux-gnu)
	compiled by GNU C version 4.8.1, GMP version 5.1.2, MPFR version 3.1.1-p2, MPC version 1.0.1
GGC heuristics: --param ggc-min-expand=100 --param ggc-min-heapsize=131072
GNU Fortran (Ubuntu/Linaro 4.8.1-10ubuntu9) version 4.8.1 (x86_64-linux-gnu)
	compiled by GNU C version 4.8.1, GMP version 5.1.2, MPFR version 3.1.1-p2, MPC version 1.0.1
GGC heuristics: --param ggc-min-expand=100 --param ggc-min-heapsize=131072
COLLECT_GCC_OPTIONS='-o' 'conftest' '-v' '-shared-libgcc' '-mtune=generic' '-march=x86-64'
 as -v --64 -o /tmp/ccYnxXQg.o /tmp/ccqWhnvK.s
GNU assembler version 2.23.52 (x86_64-linux-gnu) using BFD version (GNU Binutils for Ubuntu) 2.23.52.20130913
Reading specs from /usr/lib/gcc/x86_64-linux-gnu/4.8/libgfortran.spec
rename spec lib to liborig
COLLECT_GCC_OPTIONS='-o' 'conftest' '-v' '-shared-libgcc' '-mtune=generic' '-march=x86-64'
COMPILER_PATH=/usr/lib/gcc/x86_64-linux-gnu/4.8/:/usr/lib/gcc/x86_64-linux-gnu/4.8/:/usr/lib/gcc/x86_64-linux-gnu/:/usr/lib/gcc/x86_64-linux-gnu/4.8/:/usr/lib/gcc/x86_64-linux-gnu/
LIBRARY_PATH=/usr/lib/gcc/x86_64-linux-gnu/4.8/:/usr/lib/gcc/x86_64-linux-gnu/4.8/../../../x86_64-linux-gnu/:/usr/lib/gcc/x86_64-linux-gnu/4.8/../../../../lib/:/lib/x86_64-linux-gnu/:/lib/../lib/:/usr/lib/x86_64-linux-gnu/:/usr/lib/../lib/:/usr/lib/gcc/x86_64-linux-gnu/4.8/../../../:/lib/:/usr/lib/
COLLECT_GCC_OPTIONS='-o' 'conftest' '-v' '-shared-libgcc' '-mtune=generic' '-march=x86-64'
 /usr/lib/gcc/x86_64-linux-gnu/4.8/collect2 --sysroot=/ --build-id --eh-frame-hdr -m elf_x86_64 --hash-style=gnu --as-needed -dynamic-linker /lib64/ld-linux-x86-64.so.2 -z relro -o conftest /usr/lib/gcc/x86_64-linux-gnu/4.8/../../../x86_64-linux-gnu/crt1.o /usr/lib/gcc/x86_64-linux-gnu/4.8/../../../x86_64-linux-gnu/crti.o /usr/lib/gcc/x86_64-linux-gnu/4.8/crtbegin.o -L/usr/lib/gcc/x86_64-linux-gnu/4.8 -L/usr/lib/gcc/x86_64-linux-gnu/4.8/../../../x86_64-linux-gnu -L/usr/lib/gcc/x86_64-linux-gnu/4.8/../../../../lib -L/lib/x86_64-linux-gnu -L/lib/../lib -L/usr/lib/x86_64-linux-gnu -L/usr/lib/../lib -L/usr/lib/gcc/x86_64-linux-gnu/4.8/../../.. /tmp/ccYnxXQg.o -lgfortran -lm -lgcc_s -lgcc -lquadmath -lm -lgcc_s -lgcc -lc -lgcc_s -lgcc /usr/lib/gcc/x86_64-linux-gnu/4.8/crtend.o /usr/lib/gcc/x86_64-linux-gnu/4.8/../../../x86_64-linux-gnu/crtn.o
configure:3288: result:  -L/usr/lib/gcc/x86_64-linux-gnu/4.8 -L/usr/lib/gcc/x86_64-linux-gnu/4.8/../../../x86_64-linux-gnu -L/usr/lib/gcc/x86_64-linux-gnu/4.8/../../../../lib -L/lib/x86_64-linux-gnu -L/lib/../lib -L/usr/lib/x86_64-linux-gnu -L/usr/lib/../lib -L/usr/lib/gcc/x86_64-linux-gnu/4.8/../../.. -lgfortran -lm -lquadmath
configure:3311: *** Assuming that gfortran can process both free and fixed form fortran files.
configure:3373: checking for icc
configure:3403: result: no
configure:3373: checking for ecc
configure:3403: result: no
configure:3373: checking for suncc
configure:3403: result: no
configure:3373: checking for pgcc
configure:3403: result: no
configure:3373: checking for gcc
configure:3389: found /usr/bin/gcc
configure:3400: result: gcc
configure:3436: checking for C compiler version
configure:3443: gcc --version >&5
gcc (Ubuntu/Linaro 4.8.1-10ubuntu9) 4.8.1
Copyright (C) 2013 Free Software Foundation, Inc.
This is free software; see the source for copying conditions.  There is NO
warranty; not even for MERCHANTABILITY or FITNESS FOR A PARTICULAR PURPOSE.

configure:3446: $? = 0
configure:3453: gcc -v >&5
Using built-in specs.
COLLECT_GCC=gcc
COLLECT_LTO_WRAPPER=/usr/lib/gcc/x86_64-linux-gnu/4.8/lto-wrapper
Target: x86_64-linux-gnu
Configured with: ../src/configure -v --with-pkgversion='Ubuntu/Linaro 4.8.1-10ubuntu9' --with-bugurl=file:///usr/share/doc/gcc-4.8/README.Bugs --enable-languages=c,c++,java,go,d,fortran,objc,obj-c++ --prefix=/usr --program-suffix=-4.8 --enable-shared --enable-linker-build-id --libexecdir=/usr/lib --without-included-gettext --enable-threads=posix --with-gxx-include-dir=/usr/include/c++/4.8 --libdir=/usr/lib --enable-nls --with-sysroot=/ --enable-clocale=gnu --enable-libstdcxx-debug --enable-libstdcxx-time=yes --enable-gnu-unique-object --enable-plugin --with-system-zlib --disable-browser-plugin --enable-java-awt=gtk --enable-gtk-cairo --with-java-home=/usr/lib/jvm/java-1.5.0-gcj-4.8-amd64/jre --enable-java-home --with-jvm-root-dir=/usr/lib/jvm/java-1.5.0-gcj-4.8-amd64 --with-jvm-jar-dir=/usr/lib/jvm-exports/java-1.5.0-gcj-4.8-amd64 --with-arch-directory=amd64 --with-ecj-jar=/usr/share/java/eclipse-ecj.jar --enable-objc-gc --enable-multiarch --disable-werror --with-arch-32=i686 --with-abi=m64 --with-multilib-list=m32,m64,mx32 --with-tune=generic --enable-checking=release --build=x86_64-linux-gnu --host=x86_64-linux-gnu --target=x86_64-linux-gnu
Thread model: posix
gcc version 4.8.1 (Ubuntu/Linaro 4.8.1-10ubuntu9) 
configure:3456: $? = 0
configure:3463: gcc -V >&5
gcc: error: unrecognized command line option '-V'
gcc: fatal error: no input files
compilation terminated.
configure:3466: $? = 4
configure:3469: checking whether we are using the GNU C compiler
configure:3498: gcc -c   conftest.c >&5
configure:3504: $? = 0
configure:3521: result: yes
configure:3526: checking whether gcc accepts -g
configure:3556: gcc -c -g  conftest.c >&5
configure:3562: $? = 0
configure:3661: result: yes
configure:3678: checking for gcc option to accept ISO C89
configure:3752: gcc  -c   conftest.c >&5
configure:3758: $? = 0
configure:3781: result: none needed
configure:3857: checking for icpc
configure:3887: result: no
configure:3857: checking for icc
configure:3887: result: no
configure:3857: checking for ecc
configure:3887: result: no
configure:3857: checking for sunCC
configure:3887: result: no
configure:3857: checking for pgCC
configure:3887: result: no
configure:3857: checking for g++
configure:3873: found /usr/bin/g++
configure:3884: result: g++
configure:3915: checking for C++ compiler version
configure:3922: g++ --version >&5
g++ (Ubuntu/Linaro 4.8.1-10ubuntu9) 4.8.1
Copyright (C) 2013 Free Software Foundation, Inc.
This is free software; see the source for copying conditions.  There is NO
warranty; not even for MERCHANTABILITY or FITNESS FOR A PARTICULAR PURPOSE.

configure:3925: $? = 0
configure:3932: g++ -v >&5
Using built-in specs.
COLLECT_GCC=g++
COLLECT_LTO_WRAPPER=/usr/lib/gcc/x86_64-linux-gnu/4.8/lto-wrapper
Target: x86_64-linux-gnu
Configured with: ../src/configure -v --with-pkgversion='Ubuntu/Linaro 4.8.1-10ubuntu9' --with-bugurl=file:///usr/share/doc/gcc-4.8/README.Bugs --enable-languages=c,c++,java,go,d,fortran,objc,obj-c++ --prefix=/usr --program-suffix=-4.8 --enable-shared --enable-linker-build-id --libexecdir=/usr/lib --without-included-gettext --enable-threads=posix --with-gxx-include-dir=/usr/include/c++/4.8 --libdir=/usr/lib --enable-nls --with-sysroot=/ --enable-clocale=gnu --enable-libstdcxx-debug --enable-libstdcxx-time=yes --enable-gnu-unique-object --enable-plugin --with-system-zlib --disable-browser-plugin --enable-java-awt=gtk --enable-gtk-cairo --with-java-home=/usr/lib/jvm/java-1.5.0-gcj-4.8-amd64/jre --enable-java-home --with-jvm-root-dir=/usr/lib/jvm/java-1.5.0-gcj-4.8-amd64 --with-jvm-jar-dir=/usr/lib/jvm-exports/java-1.5.0-gcj-4.8-amd64 --with-arch-directory=amd64 --with-ecj-jar=/usr/share/java/eclipse-ecj.jar --enable-objc-gc --enable-multiarch --disable-werror --with-arch-32=i686 --with-abi=m64 --with-multilib-list=m32,m64,mx32 --with-tune=generic --enable-checking=release --build=x86_64-linux-gnu --host=x86_64-linux-gnu --target=x86_64-linux-gnu
Thread model: posix
gcc version 4.8.1 (Ubuntu/Linaro 4.8.1-10ubuntu9) 
configure:3935: $? = 0
configure:3942: g++ -V >&5
g++: error: unrecognized command line option '-V'
g++: fatal error: no input files
compilation terminated.
configure:3945: $? = 4
configure:3948: checking whether we are using the GNU C++ compiler
configure:3977: g++ -c   conftest.cpp >&5
configure:3983: $? = 0
configure:4000: result: yes
configure:4005: checking whether g++ accepts -g
configure:4035: g++ -c -g  conftest.cpp >&5
configure:4041: $? = 0
configure:4140: result: yes
configure:4168: checking how to run the C preprocessor
configure:4208: gcc -E  conftest.c
configure:4214: $? = 0
configure:4245: gcc -E  conftest.c
conftest.c:8:28: fatal error: ac_nonexistent.h: No such file or directory
 #include <ac_nonexistent.h>
                            ^
compilation terminated.
configure:4251: $? = 1
configure: failed program was:
| /* confdefs.h.  */
| #define PACKAGE_NAME ""
| #define PACKAGE_TARNAME ""
| #define PACKAGE_VERSION ""
| #define PACKAGE_STRING ""
| #define PACKAGE_BUGREPORT ""
| /* end confdefs.h.  */
| #include <ac_nonexistent.h>
configure:4284: result: gcc -E
configure:4313: gcc -E  conftest.c
configure:4319: $? = 0
configure:4350: gcc -E  conftest.c
conftest.c:8:28: fatal error: ac_nonexistent.h: No such file or directory
 #include <ac_nonexistent.h>
                            ^
compilation terminated.
configure:4356: $? = 1
configure: failed program was:
| /* confdefs.h.  */
| #define PACKAGE_NAME ""
| #define PACKAGE_TARNAME ""
| #define PACKAGE_VERSION ""
| #define PACKAGE_STRING ""
| #define PACKAGE_BUGREPORT ""
| /* end confdefs.h.  */
| #include <ac_nonexistent.h>
configure:4397: checking for grep that handles long lines and -e
configure:4471: result: /bin/grep
configure:4476: checking for egrep
configure:4554: result: /bin/grep -E
configure:4559: checking for ANSI C header files
configure:4589: gcc -c   conftest.c >&5
configure:4595: $? = 0
configure:4694: gcc -o conftest    conftest.c  >&5
configure:4697: $? = 0
configure:4703: ./conftest
configure:4706: $? = 0
configure:4723: result: yes
configure:4747: checking for sys/types.h
configure:4768: gcc -c   conftest.c >&5
configure:4774: $? = 0
configure:4790: result: yes
configure:4747: checking for sys/stat.h
configure:4768: gcc -c   conftest.c >&5
configure:4774: $? = 0
configure:4790: result: yes
configure:4747: checking for stdlib.h
configure:4768: gcc -c   conftest.c >&5
configure:4774: $? = 0
configure:4790: result: yes
configure:4747: checking for string.h
configure:4768: gcc -c   conftest.c >&5
configure:4774: $? = 0
configure:4790: result: yes
configure:4747: checking for memory.h
configure:4768: gcc -c   conftest.c >&5
configure:4774: $? = 0
configure:4790: result: yes
configure:4747: checking for strings.h
configure:4768: gcc -c   conftest.c >&5
configure:4774: $? = 0
configure:4790: result: yes
configure:4747: checking for inttypes.h
configure:4768: gcc -c   conftest.c >&5
configure:4774: $? = 0
configure:4790: result: yes
configure:4747: checking for stdint.h
configure:4768: gcc -c   conftest.c >&5
configure:4774: $? = 0
configure:4790: result: yes
configure:4747: checking for unistd.h
configure:4768: gcc -c   conftest.c >&5
configure:4774: $? = 0
configure:4790: result: yes
configure:4802: checking for long int
configure:4832: gcc -c   conftest.c >&5
configure:4838: $? = 0
configure:4853: result: yes
configure:4860: checking size of long int
configure:5162: gcc -o conftest    conftest.c  >&5
configure:5165: $? = 0
configure:5171: ./conftest
configure:5174: $? = 0
configure:5197: result: 8
configure:5221: checking how to get verbose linking output from gfortran
configure:5331: result: -v
configure:5333: checking for Fortran 77 libraries of gfortran
configure:5530: result:  -L/usr/lib/gcc/x86_64-linux-gnu/4.8 -L/usr/lib/gcc/x86_64-linux-gnu/4.8/../../../x86_64-linux-gnu -L/usr/lib/gcc/x86_64-linux-gnu/4.8/../../../../lib -L/lib/x86_64-linux-gnu -L/lib/../lib -L/usr/lib/x86_64-linux-gnu -L/usr/lib/../lib -L/usr/lib/gcc/x86_64-linux-gnu/4.8/../../.. -lgfortran -lm -lquadmath
configure:5545: checking how to get verbose linking output from gfortran
configure:5655: result: -v
configure:5657: checking for Fortran libraries of gfortran
configure:5854: result:  -L/usr/lib/gcc/x86_64-linux-gnu/4.8 -L/usr/lib/gcc/x86_64-linux-gnu/4.8/../../../x86_64-linux-gnu -L/usr/lib/gcc/x86_64-linux-gnu/4.8/../../../../lib -L/lib/x86_64-linux-gnu -L/lib/../lib -L/usr/lib/x86_64-linux-gnu -L/usr/lib/../lib -L/usr/lib/gcc/x86_64-linux-gnu/4.8/../../.. -lgfortran -lm -lquadmath
configure:5871: checking for dummy main to link with Fortran 77 libraries
configure:5915: gcc -o conftest    conftest.c   -L/usr/lib/gcc/x86_64-linux-gnu/4.8 -L/usr/lib/gcc/x86_64-linux-gnu/4.8/../../../x86_64-linux-gnu -L/usr/lib/gcc/x86_64-linux-gnu/4.8/../../../../lib -L/lib/x86_64-linux-gnu -L/lib/../lib -L/usr/lib/x86_64-linux-gnu -L/usr/lib/../lib -L/usr/lib/gcc/x86_64-linux-gnu/4.8/../../.. -lgfortran -lm -lquadmath >&5
configure:5921: $? = 0
configure:6002: result: none
configure:6039: checking for Fortran 77 name-mangling scheme
configure:6058: gfortran -c    conftest.f >&5
configure:6064: $? = 0
configure:6119: gcc -o conftest    conftest.c cfortran_test.o   -L/usr/lib/gcc/x86_64-linux-gnu/4.8 -L/usr/lib/gcc/x86_64-linux-gnu/4.8/../../../x86_64-linux-gnu -L/usr/lib/gcc/x86_64-linux-gnu/4.8/../../../../lib -L/lib/x86_64-linux-gnu -L/lib/../lib -L/usr/lib/x86_64-linux-gnu -L/usr/lib/../lib -L/usr/lib/gcc/x86_64-linux-gnu/4.8/../../.. -lgfortran -lm -lquadmath >&5
/tmp/cc705QIm.o: In function `main':
conftest.c:(.text+0xa): undefined reference to `foobar'
collect2: error: ld returned 1 exit status
configure:6125: $? = 1
configure: failed program was:
| /* confdefs.h.  */
| #define PACKAGE_NAME ""
| #define PACKAGE_TARNAME ""
| #define PACKAGE_VERSION ""
| #define PACKAGE_STRING ""
| #define PACKAGE_BUGREPORT ""
| #define STDC_HEADERS 1
| #define HAVE_SYS_TYPES_H 1
| #define HAVE_SYS_STAT_H 1
| #define HAVE_STDLIB_H 1
| #define HAVE_STRING_H 1
| #define HAVE_MEMORY_H 1
| #define HAVE_STRINGS_H 1
| #define HAVE_INTTYPES_H 1
| #define HAVE_STDINT_H 1
| #define HAVE_UNISTD_H 1
| #define SIZEOF_LONG_INT 8
| #define LONG_64_BITS 1
| /* end confdefs.h.  */
| 
| /* Override any GCC internal prototype to avoid an error.
|    Use char because int might match the return type of a GCC
|    builtin and then its argument prototype would still apply.  */
| #ifdef __cplusplus
| extern "C"
| #endif
| char foobar ();
| #ifdef F77_DUMMY_MAIN
| 
| #  ifdef __cplusplus
|      extern "C"
| #  endif
|    int F77_DUMMY_MAIN() { return 1; }
| 
| #endif
| int
| main ()
| {
| return foobar ();
|   ;
|   return 0;
| }
configure:6119: gcc -o conftest    conftest.c cfortran_test.o   -L/usr/lib/gcc/x86_64-linux-gnu/4.8 -L/usr/lib/gcc/x86_64-linux-gnu/4.8/../../../x86_64-linux-gnu -L/usr/lib/gcc/x86_64-linux-gnu/4.8/../../../../lib -L/lib/x86_64-linux-gnu -L/lib/../lib -L/usr/lib/x86_64-linux-gnu -L/usr/lib/../lib -L/usr/lib/gcc/x86_64-linux-gnu/4.8/../../.. -lgfortran -lm -lquadmath >&5
configure:6125: $? = 0
configure:6204: gcc -o conftest    conftest.c cfortran_test.o   -L/usr/lib/gcc/x86_64-linux-gnu/4.8 -L/usr/lib/gcc/x86_64-linux-gnu/4.8/../../../x86_64-linux-gnu -L/usr/lib/gcc/x86_64-linux-gnu/4.8/../../../../lib -L/lib/x86_64-linux-gnu -L/lib/../lib -L/usr/lib/x86_64-linux-gnu -L/usr/lib/../lib -L/usr/lib/gcc/x86_64-linux-gnu/4.8/../../.. -lgfortran -lm -lquadmath >&5
configure:6210: $? = 0
configure:6267: result: lower case, underscore, no extra underscore
configure:9230: checking the position of the stars to help find a versions of BLAS
configure:9392: checking for builtin sgemm
configure:9405: gfortran -o conftest     conftest.f  >&5
/tmp/cc6g5J6I.o: In function `MAIN__':
conftest.f:(.text+0xa): undefined reference to `sgemm_'
collect2: error: ld returned 1 exit status
configure:9411: $? = 1
configure: failed program was:
|       program main
|       call sgemm
|       end
configure:9427: result: no
configure:9435: checking for sgemm in -lmkl_def
configure:9453: gfortran -o conftest     conftest.f -lmkl_def -lm  >&5
/usr/bin/ld: cannot find -lmkl_def
collect2: error: ld returned 1 exit status
configure:9459: $? = 1
configure: failed program was:
|       program main
|       call sgemm
|       end
configure:9478: result: no
configure:9487: checking for sgemm in -lmkl_ipf
configure:9505: gfortran -o conftest     conftest.f -lmkl_ipf -lguide -lm  >&5
/usr/bin/ld: cannot find -lmkl_ipf
/usr/bin/ld: cannot find -lguide
collect2: error: ld returned 1 exit status
configure:9511: $? = 1
configure: failed program was:
|       program main
|       call sgemm
|       end
configure:9530: result: no
configure:9539: checking for sgemm in -lmkl_em64t
configure:9557: gfortran -o conftest     conftest.f -lmkl_em64t -lguide -liomp5  >&5
/usr/bin/ld: cannot find -lmkl_em64t
/usr/bin/ld: cannot find -lguide
/usr/bin/ld: cannot find -liomp5
collect2: error: ld returned 1 exit status
configure:9563: $? = 1
configure: failed program was:
|       program main
|       call sgemm
|       end
configure:9582: result: no
configure:9591: trying Intel MKL < 7:
configure:9594: checking for lsame in -lmkl_lapack
configure:9612: gfortran -o conftest     conftest.f -lmkl_lapack   >&5
/usr/bin/ld: cannot find -lmkl_lapack
collect2: error: ld returned 1 exit status
configure:9618: $? = 1
configure: failed program was:
|       program main
|       call lsame
|       end
configure:9636: result: no
configure:9696: Intel MKL < 7... no
configure:9703: checking for sgemm in -lacml
configure:9721: gfortran -o conftest     conftest.f -lacml   >&5
/usr/bin/ld: cannot find -lacml
collect2: error: ld returned 1 exit status
configure:9727: $? = 1
configure: failed program was:
|       program main
|       call sgemm
|       end
configure:9746: result: no
configure:9757: checking for sgemm in -lf77blas
configure:9775: gfortran -o conftest     conftest.f -lf77blas -latlas  >&5
/usr/bin/ld: cannot find -lf77blas
/usr/bin/ld: cannot find -latlas
collect2: error: ld returned 1 exit status
configure:9781: $? = 1
configure: failed program was:
|       program main
|       call sgemm
|       end
configure:9800: result: no
configure:9811: checking for sgemm in -lveclib
configure:9829: gfortran -o conftest     conftest.f -lveclib   >&5
/usr/bin/ld: cannot find -lveclib
collect2: error: ld returned 1 exit status
configure:9835: $? = 1
configure: failed program was:
|       program main
|       call sgemm
|       end
configure:9854: result: no
configure:9864: trying PhiPACK:
configure:9867: checking for sgemm in -lblas
configure:9885: gfortran -o conftest     conftest.f -lblas   >&5
configure:9891: $? = 0
configure:9910: result: yes
configure:9913: checking for dgemm in -ldgemm
configure:9931: gfortran -o conftest     conftest.f -ldgemm -lblas  >&5
/usr/bin/ld: cannot find -ldgemm
collect2: error: ld returned 1 exit status
configure:9937: $? = 1
configure: failed program was:
|       program main
|       call dgemm
|       end
configure:9955: result: no
configure:10013: PhiPACK... no
configure:10020: checking for sgemm in -lcxml
configure:10038: gfortran -o conftest     conftest.f -lcxml   >&5
/usr/bin/ld: cannot find -lcxml
collect2: error: ld returned 1 exit status
configure:10044: $? = 1
configure: failed program was:
|       program main
|       call sgemm
|       end
configure:10063: result: no
configure:10074: checking for sgemm in -ldxml
configure:10092: gfortran -o conftest     conftest.f -ldxml   >&5
/usr/bin/ld: cannot find -ldxml
collect2: error: ld returned 1 exit status
configure:10098: $? = 1
configure: failed program was:
|       program main
|       call sgemm
|       end
configure:10117: result: no
configure:10233: checking for sgemm in -lscs
configure:10251: gfortran -o conftest     conftest.f -lscs   >&5
/usr/bin/ld: cannot find -lscs
collect2: error: ld returned 1 exit status
configure:10257: $? = 1
configure: failed program was:
|       program main
|       call sgemm
|       end
configure:10276: result: no
configure:10287: checking for sgemm in -lcomplib.sgimath
configure:10305: gfortran -o conftest     conftest.f -lcomplib.sgimath   >&5
/usr/bin/ld: cannot find -lcomplib.sgimath
collect2: error: ld returned 1 exit status
configure:10311: $? = 1
configure: failed program was:
|       program main
|       call sgemm
|       end
configure:10330: result: no
configure:10341: trying IBM ESSL:
configure:10344: checking for sgemm in -lblas
configure:10362: gfortran -o conftest     conftest.f -lblas   >&5
configure:10368: $? = 0
configure:10387: result: yes
configure:10391: checking for sgemm in -lessl
configure:10409: gfortran -o conftest     conftest.f -lessl -lblas  >&5
/usr/bin/ld: cannot find -lessl
collect2: error: ld returned 1 exit status
configure:10415: $? = 1
configure: failed program was:
|       program main
|       call sgemm
|       end
configure:10434: result: no
configure:10443: IBM ESSL... no
configure:10451: checking for sgemm in -lblas
configure:10469: gfortran -o conftest     conftest.f -lblas   >&5
configure:10475: $? = 0
configure:10494: result: yes
configure:10797: checking for dsyev in -lmkl_lapack
configure:10815: gfortran -o conftest      conftest.f -lmkl_lapack  -lblas  >&5
/usr/bin/ld: cannot find -lmkl_lapack
collect2: error: ld returned 1 exit status
configure:10821: $? = 1
configure: failed program was:
|       program main
|       call dsyev
|       end
configure:10840: result: no
configure:10851: checking for dsyev in -lsunperf
configure:10869: gfortran -o conftest      conftest.f -lsunperf  -lblas  >&5
/usr/bin/ld: cannot find -lsunperf
collect2: error: ld returned 1 exit status
configure:10875: $? = 1
configure: failed program was:
|       program main
|       call dsyev
|       end
configure:10894: result: no
configure:10904: checking for dsyev in BLAS library
configure:10917: gfortran -o conftest      conftest.f -lblas  >&5
/tmp/cc8blcm5.o: In function `MAIN__':
conftest.f:(.text+0xa): undefined reference to `dsyev_'
collect2: error: ld returned 1 exit status
configure:10923: $? = 1
configure: failed program was:
|       program main
|       call dsyev
|       end
configure:10939: result: no
configure:10946: checking for dsyev in -llapack
configure:10964: gfortran -o conftest      conftest.f -llapack  -lblas  >&5
configure:10970: $? = 0
configure:10989: result: yes
configure:11029: checking for main in -lstdc++
configure:11074: g++ -o conftest      conftest.cpp -lstdc++   >&5
configure:11080: $? = 0
configure:11098: result: yes
configure:11110: checking for main in -lm
configure:11155: g++ -o conftest      conftest.cpp -lm  -lstdc++  >&5
configure:11161: $? = 0
configure:11179: result: yes
configure:11191: checking for main in -lpthread
configure:11236: g++ -o conftest      conftest.cpp -lpthread  -lm -lstdc++  >&5
configure:11242: $? = 0
configure:11260: result: yes
configure:11278: checking how to run the C++ preprocessor
configure:11314: g++ -E  conftest.cpp
configure:11320: $? = 0
configure:11351: g++ -E  conftest.cpp
conftest.cpp:27:28: fatal error: ac_nonexistent.h: No such file or directory
 #include <ac_nonexistent.h>
                            ^
compilation terminated.
configure:11357: $? = 1
configure: failed program was:
| /* confdefs.h.  */
| #define PACKAGE_NAME ""
| #define PACKAGE_TARNAME ""
| #define PACKAGE_VERSION ""
| #define PACKAGE_STRING ""
| #define PACKAGE_BUGREPORT ""
| #define STDC_HEADERS 1
| #define HAVE_SYS_TYPES_H 1
| #define HAVE_SYS_STAT_H 1
| #define HAVE_STDLIB_H 1
| #define HAVE_STRING_H 1
| #define HAVE_MEMORY_H 1
| #define HAVE_STRINGS_H 1
| #define HAVE_INTTYPES_H 1
| #define HAVE_STDINT_H 1
| #define HAVE_UNISTD_H 1
| #define SIZEOF_LONG_INT 8
| #define LONG_64_BITS 1
| #define F77_FUNC(name,NAME) name ## _
| #define F77_FUNC_(name,NAME) name ## _
| #define HAVE_BLAS 1
| #define HAVE_LAPACK 1
| #define HAVE_LIBSTDC__ 1
| #define HAVE_LIBM 1
| #define HAVE_LIBPTHREAD 1
| /* end confdefs.h.  */
| #include <ac_nonexistent.h>
configure:11390: result: g++ -E
configure:11419: g++ -E  conftest.cpp
configure:11425: $? = 0
configure:11456: g++ -E  conftest.cpp
conftest.cpp:27:28: fatal error: ac_nonexistent.h: No such file or directory
 #include <ac_nonexistent.h>
                            ^
compilation terminated.
configure:11462: $? = 1
configure: failed program was:
| /* confdefs.h.  */
| #define PACKAGE_NAME ""
| #define PACKAGE_TARNAME ""
| #define PACKAGE_VERSION ""
| #define PACKAGE_STRING ""
| #define PACKAGE_BUGREPORT ""
| #define STDC_HEADERS 1
| #define HAVE_SYS_TYPES_H 1
| #define HAVE_SYS_STAT_H 1
| #define HAVE_STDLIB_H 1
| #define HAVE_STRING_H 1
| #define HAVE_MEMORY_H 1
| #define HAVE_STRINGS_H 1
| #define HAVE_INTTYPES_H 1
| #define HAVE_STDINT_H 1
| #define HAVE_UNISTD_H 1
| #define SIZEOF_LONG_INT 8
| #define LONG_64_BITS 1
| #define F77_FUNC(name,NAME) name ## _
| #define F77_FUNC_(name,NAME) name ## _
| #define HAVE_BLAS 1
| #define HAVE_LAPACK 1
| #define HAVE_LIBSTDC__ 1
| #define HAVE_LIBM 1
| #define HAVE_LIBPTHREAD 1
| /* end confdefs.h.  */
| #include <ac_nonexistent.h>
configure:11510: checking iostream usability
configure:11527: g++ -c   conftest.cpp >&5
configure:11533: $? = 0
configure:11547: result: yes
configure:11551: checking iostream presence
configure:11566: g++ -E  conftest.cpp
configure:11572: $? = 0
configure:11586: result: yes
configure:11614: checking for iostream
configure:11621: result: yes
configure:11641: Checking for VTK automagic.
configure:11687: g++ -o conftest      conftest.cpp -lpthread -lm -lstdc++  >&5
conftest.cpp:28:24: fatal error: vtkVersion.h: No such file or directory
 #include <vtkVersion.h>
                        ^
compilation terminated.
configure:11693: $? = 1
configure: failed program was:
| /* confdefs.h.  */
| #define PACKAGE_NAME ""
| #define PACKAGE_TARNAME ""
| #define PACKAGE_VERSION ""
| #define PACKAGE_STRING ""
| #define PACKAGE_BUGREPORT ""
| #define STDC_HEADERS 1
| #define HAVE_SYS_TYPES_H 1
| #define HAVE_SYS_STAT_H 1
| #define HAVE_STDLIB_H 1
| #define HAVE_STRING_H 1
| #define HAVE_MEMORY_H 1
| #define HAVE_STRINGS_H 1
| #define HAVE_INTTYPES_H 1
| #define HAVE_STDINT_H 1
| #define HAVE_UNISTD_H 1
| #define SIZEOF_LONG_INT 8
| #define LONG_64_BITS 1
| #define F77_FUNC(name,NAME) name ## _
| #define F77_FUNC_(name,NAME) name ## _
| #define HAVE_BLAS 1
| #define HAVE_LAPACK 1
| #define HAVE_LIBSTDC__ 1
| #define HAVE_LIBM 1
| #define HAVE_LIBPTHREAD 1
| /* end confdefs.h.  */
| 
| #include <vtkVersion.h>
| #include <vtkUnstructuredGrid.h>
| 
| #ifdef F77_DUMMY_MAIN
| 
| #  ifdef __cplusplus
|      extern "C"
| #  endif
|    int F77_DUMMY_MAIN() { return 1; }
| 
| #endif
| #ifdef FC_DUMMY_MAIN
| #ifndef FC_DUMMY_MAIN_EQ_F77
| #  ifdef __cplusplus
|      extern "C"
| #  endif
|    int FC_DUMMY_MAIN() { return 1; }
| #endif
| #endif
| int
| main ()
| {
| 
|                         vtkVersion::GetVTKMajorVersion();
|                         vtkUnstructuredGrid *ug=vtkUnstructuredGrid::New();
| 
|   ;
|   return 0;
| }
| 
configure:11711: No VTK automagic
configure:12783: checking how do we get fortran 77 to allow long lines
configure:12800: gfortran -c -ffast-math -frecord-marker=4    conftest.f >&5
conftest.f:3.15:

      PRINT*, "hello world                                              
               1
Error: Unterminated character constant beginning at (1)
configure:12806: $? = 1
configure: failed program was:
|       program main
| 
|       PRINT*, "hello world                                                                                      "
| 
|       end
configure:12841: gfortran -c -extend_source conftest.f >&5
conftest.f:3.15:

      PRINT*, "hello world                                              
               1
Error: Unterminated character constant beginning at (1)
configure:12847: $? = 1
configure: failed program was:
|       program main
| 
|       PRINT*, "hello world                                                                                      "
| 
|       end
configure:12882: gfortran -c -132 conftest.f >&5
gfortran: error: unrecognized command line option '-132'
configure:12888: $? = 1
configure: failed program was:
|       program main
| 
|       PRINT*, "hello world                                                                                      "
| 
|       end
configure:12923: gfortran -c -ffree-line-length-none -ffixed-line-length-none conftest.f >&5
configure:12929: $? = 0
configure:12936: result: -ffree-line-length-none -ffixed-line-length-none
configure:13224: checking for a BSD-compatible install
configure:13280: result: /usr/bin/install -c
configure:13293: checking for gmake
configure:13321: result: make
configure:13344: checking for ar
configure:13360: found /usr/bin/ar
configure:13371: result: ar
configure:13423: checking for ranlib
configure:13439: found /usr/bin/ranlib
configure:13450: result: ranlib
configure:13579: Setting optimisation flags for gfortran
configure:13625: checking for mpif90
configure:13641: found /usr/bin/mpif90
configure:13652: result: mpif90
configure:13715: checking for mpicc
configure:13731: found /usr/bin/mpicc
configure:13742: result: mpicc
configure:13758: checking for mpicxx
configure:13774: found /usr/bin/mpicxx
configure:13785: result: mpicxx
configure:13803: checking if we can compile and link without using -lmpi
configure:13849: mpicc -o conftest   -O3     conftest.c  >&5
configure:13855: $? = 0
configure:13862: result: yes
configure:14078: checking what voodoo is required to get 64 bit reals....
configure:14119: mpif90 -o conftest -ffast-math -frecord-marker=4    -ffree-line-length-none -ffixed-line-length-none  -O3 -fdefault-real-8     conftest.f  -llapack -lblas -lpthread -lm -lstdc++   -L/usr/lib/gcc/x86_64-linux-gnu/4.8 -L/usr/lib/gcc/x86_64-linux-gnu/4.8/../../../x86_64-linux-gnu -L/usr/lib/gcc/x86_64-linux-gnu/4.8/../../../../lib -L/lib/x86_64-linux-gnu -L/lib/../lib -L/usr/lib/x86_64-linux-gnu -L/usr/lib/../lib -L/usr/lib/gcc/x86_64-linux-gnu/4.8/../../.. -lgfortran -lm -lquadmath -L/usr/lib/gcc/x86_64-linux-gnu/4.8 -L/usr/lib/gcc/x86_64-linux-gnu/4.8/../../../x86_64-linux-gnu -L/usr/lib/gcc/x86_64-linux-gnu/4.8/../../../../lib -L/lib/x86_64-linux-gnu -L/lib/../lib -L/usr/lib/x86_64-linux-gnu -L/usr/lib/../lib -L/usr/lib/gcc/x86_64-linux-gnu/4.8/../../.. -lgfortran -lm -lquadmath >&5
configure:14122: $? = 0
configure:14128: ./conftest
configure:14131: $? = 0
configure:14133: result: -fdefault-real-8
configure:14356: Turning on double 8 byte floating point numbers
configure:14531: creating ./config.status

## ---------------------- ##
## Running config.status. ##
## ---------------------- ##

This file was extended by config.status, which was
generated by GNU Autoconf 2.61.  Invocation command line was

  CONFIG_FILES    = 
  CONFIG_HEADERS  = 
  CONFIG_LINKS    = 
  CONFIG_COMMANDS = 
  $ ./config.status 

on A4810TZ

config.status:15252: creating Makefile
config.status:15252: creating load_balance/Makefile
config.status:15252: creating adapt3d/Makefile
config.status:15252: creating metric_field/Makefile
config.status:15252: creating tests/Makefile
config.status:15252: creating include/config.h
config.status:15527: include/config.h is unchanged

## ---------------- ##
## Cache variables. ##
## ---------------- ##

ac_cv_build='x86_64-unknown-linux-gnu'
ac_cv_c_compiler_gnu='yes'
ac_cv_cxx_compiler_gnu='yes'
ac_cv_env_CCC_set=''
ac_cv_env_CCC_value=''
ac_cv_env_CC_set=''
ac_cv_env_CC_value=''
ac_cv_env_CFLAGS_set=''
ac_cv_env_CFLAGS_value=''
ac_cv_env_CPPFLAGS_set=''
ac_cv_env_CPPFLAGS_value=''
ac_cv_env_CPP_set=''
ac_cv_env_CPP_value=''
ac_cv_env_CXXCPP_set=''
ac_cv_env_CXXCPP_value=''
ac_cv_env_CXXFLAGS_set=''
ac_cv_env_CXXFLAGS_value=''
ac_cv_env_CXX_set=''
ac_cv_env_CXX_value=''
ac_cv_env_F77_set='set'
ac_cv_env_F77_value='gfortran'
ac_cv_env_FCFLAGS_set='set'
ac_cv_env_FCFLAGS_value='  '
ac_cv_env_FC_set='set'
ac_cv_env_FC_value='gfortran'
ac_cv_env_FFLAGS_set='set'
ac_cv_env_FFLAGS_value='  '
ac_cv_env_LDFLAGS_set=''
ac_cv_env_LDFLAGS_value=''
ac_cv_env_LIBS_set='set'
ac_cv_env_LIBS_value=''
ac_cv_env_build_alias_set=''
ac_cv_env_build_alias_value=''
ac_cv_env_host_alias_set=''
ac_cv_env_host_alias_value=''
ac_cv_env_target_alias_set=''
ac_cv_env_target_alias_value=''
ac_cv_f77_compiler_gnu='yes'
ac_cv_f77_dummy_main='none'
ac_cv_f77_libs=' -L/usr/lib/gcc/x86_64-linux-gnu/4.8 -L/usr/lib/gcc/x86_64-linux-gnu/4.8/../../../x86_64-linux-gnu -L/usr/lib/gcc/x86_64-linux-gnu/4.8/../../../../lib -L/lib/x86_64-linux-gnu -L/lib/../lib -L/usr/lib/x86_64-linux-gnu -L/usr/lib/../lib -L/usr/lib/gcc/x86_64-linux-gnu/4.8/../../.. -lgfortran -lm -lquadmath'
ac_cv_f77_mangling='lower case, underscore, no extra underscore'
ac_cv_fc_compiler_gnu='yes'
ac_cv_fc_libs=' -L/usr/lib/gcc/x86_64-linux-gnu/4.8 -L/usr/lib/gcc/x86_64-linux-gnu/4.8/../../../x86_64-linux-gnu -L/usr/lib/gcc/x86_64-linux-gnu/4.8/../../../../lib -L/lib/x86_64-linux-gnu -L/lib/../lib -L/usr/lib/x86_64-linux-gnu -L/usr/lib/../lib -L/usr/lib/gcc/x86_64-linux-gnu/4.8/../../.. -lgfortran -lm -lquadmath'
ac_cv_fortran_dummy_main='none'
ac_cv_header_inttypes_h='yes'
ac_cv_header_iostream='yes'
ac_cv_header_memory_h='yes'
ac_cv_header_stdc='yes'
ac_cv_header_stdint_h='yes'
ac_cv_header_stdlib_h='yes'
ac_cv_header_string_h='yes'
ac_cv_header_strings_h='yes'
ac_cv_header_sys_stat_h='yes'
ac_cv_header_sys_types_h='yes'
ac_cv_header_unistd_h='yes'
ac_cv_host='x86_64-unknown-linux-gnu'
ac_cv_lib_acml_sgemm='no'
ac_cv_lib_blas_sgemm='yes'
ac_cv_lib_complib_sgimath_sgemm='no'
ac_cv_lib_cxml_sgemm='no'
ac_cv_lib_dgemm_dgemm='no'
ac_cv_lib_dxml_sgemm='no'
ac_cv_lib_essl_sgemm='no'
ac_cv_lib_f77blas_sgemm='no'
ac_cv_lib_lapack_dsyev='yes'
ac_cv_lib_m_main='yes'
ac_cv_lib_mkl_em64t_sgemm='no'
ac_cv_lib_mkl_ipf_sgemm='no'
ac_cv_lib_mkl_lapack_dsyev='no'
ac_cv_lib_mkl_lapack_lsame='no'
ac_cv_lib_pthread_main='yes'
ac_cv_lib_scs_sgemm='no'
ac_cv_lib_stdcpp_main='yes'
ac_cv_lib_sunperf_dsyev='no'
ac_cv_lib_veclib_sgemm='no'
ac_cv_objext='o'
ac_cv_path_EGREP='/bin/grep -E'
ac_cv_path_GREP='/bin/grep'
ac_cv_path_install='/usr/bin/install -c'
ac_cv_prog_AR='ar'
ac_cv_prog_CPP='gcc -E'
ac_cv_prog_CXXCPP='g++ -E'
ac_cv_prog_MAKE='make'
ac_cv_prog_MPICC='mpicc'
ac_cv_prog_MPICXX='mpicxx'
ac_cv_prog_MPIF90='mpif90'
ac_cv_prog_ac_ct_CC='gcc'
ac_cv_prog_ac_ct_CXX='g++'
ac_cv_prog_ac_ct_RANLIB='ranlib'
ac_cv_prog_cc_c89=''
ac_cv_prog_cc_g='yes'
ac_cv_prog_cxx_g='yes'
ac_cv_prog_f77_g='yes'
ac_cv_prog_f77_v='-v'
ac_cv_prog_fc_g='yes'
ac_cv_prog_fc_v='-v'
ac_cv_sizeof_long_int='8'
ac_cv_type_long_int='yes'

## ----------------- ##
## Output variables. ##
## ----------------- ##

AR='ar'
ARFLAGS='cr'
BLAS_LIBS='-lblas'
CC='mpicc'
CFLAGS='  -O3'
CPP='gcc -E'
CPPFLAGS=''
CXX='mpicxx'
CXXCPP='g++ -E'
CXXFLAGS='  -O3'
DEFS='-DHAVE_CONFIG_H'
ECHO_C=''
ECHO_N='-n'
ECHO_T=''
EGREP='/bin/grep -E'
EXEEXT=''
F77='mpif90'
FC='mpif90'
FCFLAGS='-ffast-math -frecord-marker=4    -ffree-line-length-none -ffixed-line-length-none  -O3 -fdefault-real-8'
FCLIBS=' -L/usr/lib/gcc/x86_64-linux-gnu/4.8 -L/usr/lib/gcc/x86_64-linux-gnu/4.8/../../../x86_64-linux-gnu -L/usr/lib/gcc/x86_64-linux-gnu/4.8/../../../../lib -L/lib/x86_64-linux-gnu -L/lib/../lib -L/usr/lib/x86_64-linux-gnu -L/usr/lib/../lib -L/usr/lib/gcc/x86_64-linux-gnu/4.8/../../.. -lgfortran -lm -lquadmath'
FFLAGS='-ffast-math -frecord-marker=4    -ffree-line-length-none -ffixed-line-length-none  -O3 -fdefault-real-8'
FLIBS='-L/usr/lib/gcc/x86_64-linux-gnu/4.8 -L/usr/lib/gcc/x86_64-linux-gnu/4.8/../../../x86_64-linux-gnu -L/usr/lib/gcc/x86_64-linux-gnu/4.8/../../../../lib -L/lib/x86_64-linux-gnu -L/lib/../lib -L/usr/lib/x86_64-linux-gnu -L/usr/lib/../lib -L/usr/lib/gcc/x86_64-linux-gnu/4.8/../../.. -lgfortran -lm -lquadmath'
FORTRAN_REAL_8='-fdefault-real-8'
GREP='/bin/grep'
INSTALL_DATA='${INSTALL} -m 644'
INSTALL_PROGRAM='${INSTALL}'
INSTALL_SCRIPT='${INSTALL}'
LAPACK_LIBS=' -llapack'
LDFLAGS='  '
LIBOBJS=''
LIBS=' -llapack -lblas -lpthread -lm -lstdc++   -L/usr/lib/gcc/x86_64-linux-gnu/4.8 -L/usr/lib/gcc/x86_64-linux-gnu/4.8/../../../x86_64-linux-gnu -L/usr/lib/gcc/x86_64-linux-gnu/4.8/../../../../lib -L/lib/x86_64-linux-gnu -L/lib/../lib -L/usr/lib/x86_64-linux-gnu -L/usr/lib/../lib -L/usr/lib/gcc/x86_64-linux-gnu/4.8/../../.. -lgfortran -lm -lquadmath -L/usr/lib/gcc/x86_64-linux-gnu/4.8 -L/usr/lib/gcc/x86_64-linux-gnu/4.8/../../../x86_64-linux-gnu -L/usr/lib/gcc/x86_64-linux-gnu/4.8/../../../../lib -L/lib/x86_64-linux-gnu -L/lib/../lib -L/usr/lib/x86_64-linux-gnu -L/usr/lib/../lib -L/usr/lib/gcc/x86_64-linux-gnu/4.8/../../.. -lgfortran -lm -lquadmath -L./lib'
LINKER='mpicxx'
LTLIBOBJS=''
MAKE='make'
MAKE_PARALLEL_OPTION=''
MPICC='mpicc'
MPICXX='mpicxx'
MPIF77='mpif90'
MPIF90='mpif90'
OBJEXT='o'
OPTIMIZATION_FFLAGS=' -O3'
PACKAGE_BUGREPORT=''
PACKAGE_NAME=''
PACKAGE_STRING=''
PACKAGE_TARNAME=''
PACKAGE_VERSION=''
PATH_SEPARATOR=':'
PROFILING_FLAG=''
RANLIB='ranlib'
SHELL='/bin/bash'
USE_CPP=''
VTK=''
ac_ct_CC='gcc'
ac_ct_CXX='g++'
ac_ct_F77=''
ac_ct_FC=''
bindir='${exec_prefix}/bin'
build='x86_64-unknown-linux-gnu'
build_alias=''
build_cpu='x86_64'
build_os='linux-gnu'
build_vendor='unknown'
datadir='${datarootdir}'
datarootdir='${prefix}/share'
docdir='${datarootdir}/doc/${PACKAGE}'
dvidir='${docdir}'
enable_mpi='yes'
exec_prefix='${prefix}'
host='x86_64-unknown-linux-gnu'
host_alias=''
host_cpu='x86_64'
host_os='linux-gnu'
host_vendor='unknown'
htmldir='${docdir}'
includedir='${prefix}/include'
infodir='${datarootdir}/info'
libdir='${exec_prefix}/lib'
libexecdir='${exec_prefix}/libexec'
localedir='${datarootdir}/locale'
localstatedir='${prefix}/var'
mandir='${datarootdir}/man'
oldincludedir='/usr/include'
pdfdir='${docdir}'
prefix='/usr/local'
program_transform_name='s,x,x,'
psdir='${docdir}'
sbindir='${exec_prefix}/sbin'
sharedstatedir='${prefix}/com'
sysconfdir='${prefix}/etc'
target_alias=''

## ----------- ##
## confdefs.h. ##
## ----------- ##

#define PACKAGE_NAME ""
#define PACKAGE_TARNAME ""
#define PACKAGE_VERSION ""
#define PACKAGE_STRING ""
#define PACKAGE_BUGREPORT ""
#define STDC_HEADERS 1
#define HAVE_SYS_TYPES_H 1
#define HAVE_SYS_STAT_H 1
#define HAVE_STDLIB_H 1
#define HAVE_STRING_H 1
#define HAVE_MEMORY_H 1
#define HAVE_STRINGS_H 1
#define HAVE_INTTYPES_H 1
#define HAVE_STDINT_H 1
#define HAVE_UNISTD_H 1
#define SIZEOF_LONG_INT 8
#define LONG_64_BITS 1
#define F77_FUNC(name,NAME) name ## _
#define F77_FUNC_(name,NAME) name ## _
#define HAVE_BLAS 1
#define HAVE_LAPACK 1
#define HAVE_LIBSTDC__ 1
#define HAVE_LIBM 1
#define HAVE_LIBPTHREAD 1
#define USING_GFORTRAN 1
#define NDEBUG 1
#define HAVE_MPI 1
#define HAVE_MPI_CXX 1
#define _MPI_CPP_BINDINGS 1
#define USING_DOUBLE_PRECISION 1

configure: exit 0
