This file contains any messages produced by compilers while
running configure, to aid debugging if configure makes a mistake.

It was created by fluidity configure None, which was
generated by GNU Autoconf 2.68.  Invocation command line was

  $ ./configure --without-adjoint --enable-2d-adaptivity

## --------- ##
## Platform. ##
## --------- ##

hostname = esewsproj2-002
uname -m = x86_64
uname -r = 3.5.0-23-generic
uname -s = Linux
uname -v = #35~precise1-Ubuntu SMP Fri Jan 25 17:13:26 UTC 2013

/usr/bin/uname -p = unknown
/bin/uname -X     = unknown

/bin/arch              = unknown
/usr/bin/arch -k       = unknown
/usr/convex/getsysinfo = unknown
/usr/bin/hostinfo      = unknown
/bin/machine           = unknown
/usr/bin/oslevel       = unknown
/bin/universe          = unknown

PATH: /usr/local/bin
PATH: /usr/bin
PATH: /bin
PATH: /usr/games


## ----------- ##
## Core tests. ##
## ----------- ##

configure:2886: checking build system type
configure:2900: result: x86_64-unknown-linux-gnu
configure:2920: checking host system type
configure:2933: result: x86_64-unknown-linux-gnu
configure:2955: *** Fishing for legacy fortran compiler.
configure:3010: checking for ifort
configure:3040: result: no
configure:3010: checking for ifc
configure:3040: result: no
configure:3010: checking for efc
configure:3040: result: no
configure:3010: checking for sunf95
configure:3040: result: no
configure:3010: checking for gfortran
configure:3026: found /usr/bin/gfortran
configure:3037: result: gfortran
configure:3063: checking for Fortran 77 compiler version
configure:3072: gfortran --version >&5
GNU Fortran (Ubuntu/Linaro 4.6.3-1ubuntu5) 4.6.3
Copyright (C) 2011 Free Software Foundation, Inc.

GNU Fortran comes with NO WARRANTY, to the extent permitted by law.
You may redistribute copies of GNU Fortran
under the terms of the GNU General Public License.
For more information about these matters, see the file named COPYING

configure:3083: $? = 0
configure:3072: gfortran -v >&5
Using built-in specs.
COLLECT_GCC=gfortran
COLLECT_LTO_WRAPPER=/usr/lib/gcc/x86_64-linux-gnu/4.6/lto-wrapper
Target: x86_64-linux-gnu
Configured with: ../src/configure -v --with-pkgversion='Ubuntu/Linaro 4.6.3-1ubuntu5' --with-bugurl=file:///usr/share/doc/gcc-4.6/README.Bugs --enable-languages=c,c++,fortran,objc,obj-c++ --prefix=/usr --program-suffix=-4.6 --enable-shared --enable-linker-build-id --with-system-zlib --libexecdir=/usr/lib --without-included-gettext --enable-threads=posix --with-gxx-include-dir=/usr/include/c++/4.6 --libdir=/usr/lib --enable-nls --with-sysroot=/ --enable-clocale=gnu --enable-libstdcxx-debug --enable-libstdcxx-time=yes --enable-gnu-unique-object --enable-plugin --enable-objc-gc --disable-werror --with-arch-32=i686 --with-tune=generic --enable-checking=release --build=x86_64-linux-gnu --host=x86_64-linux-gnu --target=x86_64-linux-gnu
Thread model: posix
gcc version 4.6.3 (Ubuntu/Linaro 4.6.3-1ubuntu5) 
configure:3083: $? = 0
configure:3072: gfortran -V >&5
gfortran: error: unrecognized option '-V'
gfortran: fatal error: no input files
compilation terminated.
configure:3083: $? = 4
configure:3072: gfortran -qversion >&5
gfortran: error: unrecognized option '-qversion'
gfortran: fatal error: no input files
compilation terminated.
configure:3083: $? = 4
configure:3098: checking whether the Fortran 77 compiler works
configure:3120: gfortran   conftest.f  >&5
configure:3124: $? = 0
configure:3172: result: yes
configure:3175: checking for Fortran 77 compiler default output file name
configure:3177: result: a.out
configure:3183: checking for suffix of executables
configure:3190: gfortran -o conftest   conftest.f  >&5
configure:3194: $? = 0
configure:3216: result: 
configure:3232: checking whether we are cross compiling
configure:3240: gfortran -o conftest   conftest.f  >&5
configure:3244: $? = 0
configure:3251: ./conftest
configure:3255: $? = 0
configure:3270: result: no
configure:3275: checking for suffix of object files
configure:3291: gfortran -c  conftest.f >&5
configure:3295: $? = 0
configure:3316: result: o
configure:3324: checking whether we are using the GNU Fortran 77 compiler
configure:3337: gfortran -c  conftest.F >&5
configure:3337: $? = 0
configure:3346: result: yes
configure:3352: checking whether gfortran accepts -g
configure:3363: gfortran -c -g conftest.f >&5
configure:3363: $? = 0
configure:3371: result: yes
configure:3405: checking how to get verbose linking output from gfortran
configure:3415: gfortran -c  conftest.f >&5
configure:3415: $? = 0
configure:3433: gfortran -o conftest -v conftest.f
Using built-in specs.
Target: x86_64-linux-gnu
Thread model: posix
gcc version 4.6.3 (Ubuntu/Linaro 4.6.3-1ubuntu5) 
 /usr/lib/gcc/x86_64-linux-gnu/4.6/f951 conftest.f -ffixed-form -quiet -dumpbase conftest.f -mtune=generic -march=x86-64 -auxbase conftest -version -fintrinsic-modules-path /usr/lib/gcc/x86_64-linux-gnu/4.6/finclude -o /tmp/ccBIPhh9.s
GNU Fortran (Ubuntu/Linaro 4.6.3-1ubuntu5) version 4.6.3 (x86_64-linux-gnu)
	compiled by GNU C version 4.6.3, GMP version 5.0.2, MPFR version 3.1.0-p3, MPC version 0.9
GGC heuristics: --param ggc-min-expand=100 --param ggc-min-heapsize=131072
GNU Fortran (Ubuntu/Linaro 4.6.3-1ubuntu5) version 4.6.3 (x86_64-linux-gnu)
	compiled by GNU C version 4.6.3, GMP version 5.0.2, MPFR version 3.1.0-p3, MPC version 0.9
GGC heuristics: --param ggc-min-expand=100 --param ggc-min-heapsize=131072
 as --64 -o /tmp/ccj35QW6.o /tmp/ccBIPhh9.s
Reading specs from /usr/lib/gcc/x86_64-linux-gnu/4.6/libgfortran.spec
rename spec lib to liborig
 /usr/lib/gcc/x86_64-linux-gnu/4.6/collect2 --sysroot=/ --build-id --no-add-needed --as-needed --eh-frame-hdr -m elf_x86_64 --hash-style=gnu -dynamic-linker /lib64/ld-linux-x86-64.so.2 -z relro -o conftest /usr/lib/gcc/x86_64-linux-gnu/4.6/../../../x86_64-linux-gnu/crt1.o /usr/lib/gcc/x86_64-linux-gnu/4.6/../../../x86_64-linux-gnu/crti.o /usr/lib/gcc/x86_64-linux-gnu/4.6/crtbegin.o -L/usr/lib/gcc/x86_64-linux-gnu/4.6 -L/usr/lib/gcc/x86_64-linux-gnu/4.6/../../../x86_64-linux-gnu -L/usr/lib/gcc/x86_64-linux-gnu/4.6/../../../../lib -L/lib/x86_64-linux-gnu -L/lib/../lib -L/usr/lib/x86_64-linux-gnu -L/usr/lib/../lib -L/usr/lib/gcc/x86_64-linux-gnu/4.6/../../.. /tmp/ccj35QW6.o -lgfortran -lm -lgcc_s -lgcc -lquadmath -lm -lgcc_s -lgcc -lc -lgcc_s -lgcc /usr/lib/gcc/x86_64-linux-gnu/4.6/crtend.o /usr/lib/gcc/x86_64-linux-gnu/4.6/../../../x86_64-linux-gnu/crtn.o
configure:3499: result: -v
configure:3501: checking for Fortran 77 libraries of gfortran
configure:3524: gfortran -o conftest -v conftest.f
Using built-in specs.
Target: x86_64-linux-gnu
Thread model: posix
gcc version 4.6.3 (Ubuntu/Linaro 4.6.3-1ubuntu5) 
 /usr/lib/gcc/x86_64-linux-gnu/4.6/f951 conftest.f -ffixed-form -quiet -dumpbase conftest.f -mtune=generic -march=x86-64 -auxbase conftest -version -fintrinsic-modules-path /usr/lib/gcc/x86_64-linux-gnu/4.6/finclude -o /tmp/ccihJRei.s
GNU Fortran (Ubuntu/Linaro 4.6.3-1ubuntu5) version 4.6.3 (x86_64-linux-gnu)
	compiled by GNU C version 4.6.3, GMP version 5.0.2, MPFR version 3.1.0-p3, MPC version 0.9
GGC heuristics: --param ggc-min-expand=100 --param ggc-min-heapsize=131072
GNU Fortran (Ubuntu/Linaro 4.6.3-1ubuntu5) version 4.6.3 (x86_64-linux-gnu)
	compiled by GNU C version 4.6.3, GMP version 5.0.2, MPFR version 3.1.0-p3, MPC version 0.9
GGC heuristics: --param ggc-min-expand=100 --param ggc-min-heapsize=131072
 as --64 -o /tmp/ccXuemag.o /tmp/ccihJRei.s
Reading specs from /usr/lib/gcc/x86_64-linux-gnu/4.6/libgfortran.spec
rename spec lib to liborig
 /usr/lib/gcc/x86_64-linux-gnu/4.6/collect2 --sysroot=/ --build-id --no-add-needed --as-needed --eh-frame-hdr -m elf_x86_64 --hash-style=gnu -dynamic-linker /lib64/ld-linux-x86-64.so.2 -z relro -o conftest /usr/lib/gcc/x86_64-linux-gnu/4.6/../../../x86_64-linux-gnu/crt1.o /usr/lib/gcc/x86_64-linux-gnu/4.6/../../../x86_64-linux-gnu/crti.o /usr/lib/gcc/x86_64-linux-gnu/4.6/crtbegin.o -L/usr/lib/gcc/x86_64-linux-gnu/4.6 -L/usr/lib/gcc/x86_64-linux-gnu/4.6/../../../x86_64-linux-gnu -L/usr/lib/gcc/x86_64-linux-gnu/4.6/../../../../lib -L/lib/x86_64-linux-gnu -L/lib/../lib -L/usr/lib/x86_64-linux-gnu -L/usr/lib/../lib -L/usr/lib/gcc/x86_64-linux-gnu/4.6/../../.. /tmp/ccXuemag.o -lgfortran -lm -lgcc_s -lgcc -lquadmath -lm -lgcc_s -lgcc -lc -lgcc_s -lgcc /usr/lib/gcc/x86_64-linux-gnu/4.6/crtend.o /usr/lib/gcc/x86_64-linux-gnu/4.6/../../../x86_64-linux-gnu/crtn.o
configure:3699: result:  -L/usr/lib/gcc/x86_64-linux-gnu/4.6 -L/usr/lib/gcc/x86_64-linux-gnu/4.6/../../../x86_64-linux-gnu -L/usr/lib/gcc/x86_64-linux-gnu/4.6/../../../../lib -L/lib/x86_64-linux-gnu -L/lib/../lib -L/usr/lib/x86_64-linux-gnu -L/usr/lib/../lib -L/usr/lib/gcc/x86_64-linux-gnu/4.6/../../.. -lgfortran -lm -lquadmath
configure:3712: *** Fishing for modern Fortran compiler
configure:3767: checking for ifort
configure:3797: result: no
configure:3767: checking for ifc
configure:3797: result: no
configure:3767: checking for efc
configure:3797: result: no
configure:3767: checking for sunf95
configure:3797: result: no
configure:3767: checking for gfortran
configure:3783: found /usr/bin/gfortran
configure:3794: result: gfortran
configure:3820: checking for Fortran compiler version
configure:3829: gfortran --version >&5
GNU Fortran (Ubuntu/Linaro 4.6.3-1ubuntu5) 4.6.3
Copyright (C) 2011 Free Software Foundation, Inc.

GNU Fortran comes with NO WARRANTY, to the extent permitted by law.
You may redistribute copies of GNU Fortran
under the terms of the GNU General Public License.
For more information about these matters, see the file named COPYING

configure:3840: $? = 0
configure:3829: gfortran -v >&5
Using built-in specs.
COLLECT_GCC=gfortran
COLLECT_LTO_WRAPPER=/usr/lib/gcc/x86_64-linux-gnu/4.6/lto-wrapper
Target: x86_64-linux-gnu
Configured with: ../src/configure -v --with-pkgversion='Ubuntu/Linaro 4.6.3-1ubuntu5' --with-bugurl=file:///usr/share/doc/gcc-4.6/README.Bugs --enable-languages=c,c++,fortran,objc,obj-c++ --prefix=/usr --program-suffix=-4.6 --enable-shared --enable-linker-build-id --with-system-zlib --libexecdir=/usr/lib --without-included-gettext --enable-threads=posix --with-gxx-include-dir=/usr/include/c++/4.6 --libdir=/usr/lib --enable-nls --with-sysroot=/ --enable-clocale=gnu --enable-libstdcxx-debug --enable-libstdcxx-time=yes --enable-gnu-unique-object --enable-plugin --enable-objc-gc --disable-werror --with-arch-32=i686 --with-tune=generic --enable-checking=release --build=x86_64-linux-gnu --host=x86_64-linux-gnu --target=x86_64-linux-gnu
Thread model: posix
gcc version 4.6.3 (Ubuntu/Linaro 4.6.3-1ubuntu5) 
configure:3840: $? = 0
configure:3829: gfortran -V >&5
gfortran: error: unrecognized option '-V'
gfortran: fatal error: no input files
compilation terminated.
configure:3840: $? = 4
configure:3829: gfortran -qversion >&5
gfortran: error: unrecognized option '-qversion'
gfortran: fatal error: no input files
compilation terminated.
configure:3840: $? = 4
configure:3849: checking whether we are using the GNU Fortran compiler
configure:3862: gfortran -c   conftest.F >&5
configure:3862: $? = 0
configure:3871: result: yes
configure:3877: checking whether gfortran accepts -g
configure:3888: gfortran -c -g  conftest.f >&5
configure:3888: $? = 0
configure:3896: result: yes
configure:3925: checking how to get verbose linking output from gfortran
configure:3935: gfortran -c   conftest.f >&5
configure:3935: $? = 0
configure:3953: gfortran -o conftest -v conftest.f
Using built-in specs.
Target: x86_64-linux-gnu
Thread model: posix
gcc version 4.6.3 (Ubuntu/Linaro 4.6.3-1ubuntu5) 
 /usr/lib/gcc/x86_64-linux-gnu/4.6/f951 conftest.f -ffixed-form -quiet -dumpbase conftest.f -mtune=generic -march=x86-64 -auxbase conftest -version -fintrinsic-modules-path /usr/lib/gcc/x86_64-linux-gnu/4.6/finclude -o /tmp/ccHVb2al.s
GNU Fortran (Ubuntu/Linaro 4.6.3-1ubuntu5) version 4.6.3 (x86_64-linux-gnu)
	compiled by GNU C version 4.6.3, GMP version 5.0.2, MPFR version 3.1.0-p3, MPC version 0.9
GGC heuristics: --param ggc-min-expand=100 --param ggc-min-heapsize=131072
GNU Fortran (Ubuntu/Linaro 4.6.3-1ubuntu5) version 4.6.3 (x86_64-linux-gnu)
	compiled by GNU C version 4.6.3, GMP version 5.0.2, MPFR version 3.1.0-p3, MPC version 0.9
GGC heuristics: --param ggc-min-expand=100 --param ggc-min-heapsize=131072
 as --64 -o /tmp/ccKBlzGj.o /tmp/ccHVb2al.s
Reading specs from /usr/lib/gcc/x86_64-linux-gnu/4.6/libgfortran.spec
rename spec lib to liborig
 /usr/lib/gcc/x86_64-linux-gnu/4.6/collect2 --sysroot=/ --build-id --no-add-needed --as-needed --eh-frame-hdr -m elf_x86_64 --hash-style=gnu -dynamic-linker /lib64/ld-linux-x86-64.so.2 -z relro -o conftest /usr/lib/gcc/x86_64-linux-gnu/4.6/../../../x86_64-linux-gnu/crt1.o /usr/lib/gcc/x86_64-linux-gnu/4.6/../../../x86_64-linux-gnu/crti.o /usr/lib/gcc/x86_64-linux-gnu/4.6/crtbegin.o -L/usr/lib/gcc/x86_64-linux-gnu/4.6 -L/usr/lib/gcc/x86_64-linux-gnu/4.6/../../../x86_64-linux-gnu -L/usr/lib/gcc/x86_64-linux-gnu/4.6/../../../../lib -L/lib/x86_64-linux-gnu -L/lib/../lib -L/usr/lib/x86_64-linux-gnu -L/usr/lib/../lib -L/usr/lib/gcc/x86_64-linux-gnu/4.6/../../.. /tmp/ccKBlzGj.o -lgfortran -lm -lgcc_s -lgcc -lquadmath -lm -lgcc_s -lgcc -lc -lgcc_s -lgcc /usr/lib/gcc/x86_64-linux-gnu/4.6/crtend.o /usr/lib/gcc/x86_64-linux-gnu/4.6/../../../x86_64-linux-gnu/crtn.o
configure:4019: result: -v
configure:4021: checking for Fortran libraries of gfortran
configure:4044: gfortran -o conftest -v conftest.f
Using built-in specs.
Target: x86_64-linux-gnu
Thread model: posix
gcc version 4.6.3 (Ubuntu/Linaro 4.6.3-1ubuntu5) 
 /usr/lib/gcc/x86_64-linux-gnu/4.6/f951 conftest.f -ffixed-form -quiet -dumpbase conftest.f -mtune=generic -march=x86-64 -auxbase conftest -version -fintrinsic-modules-path /usr/lib/gcc/x86_64-linux-gnu/4.6/finclude -o /tmp/cc8LnDcs.s
GNU Fortran (Ubuntu/Linaro 4.6.3-1ubuntu5) version 4.6.3 (x86_64-linux-gnu)
	compiled by GNU C version 4.6.3, GMP version 5.0.2, MPFR version 3.1.0-p3, MPC version 0.9
GGC heuristics: --param ggc-min-expand=100 --param ggc-min-heapsize=131072
GNU Fortran (Ubuntu/Linaro 4.6.3-1ubuntu5) version 4.6.3 (x86_64-linux-gnu)
	compiled by GNU C version 4.6.3, GMP version 5.0.2, MPFR version 3.1.0-p3, MPC version 0.9
GGC heuristics: --param ggc-min-expand=100 --param ggc-min-heapsize=131072
 as --64 -o /tmp/ccAv91Xq.o /tmp/cc8LnDcs.s
Reading specs from /usr/lib/gcc/x86_64-linux-gnu/4.6/libgfortran.spec
rename spec lib to liborig
 /usr/lib/gcc/x86_64-linux-gnu/4.6/collect2 --sysroot=/ --build-id --no-add-needed --as-needed --eh-frame-hdr -m elf_x86_64 --hash-style=gnu -dynamic-linker /lib64/ld-linux-x86-64.so.2 -z relro -o conftest /usr/lib/gcc/x86_64-linux-gnu/4.6/../../../x86_64-linux-gnu/crt1.o /usr/lib/gcc/x86_64-linux-gnu/4.6/../../../x86_64-linux-gnu/crti.o /usr/lib/gcc/x86_64-linux-gnu/4.6/crtbegin.o -L/usr/lib/gcc/x86_64-linux-gnu/4.6 -L/usr/lib/gcc/x86_64-linux-gnu/4.6/../../../x86_64-linux-gnu -L/usr/lib/gcc/x86_64-linux-gnu/4.6/../../../../lib -L/lib/x86_64-linux-gnu -L/lib/../lib -L/usr/lib/x86_64-linux-gnu -L/usr/lib/../lib -L/usr/lib/gcc/x86_64-linux-gnu/4.6/../../.. /tmp/ccAv91Xq.o -lgfortran -lm -lgcc_s -lgcc -lquadmath -lm -lgcc_s -lgcc -lc -lgcc_s -lgcc /usr/lib/gcc/x86_64-linux-gnu/4.6/crtend.o /usr/lib/gcc/x86_64-linux-gnu/4.6/../../../x86_64-linux-gnu/crtn.o
configure:4219: result:  -L/usr/lib/gcc/x86_64-linux-gnu/4.6 -L/usr/lib/gcc/x86_64-linux-gnu/4.6/../../../x86_64-linux-gnu -L/usr/lib/gcc/x86_64-linux-gnu/4.6/../../../../lib -L/lib/x86_64-linux-gnu -L/lib/../lib -L/usr/lib/x86_64-linux-gnu -L/usr/lib/../lib -L/usr/lib/gcc/x86_64-linux-gnu/4.6/../../.. -lgfortran -lm -lquadmath
configure:4268: *** Assuming that gfortran can process both free and fixed form fortran files.
configure:4343: checking for icc
configure:4373: result: no
configure:4343: checking for ecc
configure:4373: result: no
configure:4343: checking for suncc
configure:4373: result: no
configure:4343: checking for pgcc
configure:4373: result: no
configure:4343: checking for gcc
configure:4359: found /usr/bin/gcc
configure:4370: result: gcc
configure:4401: checking for C compiler version
configure:4410: gcc --version >&5
gcc (Ubuntu/Linaro 4.6.3-1ubuntu5) 4.6.3
Copyright (C) 2011 Free Software Foundation, Inc.
This is free software; see the source for copying conditions.  There is NO
warranty; not even for MERCHANTABILITY or FITNESS FOR A PARTICULAR PURPOSE.

configure:4421: $? = 0
configure:4410: gcc -v >&5
Using built-in specs.
COLLECT_GCC=gcc
COLLECT_LTO_WRAPPER=/usr/lib/gcc/x86_64-linux-gnu/4.6/lto-wrapper
Target: x86_64-linux-gnu
Configured with: ../src/configure -v --with-pkgversion='Ubuntu/Linaro 4.6.3-1ubuntu5' --with-bugurl=file:///usr/share/doc/gcc-4.6/README.Bugs --enable-languages=c,c++,fortran,objc,obj-c++ --prefix=/usr --program-suffix=-4.6 --enable-shared --enable-linker-build-id --with-system-zlib --libexecdir=/usr/lib --without-included-gettext --enable-threads=posix --with-gxx-include-dir=/usr/include/c++/4.6 --libdir=/usr/lib --enable-nls --with-sysroot=/ --enable-clocale=gnu --enable-libstdcxx-debug --enable-libstdcxx-time=yes --enable-gnu-unique-object --enable-plugin --enable-objc-gc --disable-werror --with-arch-32=i686 --with-tune=generic --enable-checking=release --build=x86_64-linux-gnu --host=x86_64-linux-gnu --target=x86_64-linux-gnu
Thread model: posix
gcc version 4.6.3 (Ubuntu/Linaro 4.6.3-1ubuntu5) 
configure:4421: $? = 0
configure:4410: gcc -V >&5
gcc: error: unrecognized option '-V'
gcc: fatal error: no input files
compilation terminated.
configure:4421: $? = 4
configure:4410: gcc -qversion >&5
gcc: error: unrecognized option '-qversion'
gcc: fatal error: no input files
compilation terminated.
configure:4421: $? = 4
configure:4425: checking whether we are using the GNU C compiler
configure:4444: gcc -c   conftest.c >&5
configure:4444: $? = 0
configure:4453: result: yes
configure:4462: checking whether gcc accepts -g
configure:4482: gcc -c -g  conftest.c >&5
configure:4482: $? = 0
configure:4523: result: yes
configure:4540: checking for gcc option to accept ISO C89
configure:4604: gcc  -c   conftest.c >&5
configure:4604: $? = 0
configure:4617: result: none needed
configure:4695: checking for icpc
configure:4725: result: no
configure:4695: checking for icc
configure:4725: result: no
configure:4695: checking for ecc
configure:4725: result: no
configure:4695: checking for sunCC
configure:4725: result: no
configure:4695: checking for pgCC
configure:4725: result: no
configure:4695: checking for g++
configure:4711: found /usr/bin/g++
configure:4722: result: g++
configure:4749: checking for C++ compiler version
configure:4758: g++ --version >&5
g++ (Ubuntu/Linaro 4.6.3-1ubuntu5) 4.6.3
Copyright (C) 2011 Free Software Foundation, Inc.
This is free software; see the source for copying conditions.  There is NO
warranty; not even for MERCHANTABILITY or FITNESS FOR A PARTICULAR PURPOSE.

configure:4769: $? = 0
configure:4758: g++ -v >&5
Using built-in specs.
COLLECT_GCC=g++
COLLECT_LTO_WRAPPER=/usr/lib/gcc/x86_64-linux-gnu/4.6/lto-wrapper
Target: x86_64-linux-gnu
Configured with: ../src/configure -v --with-pkgversion='Ubuntu/Linaro 4.6.3-1ubuntu5' --with-bugurl=file:///usr/share/doc/gcc-4.6/README.Bugs --enable-languages=c,c++,fortran,objc,obj-c++ --prefix=/usr --program-suffix=-4.6 --enable-shared --enable-linker-build-id --with-system-zlib --libexecdir=/usr/lib --without-included-gettext --enable-threads=posix --with-gxx-include-dir=/usr/include/c++/4.6 --libdir=/usr/lib --enable-nls --with-sysroot=/ --enable-clocale=gnu --enable-libstdcxx-debug --enable-libstdcxx-time=yes --enable-gnu-unique-object --enable-plugin --enable-objc-gc --disable-werror --with-arch-32=i686 --with-tune=generic --enable-checking=release --build=x86_64-linux-gnu --host=x86_64-linux-gnu --target=x86_64-linux-gnu
Thread model: posix
gcc version 4.6.3 (Ubuntu/Linaro 4.6.3-1ubuntu5) 
configure:4769: $? = 0
configure:4758: g++ -V >&5
g++: error: unrecognized option '-V'
g++: fatal error: no input files
compilation terminated.
configure:4769: $? = 4
configure:4758: g++ -qversion >&5
g++: error: unrecognized option '-qversion'
g++: fatal error: no input files
compilation terminated.
configure:4769: $? = 4
configure:4773: checking whether we are using the GNU C++ compiler
configure:4792: g++ -c   conftest.cpp >&5
configure:4792: $? = 0
configure:4801: result: yes
configure:4810: checking whether g++ accepts -g
configure:4830: g++ -c -g  conftest.cpp >&5
configure:4830: $? = 0
configure:4871: result: yes
configure:4899: checking how to run the C preprocessor
configure:4930: gcc -E  conftest.c
configure:4930: $? = 0
configure:4944: gcc -E  conftest.c
conftest.c:9:28: fatal error: ac_nonexistent.h: No such file or directory
compilation terminated.
configure:4944: $? = 1
configure: failed program was:
| /* confdefs.h */
| #define PACKAGE_NAME "fluidity"
| #define PACKAGE_TARNAME "fluidity"
| #define PACKAGE_VERSION "None"
| #define PACKAGE_STRING "fluidity None"
| #define PACKAGE_BUGREPORT ""
| #define PACKAGE_URL ""
| /* end confdefs.h.  */
| #include <ac_nonexistent.h>
configure:4969: result: gcc -E
configure:4989: gcc -E  conftest.c
configure:4989: $? = 0
configure:5003: gcc -E  conftest.c
conftest.c:9:28: fatal error: ac_nonexistent.h: No such file or directory
compilation terminated.
configure:5003: $? = 1
configure: failed program was:
| /* confdefs.h */
| #define PACKAGE_NAME "fluidity"
| #define PACKAGE_TARNAME "fluidity"
| #define PACKAGE_VERSION "None"
| #define PACKAGE_STRING "fluidity None"
| #define PACKAGE_BUGREPORT ""
| #define PACKAGE_URL ""
| /* end confdefs.h.  */
| #include <ac_nonexistent.h>
configure:5035: checking for grep that handles long lines and -e
configure:5093: result: /bin/grep
configure:5098: checking for egrep
configure:5160: result: /bin/grep -E
configure:5165: checking for ANSI C header files
configure:5185: gcc -c   conftest.c >&5
configure:5185: $? = 0
configure:5258: gcc -o conftest    conftest.c  >&5
configure:5258: $? = 0
configure:5258: ./conftest
configure:5258: $? = 0
configure:5269: result: yes
configure:5282: checking for sys/types.h
configure:5282: gcc -c   conftest.c >&5
configure:5282: $? = 0
configure:5282: result: yes
configure:5282: checking for sys/stat.h
configure:5282: gcc -c   conftest.c >&5
configure:5282: $? = 0
configure:5282: result: yes
configure:5282: checking for stdlib.h
configure:5282: gcc -c   conftest.c >&5
configure:5282: $? = 0
configure:5282: result: yes
configure:5282: checking for string.h
configure:5282: gcc -c   conftest.c >&5
configure:5282: $? = 0
configure:5282: result: yes
configure:5282: checking for memory.h
configure:5282: gcc -c   conftest.c >&5
configure:5282: $? = 0
configure:5282: result: yes
configure:5282: checking for strings.h
configure:5282: gcc -c   conftest.c >&5
configure:5282: $? = 0
configure:5282: result: yes
configure:5282: checking for inttypes.h
configure:5282: gcc -c   conftest.c >&5
configure:5282: $? = 0
configure:5282: result: yes
configure:5282: checking for stdint.h
configure:5282: gcc -c   conftest.c >&5
configure:5282: $? = 0
configure:5282: result: yes
configure:5282: checking for unistd.h
configure:5282: gcc -c   conftest.c >&5
configure:5282: $? = 0
configure:5282: result: yes
configure:5298: checking size of long int
configure:5303: gcc -o conftest    conftest.c  >&5
configure:5303: $? = 0
configure:5303: ./conftest
configure:5303: $? = 0
configure:5317: result: 8
configure:5339: checking how to get verbose linking output from gfortran
configure:5433: result: -v
configure:5435: checking for Fortran 77 libraries of gfortran
configure:5633: result:  -L/usr/lib/gcc/x86_64-linux-gnu/4.6 -L/usr/lib/gcc/x86_64-linux-gnu/4.6/../../../x86_64-linux-gnu -L/usr/lib/gcc/x86_64-linux-gnu/4.6/../../../../lib -L/lib/x86_64-linux-gnu -L/lib/../lib -L/usr/lib/x86_64-linux-gnu -L/usr/lib/../lib -L/usr/lib/gcc/x86_64-linux-gnu/4.6/../../.. -lgfortran -lm -lquadmath
configure:5648: checking how to get verbose linking output from gfortran
configure:5742: result: -v
configure:5744: checking for Fortran libraries of gfortran
configure:5942: result:  -L/usr/lib/gcc/x86_64-linux-gnu/4.6 -L/usr/lib/gcc/x86_64-linux-gnu/4.6/../../../x86_64-linux-gnu -L/usr/lib/gcc/x86_64-linux-gnu/4.6/../../../../lib -L/lib/x86_64-linux-gnu -L/lib/../lib -L/usr/lib/x86_64-linux-gnu -L/usr/lib/../lib -L/usr/lib/gcc/x86_64-linux-gnu/4.6/../../.. -lgfortran -lm -lquadmath
configure:5959: checking for dummy main to link with Fortran 77 libraries
configure:5993: gcc -o conftest    conftest.c   -L/usr/lib/gcc/x86_64-linux-gnu/4.6 -L/usr/lib/gcc/x86_64-linux-gnu/4.6/../../../x86_64-linux-gnu -L/usr/lib/gcc/x86_64-linux-gnu/4.6/../../../../lib -L/lib/x86_64-linux-gnu -L/lib/../lib -L/usr/lib/x86_64-linux-gnu -L/usr/lib/../lib -L/usr/lib/gcc/x86_64-linux-gnu/4.6/../../.. -lgfortran -lm -lquadmath >&5
configure:5993: $? = 0
configure:6038: result: none
configure:6071: checking for Fortran 77 name-mangling scheme
configure:6084: gfortran -c  conftest.f >&5
configure:6084: $? = 0
configure:6125: gcc -o conftest    conftest.c cfortran_test.o   -L/usr/lib/gcc/x86_64-linux-gnu/4.6 -L/usr/lib/gcc/x86_64-linux-gnu/4.6/../../../x86_64-linux-gnu -L/usr/lib/gcc/x86_64-linux-gnu/4.6/../../../../lib -L/lib/x86_64-linux-gnu -L/lib/../lib -L/usr/lib/x86_64-linux-gnu -L/usr/lib/../lib -L/usr/lib/gcc/x86_64-linux-gnu/4.6/../../.. -lgfortran -lm -lquadmath >&5
/tmp/ccUnKz9q.o: In function `main':
conftest.c:(.text+0xa): undefined reference to `foobar'
collect2: ld returned 1 exit status
configure:6125: $? = 1
configure: failed program was:
| /* confdefs.h */
| #define PACKAGE_NAME "fluidity"
| #define PACKAGE_TARNAME "fluidity"
| #define PACKAGE_VERSION "None"
| #define PACKAGE_STRING "fluidity None"
| #define PACKAGE_BUGREPORT ""
| #define PACKAGE_URL ""
| #define STDC_HEADERS 1
| #define HAVE_SYS_TYPES_H 1
| #define HAVE_SYS_STAT_H 1
| #define HAVE_STDLIB_H 1
| #define HAVE_STRING_H 1
| #define HAVE_MEMORY_H 1
| #define HAVE_STRINGS_H 1
| #define HAVE_INTTYPES_H 1
| #define HAVE_STDINT_H 1
| #define HAVE_UNISTD_H 1
| #define SIZEOF_LONG_INT 8
| #define LONG_64_BITS 1
| /* end confdefs.h.  */
| 
| /* Override any GCC internal prototype to avoid an error.
|    Use char because int might match the return type of a GCC
|    builtin and then its argument prototype would still apply.  */
| #ifdef __cplusplus
| extern "C"
| #endif
| char foobar ();
| #ifdef F77_DUMMY_MAIN
| 
| #  ifdef __cplusplus
|      extern "C"
| #  endif
|    int F77_DUMMY_MAIN() { return 1; }
| 
| #endif
| int
| main ()
| {
| return foobar ();
|   ;
|   return 0;
| }
configure:6125: gcc -o conftest    conftest.c cfortran_test.o   -L/usr/lib/gcc/x86_64-linux-gnu/4.6 -L/usr/lib/gcc/x86_64-linux-gnu/4.6/../../../x86_64-linux-gnu -L/usr/lib/gcc/x86_64-linux-gnu/4.6/../../../../lib -L/lib/x86_64-linux-gnu -L/lib/../lib -L/usr/lib/x86_64-linux-gnu -L/usr/lib/../lib -L/usr/lib/gcc/x86_64-linux-gnu/4.6/../../.. -lgfortran -lm -lquadmath >&5
configure:6125: $? = 0
configure:6183: gcc -o conftest    conftest.c cfortran_test.o   -L/usr/lib/gcc/x86_64-linux-gnu/4.6 -L/usr/lib/gcc/x86_64-linux-gnu/4.6/../../../x86_64-linux-gnu -L/usr/lib/gcc/x86_64-linux-gnu/4.6/../../../../lib -L/lib/x86_64-linux-gnu -L/lib/../lib -L/usr/lib/x86_64-linux-gnu -L/usr/lib/../lib -L/usr/lib/gcc/x86_64-linux-gnu/4.6/../../.. -lgfortran -lm -lquadmath >&5
configure:6183: $? = 0
configure:6225: result: lower case, underscore, no extra underscore
configure:6301: Checking for Python automagic.
configure:6336: g++ -o conftest    conftest.cpp  >&5
conftest.cpp:24:25: fatal error: Python.h: No such file or directory
compilation terminated.
configure:6336: $? = 1
configure: failed program was:
| /* confdefs.h */
| #define PACKAGE_NAME "fluidity"
| #define PACKAGE_TARNAME "fluidity"
| #define PACKAGE_VERSION "None"
| #define PACKAGE_STRING "fluidity None"
| #define PACKAGE_BUGREPORT ""
| #define PACKAGE_URL ""
| #define STDC_HEADERS 1
| #define HAVE_SYS_TYPES_H 1
| #define HAVE_SYS_STAT_H 1
| #define HAVE_STDLIB_H 1
| #define HAVE_STRING_H 1
| #define HAVE_MEMORY_H 1
| #define HAVE_STRINGS_H 1
| #define HAVE_INTTYPES_H 1
| #define HAVE_STDINT_H 1
| #define HAVE_UNISTD_H 1
| #define SIZEOF_LONG_INT 8
| #define LONG_64_BITS 1
| #define F77_FUNC(name,NAME) name ## _
| #define F77_FUNC_(name,NAME) name ## _
| /* end confdefs.h.  */
| 
|      #include <Python.h>
| 
| #ifdef F77_DUMMY_MAIN
| 
| #  ifdef __cplusplus
|      extern "C"
| #  endif
|    int F77_DUMMY_MAIN() { return 1; }
| 
| #endif
| int
| main ()
| {
| 
|                         Py_Initialize();
|                         PyRun_SimpleString("from time import time,ctime\n"
|                             "print 'Today is',ctime(time())\n");
|                         Py_Finalize();
| 
|   ;
|   return 0;
| }
configure:6343: No Python automagic.
configure:6367: checking for python
configure:6385: found /usr/bin/python
configure:6397: result: /usr/bin/python
configure:6413: checking for a version of Python >= '2.1.0'
configure:6439: result: yes
configure:6470: checking for the distutils Python package
configure:6474: result: yes
configure:6488: checking for Python include path
configure:6498: result: -I/usr/include/python2.7
configure:6505: checking for Python library path
configure:6590: result: -L/usr/lib -lpython2.7
configure:6597: checking for Python site-packages path
configure:6603: result: /usr/lib/python2.7/dist-packages
configure:6610: checking python extra libraries
configure:6617: result: -lssl -lcrypto  -lssl -lcrypto      -L/usr/lib -lz -lpthread -ldl  -lutil
configure:6624: checking python extra linking flags
configure:6631: result: -Xlinker -export-dynamic -Wl,-O1 -Wl,-Bsymbolic-functions
configure:6638: checking consistency of all components of python development environment
configure:6670: gcc -o conftest   -I/usr/include/python2.7  conftest.c  -L/usr/lib -lpython2.7 -Xlinker -export-dynamic -Wl,-O1 -Wl,-Bsymbolic-functions -lssl -lcrypto  -lssl -lcrypto      -L/usr/lib -lz -lpthread -ldl  -lutil >&5
configure:6670: $? = 0
configure:6687: result: yes
configure:8866: checking the position of the stars to help find a versions of BLAS
configure:8982: checking for builtin sgemm
configure:8989: gfortran -o conftest  -DHAVE_NUMPY -I/usr/lib/python2.7/dist-packages/numpy/core/include  conftest.f  -L/usr/lib -lpython2.7 -Xlinker -export-dynamic -Wl,-O1 -Wl,-Bsymbolic-functions -lssl -lcrypto  -lssl -lcrypto      -L/usr/lib -lz -lpthread -ldl  -lutil >&5
/tmp/ccVjlBPE.o: In function `MAIN__':
conftest.f:(.text+0xa): undefined reference to `sgemm_'
collect2: ld returned 1 exit status
configure:8989: $? = 1
configure: failed program was:
|       program main
|       call sgemm
|       end
configure:8994: result: no
configure:9002: checking for sgemm in -lmkl_def
configure:9014: gfortran -o conftest  -DHAVE_NUMPY -I/usr/lib/python2.7/dist-packages/numpy/core/include  conftest.f -lmkl_def -lm  -L/usr/lib -lpython2.7 -Xlinker -export-dynamic -Wl,-O1 -Wl,-Bsymbolic-functions -lssl -lcrypto  -lssl -lcrypto      -L/usr/lib -lz -lpthread -ldl  -lutil >&5
/usr/bin/ld: cannot find -lmkl_def
collect2: ld returned 1 exit status
configure:9014: $? = 1
configure: failed program was:
|       program main
|       call sgemm
|       end
configure:9024: result: no
configure:9033: checking for sgemm in -lmkl_ipf
configure:9045: gfortran -o conftest  -DHAVE_NUMPY -I/usr/lib/python2.7/dist-packages/numpy/core/include  conftest.f -lmkl_ipf -lguide -lm  -L/usr/lib -lpython2.7 -Xlinker -export-dynamic -Wl,-O1 -Wl,-Bsymbolic-functions -lssl -lcrypto  -lssl -lcrypto      -L/usr/lib -lz -lpthread -ldl  -lutil >&5
/usr/bin/ld: cannot find -lmkl_ipf
/usr/bin/ld: cannot find -lguide
collect2: ld returned 1 exit status
configure:9045: $? = 1
configure: failed program was:
|       program main
|       call sgemm
|       end
configure:9055: result: no
configure:9064: checking for sgemm in -lmkl_em64t
configure:9076: gfortran -o conftest  -DHAVE_NUMPY -I/usr/lib/python2.7/dist-packages/numpy/core/include  conftest.f -lmkl_em64t -lguide -liomp5  -L/usr/lib -lpython2.7 -Xlinker -export-dynamic -Wl,-O1 -Wl,-Bsymbolic-functions -lssl -lcrypto  -lssl -lcrypto      -L/usr/lib -lz -lpthread -ldl  -lutil >&5
/usr/bin/ld: cannot find -lmkl_em64t
/usr/bin/ld: cannot find -lguide
/usr/bin/ld: cannot find -liomp5
collect2: ld returned 1 exit status
configure:9076: $? = 1
configure: failed program was:
|       program main
|       call sgemm
|       end
configure:9086: result: no
configure:9095: trying Intel MKL < 7:
configure:9098: checking for lsame in -lmkl_lapack
configure:9110: gfortran -o conftest  -DHAVE_NUMPY -I/usr/lib/python2.7/dist-packages/numpy/core/include  conftest.f -lmkl_lapack   -L/usr/lib -lpython2.7 -Xlinker -export-dynamic -Wl,-O1 -Wl,-Bsymbolic-functions -lssl -lcrypto  -lssl -lcrypto      -L/usr/lib -lz -lpthread -ldl  -lutil >&5
/usr/bin/ld: cannot find -lmkl_lapack
collect2: ld returned 1 exit status
configure:9110: $? = 1
configure: failed program was:
|       program main
|       call lsame
|       end
configure:9119: result: no
configure:9158: Intel MKL < 7... no
configure:9165: checking for sgemm in -lacml
configure:9177: gfortran -o conftest  -DHAVE_NUMPY -I/usr/lib/python2.7/dist-packages/numpy/core/include  conftest.f -lacml   -L/usr/lib -lpython2.7 -Xlinker -export-dynamic -Wl,-O1 -Wl,-Bsymbolic-functions -lssl -lcrypto  -lssl -lcrypto      -L/usr/lib -lz -lpthread -ldl  -lutil >&5
/usr/bin/ld: cannot find -lacml
collect2: ld returned 1 exit status
configure:9177: $? = 1
configure: failed program was:
|       program main
|       call sgemm
|       end
configure:9187: result: no
configure:9198: checking for sgemm in -lf77blas
configure:9210: gfortran -o conftest  -DHAVE_NUMPY -I/usr/lib/python2.7/dist-packages/numpy/core/include  conftest.f -lf77blas -latlas  -L/usr/lib -lpython2.7 -Xlinker -export-dynamic -Wl,-O1 -Wl,-Bsymbolic-functions -lssl -lcrypto  -lssl -lcrypto      -L/usr/lib -lz -lpthread -ldl  -lutil >&5
/usr/bin/ld: cannot find -lf77blas
/usr/bin/ld: cannot find -latlas
collect2: ld returned 1 exit status
configure:9210: $? = 1
configure: failed program was:
|       program main
|       call sgemm
|       end
configure:9220: result: no
configure:9231: checking for sgemm in -lveclib
configure:9243: gfortran -o conftest  -DHAVE_NUMPY -I/usr/lib/python2.7/dist-packages/numpy/core/include  conftest.f -lveclib   -L/usr/lib -lpython2.7 -Xlinker -export-dynamic -Wl,-O1 -Wl,-Bsymbolic-functions -lssl -lcrypto  -lssl -lcrypto      -L/usr/lib -lz -lpthread -ldl  -lutil >&5
/usr/bin/ld: cannot find -lveclib
collect2: ld returned 1 exit status
configure:9243: $? = 1
configure: failed program was:
|       program main
|       call sgemm
|       end
configure:9253: result: no
configure:9263: trying PhiPACK:
configure:9266: checking for sgemm in -lblas
configure:9278: gfortran -o conftest  -DHAVE_NUMPY -I/usr/lib/python2.7/dist-packages/numpy/core/include  conftest.f -lblas   -L/usr/lib -lpython2.7 -Xlinker -export-dynamic -Wl,-O1 -Wl,-Bsymbolic-functions -lssl -lcrypto  -lssl -lcrypto      -L/usr/lib -lz -lpthread -ldl  -lutil >&5
/usr/bin/ld: cannot find -lblas
collect2: ld returned 1 exit status
configure:9278: $? = 1
configure: failed program was:
|       program main
|       call sgemm
|       end
configure:9288: result: no
configure:9349: PhiPACK... no
configure:9356: checking for sgemm in -lcxml
configure:9368: gfortran -o conftest  -DHAVE_NUMPY -I/usr/lib/python2.7/dist-packages/numpy/core/include  conftest.f -lcxml   -L/usr/lib -lpython2.7 -Xlinker -export-dynamic -Wl,-O1 -Wl,-Bsymbolic-functions -lssl -lcrypto  -lssl -lcrypto      -L/usr/lib -lz -lpthread -ldl  -lutil >&5
/usr/bin/ld: cannot find -lcxml
collect2: ld returned 1 exit status
configure:9368: $? = 1
configure: failed program was:
|       program main
|       call sgemm
|       end
configure:9378: result: no
configure:9389: checking for sgemm in -ldxml
configure:9401: gfortran -o conftest  -DHAVE_NUMPY -I/usr/lib/python2.7/dist-packages/numpy/core/include  conftest.f -ldxml   -L/usr/lib -lpython2.7 -Xlinker -export-dynamic -Wl,-O1 -Wl,-Bsymbolic-functions -lssl -lcrypto  -lssl -lcrypto      -L/usr/lib -lz -lpthread -ldl  -lutil >&5
/usr/bin/ld: cannot find -ldxml
collect2: ld returned 1 exit status
configure:9401: $? = 1
configure: failed program was:
|       program main
|       call sgemm
|       end
configure:9411: result: no
configure:9485: checking for sgemm in -lscs
configure:9497: gfortran -o conftest  -DHAVE_NUMPY -I/usr/lib/python2.7/dist-packages/numpy/core/include  conftest.f -lscs   -L/usr/lib -lpython2.7 -Xlinker -export-dynamic -Wl,-O1 -Wl,-Bsymbolic-functions -lssl -lcrypto  -lssl -lcrypto      -L/usr/lib -lz -lpthread -ldl  -lutil >&5
/usr/bin/ld: cannot find -lscs
collect2: ld returned 1 exit status
configure:9497: $? = 1
configure: failed program was:
|       program main
|       call sgemm
|       end
configure:9507: result: no
configure:9518: checking for sgemm in -lcomplib.sgimath
configure:9530: gfortran -o conftest  -DHAVE_NUMPY -I/usr/lib/python2.7/dist-packages/numpy/core/include  conftest.f -lcomplib.sgimath   -L/usr/lib -lpython2.7 -Xlinker -export-dynamic -Wl,-O1 -Wl,-Bsymbolic-functions -lssl -lcrypto  -lssl -lcrypto      -L/usr/lib -lz -lpthread -ldl  -lutil >&5
/usr/bin/ld: cannot find -lcomplib.sgimath
collect2: ld returned 1 exit status
configure:9530: $? = 1
configure: failed program was:
|       program main
|       call sgemm
|       end
configure:9540: result: no
configure:9551: trying IBM ESSL:
configure:9554: checking for sgemm in -lblas
configure:9566: gfortran -o conftest  -DHAVE_NUMPY -I/usr/lib/python2.7/dist-packages/numpy/core/include  conftest.f -lblas   -L/usr/lib -lpython2.7 -Xlinker -export-dynamic -Wl,-O1 -Wl,-Bsymbolic-functions -lssl -lcrypto  -lssl -lcrypto      -L/usr/lib -lz -lpthread -ldl  -lutil >&5
/usr/bin/ld: cannot find -lblas
collect2: ld returned 1 exit status
configure:9566: $? = 1
configure: failed program was:
|       program main
|       call sgemm
|       end
configure:9576: result: no
configure:9611: IBM ESSL... no
configure:9619: checking for sgemm in -lblas
configure:9631: gfortran -o conftest  -DHAVE_NUMPY -I/usr/lib/python2.7/dist-packages/numpy/core/include  conftest.f -lblas   -L/usr/lib -lpython2.7 -Xlinker -export-dynamic -Wl,-O1 -Wl,-Bsymbolic-functions -lssl -lcrypto  -lssl -lcrypto      -L/usr/lib -lz -lpthread -ldl  -lutil >&5
/usr/bin/ld: cannot find -lblas
collect2: ld returned 1 exit status
configure:9631: $? = 1
configure: failed program was:
|       program main
|       call sgemm
|       end
configure:9641: result: no
configure:9653: checking for sgemm in -lblas
configure:9665: gfortran -o conftest  -DHAVE_NUMPY -I/usr/lib/python2.7/dist-packages/numpy/core/include  conftest.f -lblas -lcraylibs  -L/usr/lib -lpython2.7 -Xlinker -export-dynamic -Wl,-O1 -Wl,-Bsymbolic-functions -lssl -lcrypto  -lssl -lcrypto      -L/usr/lib -lz -lpthread -ldl  -lutil >&5
/usr/bin/ld: cannot find -lblas
/usr/bin/ld: cannot find -lcraylibs
collect2: ld returned 1 exit status
configure:9665: $? = 1
configure: failed program was:
|       program main
|       call sgemm
|       end
configure:9675: result: no
configure:9686: checking for sgemm in vecLib
configure:9693: gfortran -o conftest  -DHAVE_NUMPY -I/usr/lib/python2.7/dist-packages/numpy/core/include  conftest.f -framework vecLib  -L/usr/lib -lpython2.7 -Xlinker -export-dynamic -Wl,-O1 -Wl,-Bsymbolic-functions -lssl -lcrypto  -lssl -lcrypto      -L/usr/lib -lz -lpthread -ldl  -lutil >&5
gfortran: error: vecLib: No such file or directory
configure:9693: $? = 1
configure: failed program was:
|       program main
|       call sgemm
|       end
configure:9698: result: no
configure:9718: error: "Cannot identify BLAS. Check that it is installed."

## ---------------- ##
## Cache variables. ##
## ---------------- ##

ac_cv_build=x86_64-unknown-linux-gnu
ac_cv_c_compiler_gnu=yes
ac_cv_cxx_compiler_gnu=yes
ac_cv_env_CCC_set=
ac_cv_env_CCC_value=
ac_cv_env_CC_set=
ac_cv_env_CC_value=
ac_cv_env_CFLAGS_set=
ac_cv_env_CFLAGS_value=
ac_cv_env_CPPFLAGS_set=
ac_cv_env_CPPFLAGS_value=
ac_cv_env_CPP_set=
ac_cv_env_CPP_value=
ac_cv_env_CXXCPP_set=
ac_cv_env_CXXCPP_value=
ac_cv_env_CXXFLAGS_set=
ac_cv_env_CXXFLAGS_value=
ac_cv_env_CXX_set=
ac_cv_env_CXX_value=
ac_cv_env_F77_set=
ac_cv_env_F77_value=
ac_cv_env_FCFLAGS_set=
ac_cv_env_FCFLAGS_value=
ac_cv_env_FC_set=
ac_cv_env_FC_value=
ac_cv_env_FFLAGS_set=
ac_cv_env_FFLAGS_value=
ac_cv_env_LDFLAGS_set=
ac_cv_env_LDFLAGS_value=
ac_cv_env_LIBS_set=
ac_cv_env_LIBS_value=
ac_cv_env_MPICC_set=
ac_cv_env_MPICC_value=
ac_cv_env_MPICXX_set=
ac_cv_env_MPICXX_value=
ac_cv_env_MPIF77_set=
ac_cv_env_MPIF77_value=
ac_cv_env_MPIF90_set=
ac_cv_env_MPIF90_value=
ac_cv_env_PYTHON_VERSION_set=
ac_cv_env_PYTHON_VERSION_value=
ac_cv_env_XMKMF_set=
ac_cv_env_XMKMF_value=
ac_cv_env_build_alias_set=
ac_cv_env_build_alias_value=
ac_cv_env_host_alias_set=
ac_cv_env_host_alias_value=
ac_cv_env_target_alias_set=
ac_cv_env_target_alias_value=
ac_cv_f77_compiler_gnu=yes
ac_cv_f77_dummy_main=none
ac_cv_f77_libs=' -L/usr/lib/gcc/x86_64-linux-gnu/4.6 -L/usr/lib/gcc/x86_64-linux-gnu/4.6/../../../x86_64-linux-gnu -L/usr/lib/gcc/x86_64-linux-gnu/4.6/../../../../lib -L/lib/x86_64-linux-gnu -L/lib/../lib -L/usr/lib/x86_64-linux-gnu -L/usr/lib/../lib -L/usr/lib/gcc/x86_64-linux-gnu/4.6/../../.. -lgfortran -lm -lquadmath'
ac_cv_f77_mangling='lower case, underscore, no extra underscore'
ac_cv_fc_compiler_gnu=yes
ac_cv_fc_libs=' -L/usr/lib/gcc/x86_64-linux-gnu/4.6 -L/usr/lib/gcc/x86_64-linux-gnu/4.6/../../../x86_64-linux-gnu -L/usr/lib/gcc/x86_64-linux-gnu/4.6/../../../../lib -L/lib/x86_64-linux-gnu -L/lib/../lib -L/usr/lib/x86_64-linux-gnu -L/usr/lib/../lib -L/usr/lib/gcc/x86_64-linux-gnu/4.6/../../.. -lgfortran -lm -lquadmath'
ac_cv_fortran_dummy_main=none
ac_cv_header_inttypes_h=yes
ac_cv_header_memory_h=yes
ac_cv_header_stdc=yes
ac_cv_header_stdint_h=yes
ac_cv_header_stdlib_h=yes
ac_cv_header_string_h=yes
ac_cv_header_strings_h=yes
ac_cv_header_sys_stat_h=yes
ac_cv_header_sys_types_h=yes
ac_cv_header_unistd_h=yes
ac_cv_host=x86_64-unknown-linux-gnu
ac_cv_lib_acml_sgemm=no
ac_cv_lib_blas_sgemm=no
ac_cv_lib_complib_sgimath_sgemm=no
ac_cv_lib_cxml_sgemm=no
ac_cv_lib_dxml_sgemm=no
ac_cv_lib_f77blas_sgemm=no
ac_cv_lib_mkl_em64t_sgemm=no
ac_cv_lib_mkl_ipf_sgemm=no
ac_cv_lib_mkl_lapack_lsame=no
ac_cv_lib_scs_sgemm=no
ac_cv_lib_veclib_sgemm=no
ac_cv_objext=o
ac_cv_path_EGREP='/bin/grep -E'
ac_cv_path_GREP=/bin/grep
ac_cv_path_PYTHON=/usr/bin/python
ac_cv_prog_CPP='gcc -E'
ac_cv_prog_ac_ct_CC=gcc
ac_cv_prog_ac_ct_CXX=g++
ac_cv_prog_ac_ct_F77=gfortran
ac_cv_prog_ac_ct_FC=gfortran
ac_cv_prog_cc_c89=
ac_cv_prog_cc_g=yes
ac_cv_prog_cxx_g=yes
ac_cv_prog_f77_g=yes
ac_cv_prog_f77_v=-v
ac_cv_prog_fc_g=yes
ac_cv_prog_fc_v=-v
ac_cv_sizeof_long_int=8

## ----------------- ##
## Output variables. ##
## ----------------- ##

ALGENCAN=''
AR=''
ARFLAGS=''
BLAS_LIBS=''
BUILD_LIBADAPT=''
CC='gcc'
CFLAGS=' -I/usr/include/python2.7 -DHAVE_NUMPY -I/usr/lib/python2.7/dist-packages/numpy/core/include'
CLEAN_LIBADAPT=''
CPP='gcc -E'
CPPFLAGS=' -I/usr/include/python2.7 -DHAVE_NUMPY -I/usr/lib/python2.7/dist-packages/numpy/core/include'
CXX='g++'
CXXCPP=''
CXXFLAGS=' -I/usr/include/python2.7 -DHAVE_NUMPY -I/usr/lib/python2.7/dist-packages/numpy/core/include'
DEFINE_MPI=''
DEFS=''
ECHO_C=''
ECHO_N='-n'
ECHO_T=''
EGREP='/bin/grep -E'
ENABLE_PSMILE=''
EXEEXT=''
F77='gfortran'
FC='gfortran'
FCFLAGS=' -DHAVE_NUMPY -I/usr/lib/python2.7/dist-packages/numpy/core/include'
FCLIBS=' -L/usr/lib/gcc/x86_64-linux-gnu/4.6 -L/usr/lib/gcc/x86_64-linux-gnu/4.6/../../../x86_64-linux-gnu -L/usr/lib/gcc/x86_64-linux-gnu/4.6/../../../../lib -L/lib/x86_64-linux-gnu -L/lib/../lib -L/usr/lib/x86_64-linux-gnu -L/usr/lib/../lib -L/usr/lib/gcc/x86_64-linux-gnu/4.6/../../.. -lgfortran -lm -lquadmath'
FEMDEM=''
FFLAGS=' -DHAVE_NUMPY -I/usr/lib/python2.7/dist-packages/numpy/core/include'
FLFEMDEM_PATH=''
FLIBS=' -L/usr/lib/gcc/x86_64-linux-gnu/4.6 -L/usr/lib/gcc/x86_64-linux-gnu/4.6/../../../x86_64-linux-gnu -L/usr/lib/gcc/x86_64-linux-gnu/4.6/../../../../lib -L/lib/x86_64-linux-gnu -L/lib/../lib -L/usr/lib/x86_64-linux-gnu -L/usr/lib/../lib -L/usr/lib/gcc/x86_64-linux-gnu/4.6/../../.. -lgfortran -lm -lquadmath'
FLLINKER=''
FLPSMILE_PATH=''
FLUIDITY_VERSION=''
FORTRAN_REAL_8=''
GFORTRAN_4_5_OR_NEWER='yes'
GREP='/bin/grep'
HAVE_ADJOINT=''
HAVE_CGAL=''
HAVE_PYTHON=''
HAVE_ZOLTAN=''
HYPERLIGHT=''
INSTALL_DATA=''
INSTALL_PROGRAM=''
INSTALL_SCRIPT=''
JUDY_CFLAGS=''
LAPACK_LIBS=''
LDFLAGS=' '
LIBOBJS=''
LIBS=' -L/usr/lib -lpython2.7 -Xlinker -export-dynamic -Wl,-O1 -Wl,-Bsymbolic-functions -lssl -lcrypto  -lssl -lcrypto      -L/usr/lib -lz -lpthread -ldl  -lutil'
LIB_FEMDEM=''
LINKER='g++'
LTLIBOBJS=''
MAKE=''
MBA2D=''
MBA3D=''
MEMORY_STATS=''
MODINC_FLAG='-I'
MOD_FLAG='-J'
MPICC=''
MPICXX=''
MPIF77=''
MPIF90=''
OBJEXT='o'
OPENMP_CXXFLAGS=''
OPTIMIZATION_FFLAGS=''
PACKAGE_BUGREPORT=''
PACKAGE_NAME='fluidity'
PACKAGE_STRING='fluidity None'
PACKAGE_TARNAME='fluidity'
PACKAGE_URL=''
PACKAGE_VERSION='None'
PATH_SEPARATOR=':'
PROFILING_FLAG=''
PYTHON='/usr/bin/python'
PYTHON_CPPFLAGS='-I/usr/include/python2.7'
PYTHON_EXTRA_LDFLAGS='-Xlinker -export-dynamic -Wl,-O1 -Wl,-Bsymbolic-functions'
PYTHON_EXTRA_LIBS='-lssl -lcrypto  -lssl -lcrypto      -L/usr/lib -lz -lpthread -ldl  -lutil'
PYTHON_LDFLAGS='-L/usr/lib -lpython2.7'
PYTHON_SITE_PKG='/usr/lib/python2.7/dist-packages'
PYTHON_VERSION=''
RANLIB=''
SHELL='/bin/bash'
SPATIALINDEXDIR=''
SPUD_ONLY=''
UNROLL_LOOPS=''
USE_CPP=''
XMKMF=''
X_CFLAGS=''
X_EXTRA_LIBS=''
X_LIBS=''
X_PRE_LIBS=''
ZOLTAN=''
ac_ct_CC='gcc'
ac_ct_CXX='g++'
ac_ct_F77='gfortran'
ac_ct_FC='gfortran'
bindir='${exec_prefix}/bin'
build='x86_64-unknown-linux-gnu'
build_alias=''
build_cpu='x86_64'
build_os='linux-gnu'
build_vendor='unknown'
datadir='${datarootdir}'
datarootdir='${prefix}/share'
docdir='${datarootdir}/doc/${PACKAGE_TARNAME}'
dvidir='${docdir}'
exec_prefix='NONE'
host='x86_64-unknown-linux-gnu'
host_alias=''
host_cpu='x86_64'
host_os='linux-gnu'
host_vendor='unknown'
htmldir='${docdir}'
includedir='${prefix}/include'
infodir='${datarootdir}/info'
libdir='${exec_prefix}/lib'
libexecdir='${exec_prefix}/libexec'
localedir='${datarootdir}/locale'
localstatedir='${prefix}/var'
mandir='${datarootdir}/man'
oldincludedir='/usr/include'
pdfdir='${docdir}'
prefix='NONE'
program_transform_name='s,x,x,'
psdir='${docdir}'
sbindir='${exec_prefix}/sbin'
sharedstatedir='${prefix}/com'
sysconfdir='${prefix}/etc'
target_alias=''

## ----------- ##
## confdefs.h. ##
## ----------- ##

/* confdefs.h */
#define PACKAGE_NAME "fluidity"
#define PACKAGE_TARNAME "fluidity"
#define PACKAGE_VERSION "None"
#define PACKAGE_STRING "fluidity None"
#define PACKAGE_BUGREPORT ""
#define PACKAGE_URL ""
#define STDC_HEADERS 1
#define HAVE_SYS_TYPES_H 1
#define HAVE_SYS_STAT_H 1
#define HAVE_STDLIB_H 1
#define HAVE_STRING_H 1
#define HAVE_MEMORY_H 1
#define HAVE_STRINGS_H 1
#define HAVE_INTTYPES_H 1
#define HAVE_STDINT_H 1
#define HAVE_UNISTD_H 1
#define SIZEOF_LONG_INT 8
#define LONG_64_BITS 1
#define F77_FUNC(name,NAME) name ## _
#define F77_FUNC_(name,NAME) name ## _
#define HAVE_PYTHON "2.7"

configure: exit 1
