This file contains any messages produced by compilers while
running configure, to aid debugging if configure makes a mistake.

It was created by configure, which was
generated by GNU Autoconf 2.68.  Invocation command line was

  $ ./configure --prefix=/home/dxiao/Fluidity/ROM_Non_Intru/libspud/.. --enable-shared

## --------- ##
## Platform. ##
## --------- ##

hostname = dunhui-laptop
uname -m = x86_64
uname -r = 3.8.0-30-generic
uname -s = Linux
uname -v = #44~precise1-Ubuntu SMP Fri Aug 23 18:32:41 UTC 2013

/usr/bin/uname -p = unknown
/bin/uname -X     = unknown

/bin/arch              = unknown
/usr/bin/arch -k       = unknown
/usr/convex/getsysinfo = unknown
/usr/bin/hostinfo      = unknown
/bin/machine           = unknown
/usr/bin/oslevel       = unknown
/bin/universe          = unknown

PATH: /usr/lib/lightdm/lightdm
PATH: /usr/local/sbin
PATH: /usr/local/bin
PATH: /usr/sbin
PATH: /usr/bin
PATH: /sbin
PATH: /bin
PATH: /usr/games


## ----------- ##
## Core tests. ##
## ----------- ##

configure:2608: checking build system type
configure:2622: result: x86_64-unknown-linux-gnu
configure:2642: checking host system type
configure:2655: result: x86_64-unknown-linux-gnu
configure:2696: checking how to print strings
configure:2723: result: printf
configure:2792: checking for gcc
configure:2808: found /usr/bin/gcc
configure:2819: result: gcc
configure:3048: checking for C compiler version
configure:3057: gcc --version >&5
gcc (Ubuntu/Linaro 4.6.3-1ubuntu5) 4.6.3
Copyright (C) 2011 Free Software Foundation, Inc.
This is free software; see the source for copying conditions.  There is NO
warranty; not even for MERCHANTABILITY or FITNESS FOR A PARTICULAR PURPOSE.

configure:3068: $? = 0
configure:3057: gcc -v >&5
Using built-in specs.
COLLECT_GCC=gcc
COLLECT_LTO_WRAPPER=/usr/lib/gcc/x86_64-linux-gnu/4.6/lto-wrapper
Target: x86_64-linux-gnu
Configured with: ../src/configure -v --with-pkgversion='Ubuntu/Linaro 4.6.3-1ubuntu5' --with-bugurl=file:///usr/share/doc/gcc-4.6/README.Bugs --enable-languages=c,c++,fortran,objc,obj-c++ --prefix=/usr --program-suffix=-4.6 --enable-shared --enable-linker-build-id --with-system-zlib --libexecdir=/usr/lib --without-included-gettext --enable-threads=posix --with-gxx-include-dir=/usr/include/c++/4.6 --libdir=/usr/lib --enable-nls --with-sysroot=/ --enable-clocale=gnu --enable-libstdcxx-debug --enable-libstdcxx-time=yes --enable-gnu-unique-object --enable-plugin --enable-objc-gc --disable-werror --with-arch-32=i686 --with-tune=generic --enable-checking=release --build=x86_64-linux-gnu --host=x86_64-linux-gnu --target=x86_64-linux-gnu
Thread model: posix
gcc version 4.6.3 (Ubuntu/Linaro 4.6.3-1ubuntu5) 
configure:3068: $? = 0
configure:3057: gcc -V >&5
gcc: error: unrecognized option '-V'
gcc: fatal error: no input files
compilation terminated.
configure:3068: $? = 4
configure:3057: gcc -qversion >&5
gcc: error: unrecognized option '-qversion'
gcc: fatal error: no input files
compilation terminated.
configure:3068: $? = 4
configure:3088: checking whether the C compiler works
configure:3110: gcc      conftest.c  >&5
configure:3114: $? = 0
configure:3162: result: yes
configure:3165: checking for C compiler default output file name
configure:3167: result: a.out
configure:3173: checking for suffix of executables
configure:3180: gcc -o conftest      conftest.c  >&5
configure:3184: $? = 0
configure:3206: result: 
configure:3228: checking whether we are cross compiling
configure:3236: gcc -o conftest      conftest.c  >&5
configure:3240: $? = 0
configure:3247: ./conftest
configure:3251: $? = 0
configure:3266: result: no
configure:3271: checking for suffix of object files
configure:3293: gcc -c     conftest.c >&5
configure:3297: $? = 0
configure:3318: result: o
configure:3322: checking whether we are using the GNU C compiler
configure:3341: gcc -c     conftest.c >&5
configure:3341: $? = 0
configure:3350: result: yes
configure:3359: checking whether gcc accepts -g
configure:3379: gcc -c -g  conftest.c >&5
configure:3379: $? = 0
configure:3420: result: yes
configure:3437: checking for gcc option to accept ISO C89
configure:3501: gcc  -c     conftest.c >&5
configure:3501: $? = 0
configure:3514: result: none needed
configure:3534: checking for a sed that does not truncate output
configure:3598: result: /bin/sed
configure:3616: checking for grep that handles long lines and -e
configure:3674: result: /bin/grep
configure:3679: checking for egrep
configure:3741: result: /bin/grep -E
configure:3746: checking for fgrep
configure:3808: result: /bin/grep -F
configure:3843: checking for ld used by gcc
configure:3910: result: /usr/bin/ld
configure:3917: checking if the linker (/usr/bin/ld) is GNU ld
configure:3932: result: yes
configure:3944: checking for BSD- or MS-compatible name lister (nm)
configure:3993: result: /usr/bin/nm -B
configure:4123: checking the name lister (/usr/bin/nm -B) interface
configure:4130: gcc -c     conftest.c >&5
configure:4133: /usr/bin/nm -B "conftest.o"
configure:4136: output
0000000000000000 B some_variable
configure:4143: result: BSD nm
configure:4146: checking whether ln -s works
configure:4150: result: yes
configure:4158: checking the maximum length of command line arguments
configure:4283: result: 1572864
configure:4300: checking whether the shell understands some XSI constructs
configure:4310: result: yes
configure:4314: checking whether the shell understands "+="
configure:4320: result: no
configure:4355: checking how to convert x86_64-unknown-linux-gnu file names to x86_64-unknown-linux-gnu format
configure:4395: result: func_convert_file_noop
configure:4402: checking how to convert x86_64-unknown-linux-gnu file names to toolchain format
configure:4422: result: func_convert_file_noop
configure:4429: checking for /usr/bin/ld option to reload object files
configure:4436: result: -r
configure:4510: checking for objdump
configure:4526: found /usr/bin/objdump
configure:4537: result: objdump
configure:4569: checking how to recognize dependent libraries
configure:4771: result: pass_all
configure:4856: checking for dlltool
configure:4886: result: no
configure:4916: checking how to associate runtime and link libraries
configure:4943: result: printf %s\n
configure:5004: checking for ar
configure:5020: found /usr/bin/ar
configure:5031: result: ar
configure:5068: checking for archiver @FILE support
configure:5085: gcc -c     conftest.c >&5
configure:5085: $? = 0
configure:5088: ar cru libconftest.a @conftest.lst >&5
configure:5091: $? = 0
configure:5096: ar cru libconftest.a @conftest.lst >&5
ar: conftest.o: No such file or directory
configure:5099: $? = 1
configure:5111: result: @
configure:5169: checking for strip
configure:5185: found /usr/bin/strip
configure:5196: result: strip
configure:5268: checking for ranlib
configure:5284: found /usr/bin/ranlib
configure:5295: result: ranlib
configure:5372: checking for gawk
configure:5388: found /usr/bin/gawk
configure:5399: result: gawk
configure:5439: checking command to parse /usr/bin/nm -B output from gcc object
configure:5558: gcc -c     conftest.c >&5
configure:5561: $? = 0
configure:5565: /usr/bin/nm -B conftest.o \| sed -n -e 's/^.*[ ]\([ABCDGIRSTW][ABCDGIRSTW]*\)[ ][ ]*\([_A-Za-z][_A-Za-z0-9]*\)$/  /p' | sed '/ __gnu_lto/d' \> conftest.nm
configure:5568: $? = 0
configure:5634: gcc -o conftest      conftest.c conftstm.o >&5
configure:5637: $? = 0
configure:5675: result: ok
configure:5712: checking for sysroot
configure:5742: result: no
configure:5819: gcc -c     conftest.c >&5
configure:5822: $? = 0
configure:5985: checking for mt
configure:6001: found /bin/mt
configure:6012: result: mt
configure:6035: checking if mt is a manifest tool
configure:6041: mt '-?'
configure:6049: result: no
configure:6681: checking how to run the C preprocessor
configure:6712: gcc -E  conftest.c
configure:6712: $? = 0
configure:6726: gcc -E  conftest.c
conftest.c:9:28: fatal error: ac_nonexistent.h: No such file or directory
compilation terminated.
configure:6726: $? = 1
configure: failed program was:
| /* confdefs.h */
| #define PACKAGE_NAME ""
| #define PACKAGE_TARNAME ""
| #define PACKAGE_VERSION ""
| #define PACKAGE_STRING ""
| #define PACKAGE_BUGREPORT ""
| #define PACKAGE_URL ""
| /* end confdefs.h.  */
| #include <ac_nonexistent.h>
configure:6751: result: gcc -E
configure:6771: gcc -E  conftest.c
configure:6771: $? = 0
configure:6785: gcc -E  conftest.c
conftest.c:9:28: fatal error: ac_nonexistent.h: No such file or directory
compilation terminated.
configure:6785: $? = 1
configure: failed program was:
| /* confdefs.h */
| #define PACKAGE_NAME ""
| #define PACKAGE_TARNAME ""
| #define PACKAGE_VERSION ""
| #define PACKAGE_STRING ""
| #define PACKAGE_BUGREPORT ""
| #define PACKAGE_URL ""
| /* end confdefs.h.  */
| #include <ac_nonexistent.h>
configure:6814: checking for ANSI C header files
configure:6834: gcc -c     conftest.c >&5
configure:6834: $? = 0
configure:6907: gcc -o conftest      conftest.c  >&5
configure:6907: $? = 0
configure:6907: ./conftest
configure:6907: $? = 0
configure:6918: result: yes
configure:6931: checking for sys/types.h
configure:6931: gcc -c     conftest.c >&5
configure:6931: $? = 0
configure:6931: result: yes
configure:6931: checking for sys/stat.h
configure:6931: gcc -c     conftest.c >&5
configure:6931: $? = 0
configure:6931: result: yes
configure:6931: checking for stdlib.h
configure:6931: gcc -c     conftest.c >&5
configure:6931: $? = 0
configure:6931: result: yes
configure:6931: checking for string.h
configure:6931: gcc -c     conftest.c >&5
configure:6931: $? = 0
configure:6931: result: yes
configure:6931: checking for memory.h
configure:6931: gcc -c     conftest.c >&5
configure:6931: $? = 0
configure:6931: result: yes
configure:6931: checking for strings.h
configure:6931: gcc -c     conftest.c >&5
configure:6931: $? = 0
configure:6931: result: yes
configure:6931: checking for inttypes.h
configure:6931: gcc -c     conftest.c >&5
configure:6931: $? = 0
configure:6931: result: yes
configure:6931: checking for stdint.h
configure:6931: gcc -c     conftest.c >&5
configure:6931: $? = 0
configure:6931: result: yes
configure:6931: checking for unistd.h
configure:6931: gcc -c     conftest.c >&5
configure:6931: $? = 0
configure:6931: result: yes
configure:6945: checking for dlfcn.h
configure:6945: gcc -c     conftest.c >&5
configure:6945: $? = 0
configure:6945: result: yes
configure:7132: checking for objdir
configure:7147: result: .libs
configure:7414: checking if gcc supports -fno-rtti -fno-exceptions
configure:7432: gcc -c     -fno-rtti -fno-exceptions conftest.c >&5
cc1: warning: command line option '-fno-rtti' is valid for C++/ObjC++ but not for C [enabled by default]
configure:7436: $? = 0
configure:7449: result: no
configure:7759: checking for gcc option to produce PIC
configure:7766: result: -fPIC -DPIC
configure:7774: checking if gcc PIC flag -fPIC -DPIC works
configure:7792: gcc -c     -fPIC -DPIC -DPIC conftest.c >&5
configure:7796: $? = 0
configure:7809: result: yes
configure:7838: checking if gcc static flag -static works
configure:7866: result: yes
configure:7881: checking if gcc supports -c -o file.o
configure:7902: gcc -c     -o out/conftest2.o conftest.c >&5
configure:7906: $? = 0
configure:7928: result: yes
configure:7936: checking if gcc supports -c -o file.o
configure:7983: result: yes
configure:8016: checking whether the gcc linker (/usr/bin/ld -m elf_x86_64) supports shared libraries
configure:9174: result: yes
configure:9211: checking whether -lc should be explicitly linked in
configure:9219: gcc -c     conftest.c >&5
configure:9222: $? = 0
configure:9237: gcc -shared  -fPIC -DPIC conftest.o  -v -Wl,-soname -Wl,conftest -o conftest 2\>\&1 \| /bin/grep  -lc  \>/dev/null 2\>\&1
configure:9240: $? = 0
configure:9254: result: no
configure:9419: checking dynamic linker characteristics
configure:9933: gcc -o conftest      -Wl,-rpath -Wl,/foo conftest.c  >&5
configure:9933: $? = 0
configure:10159: result: GNU/Linux ld.so
configure:10266: checking how to hardcode library paths into programs
configure:10291: result: immediate
configure:10831: checking whether stripping libraries is possible
configure:10836: result: yes
configure:10871: checking if libtool supports shared libraries
configure:10873: result: yes
configure:10876: checking whether to build shared libraries
configure:10897: result: yes
configure:10900: checking whether to build static libraries
configure:10904: result: yes
configure:10997: checking for g++
configure:11013: found /usr/bin/g++
configure:11024: result: g++
configure:11051: checking for C++ compiler version
configure:11060: g++ --version >&5
g++ (Ubuntu/Linaro 4.6.3-1ubuntu5) 4.6.3
Copyright (C) 2011 Free Software Foundation, Inc.
This is free software; see the source for copying conditions.  There is NO
warranty; not even for MERCHANTABILITY or FITNESS FOR A PARTICULAR PURPOSE.

configure:11071: $? = 0
configure:11060: g++ -v >&5
Using built-in specs.
COLLECT_GCC=g++
COLLECT_LTO_WRAPPER=/usr/lib/gcc/x86_64-linux-gnu/4.6/lto-wrapper
Target: x86_64-linux-gnu
Configured with: ../src/configure -v --with-pkgversion='Ubuntu/Linaro 4.6.3-1ubuntu5' --with-bugurl=file:///usr/share/doc/gcc-4.6/README.Bugs --enable-languages=c,c++,fortran,objc,obj-c++ --prefix=/usr --program-suffix=-4.6 --enable-shared --enable-linker-build-id --with-system-zlib --libexecdir=/usr/lib --without-included-gettext --enable-threads=posix --with-gxx-include-dir=/usr/include/c++/4.6 --libdir=/usr/lib --enable-nls --with-sysroot=/ --enable-clocale=gnu --enable-libstdcxx-debug --enable-libstdcxx-time=yes --enable-gnu-unique-object --enable-plugin --enable-objc-gc --disable-werror --with-arch-32=i686 --with-tune=generic --enable-checking=release --build=x86_64-linux-gnu --host=x86_64-linux-gnu --target=x86_64-linux-gnu
Thread model: posix
gcc version 4.6.3 (Ubuntu/Linaro 4.6.3-1ubuntu5) 
configure:11071: $? = 0
configure:11060: g++ -V >&5
g++: error: unrecognized option '-V'
g++: fatal error: no input files
compilation terminated.
configure:11071: $? = 4
configure:11060: g++ -qversion >&5
g++: error: unrecognized option '-qversion'
g++: fatal error: no input files
compilation terminated.
configure:11071: $? = 4
configure:11075: checking whether we are using the GNU C++ compiler
configure:11094: g++ -c     conftest.cpp >&5
configure:11094: $? = 0
configure:11103: result: yes
configure:11112: checking whether g++ accepts -g
configure:11132: g++ -c -g  conftest.cpp >&5
configure:11132: $? = 0
configure:11173: result: yes
configure:11215: checking how to run the C++ preprocessor
configure:11242: g++ -E  conftest.cpp
configure:11242: $? = 0
configure:11256: g++ -E  conftest.cpp
conftest.cpp:21:28: fatal error: ac_nonexistent.h: No such file or directory
compilation terminated.
configure:11256: $? = 1
configure: failed program was:
| /* confdefs.h */
| #define PACKAGE_NAME ""
| #define PACKAGE_TARNAME ""
| #define PACKAGE_VERSION ""
| #define PACKAGE_STRING ""
| #define PACKAGE_BUGREPORT ""
| #define PACKAGE_URL ""
| #define STDC_HEADERS 1
| #define HAVE_SYS_TYPES_H 1
| #define HAVE_SYS_STAT_H 1
| #define HAVE_STDLIB_H 1
| #define HAVE_STRING_H 1
| #define HAVE_MEMORY_H 1
| #define HAVE_STRINGS_H 1
| #define HAVE_INTTYPES_H 1
| #define HAVE_STDINT_H 1
| #define HAVE_UNISTD_H 1
| #define HAVE_DLFCN_H 1
| #define LT_OBJDIR ".libs/"
| /* end confdefs.h.  */
| #include <ac_nonexistent.h>
configure:11281: result: g++ -E
configure:11301: g++ -E  conftest.cpp
configure:11301: $? = 0
configure:11315: g++ -E  conftest.cpp
conftest.cpp:21:28: fatal error: ac_nonexistent.h: No such file or directory
compilation terminated.
configure:11315: $? = 1
configure: failed program was:
| /* confdefs.h */
| #define PACKAGE_NAME ""
| #define PACKAGE_TARNAME ""
| #define PACKAGE_VERSION ""
| #define PACKAGE_STRING ""
| #define PACKAGE_BUGREPORT ""
| #define PACKAGE_URL ""
| #define STDC_HEADERS 1
| #define HAVE_SYS_TYPES_H 1
| #define HAVE_SYS_STAT_H 1
| #define HAVE_STDLIB_H 1
| #define HAVE_STRING_H 1
| #define HAVE_MEMORY_H 1
| #define HAVE_STRINGS_H 1
| #define HAVE_INTTYPES_H 1
| #define HAVE_STDINT_H 1
| #define HAVE_UNISTD_H 1
| #define HAVE_DLFCN_H 1
| #define LT_OBJDIR ".libs/"
| /* end confdefs.h.  */
| #include <ac_nonexistent.h>
configure:11485: checking for ld used by g++
configure:11552: result: /usr/bin/ld -m elf_x86_64
configure:11559: checking if the linker (/usr/bin/ld -m elf_x86_64) is GNU ld
configure:11574: result: yes
configure:11629: checking whether the g++ linker (/usr/bin/ld -m elf_x86_64) supports shared libraries
configure:12633: result: yes
configure:12668: g++ -c     conftest.cpp >&5
configure:12671: $? = 0
configure:13191: checking for g++ option to produce PIC
configure:13198: result: -fPIC -DPIC
configure:13206: checking if g++ PIC flag -fPIC -DPIC works
configure:13224: g++ -c     -fPIC -DPIC -DPIC conftest.cpp >&5
configure:13228: $? = 0
configure:13241: result: yes
configure:13264: checking if g++ static flag -static works
configure:13292: result: yes
configure:13304: checking if g++ supports -c -o file.o
configure:13325: g++ -c     -o out/conftest2.o conftest.cpp >&5
configure:13329: $? = 0
configure:13351: result: yes
configure:13356: checking if g++ supports -c -o file.o
configure:13403: result: yes
configure:13433: checking whether the g++ linker (/usr/bin/ld -m elf_x86_64) supports shared libraries
configure:13467: result: yes
configure:13610: checking dynamic linker characteristics
configure:14284: result: GNU/Linux ld.so
configure:14337: checking how to hardcode library paths into programs
configure:14362: result: immediate
configure:14508: checking for Fortran compiler version
configure:14517: gfortran --version >&5
GNU Fortran (Ubuntu/Linaro 4.6.3-1ubuntu5) 4.6.3
Copyright (C) 2011 Free Software Foundation, Inc.

GNU Fortran comes with NO WARRANTY, to the extent permitted by law.
You may redistribute copies of GNU Fortran
under the terms of the GNU General Public License.
For more information about these matters, see the file named COPYING

configure:14528: $? = 0
configure:14517: gfortran -v >&5
Using built-in specs.
COLLECT_GCC=gfortran
COLLECT_LTO_WRAPPER=/usr/lib/gcc/x86_64-linux-gnu/4.6/lto-wrapper
Target: x86_64-linux-gnu
Configured with: ../src/configure -v --with-pkgversion='Ubuntu/Linaro 4.6.3-1ubuntu5' --with-bugurl=file:///usr/share/doc/gcc-4.6/README.Bugs --enable-languages=c,c++,fortran,objc,obj-c++ --prefix=/usr --program-suffix=-4.6 --enable-shared --enable-linker-build-id --with-system-zlib --libexecdir=/usr/lib --without-included-gettext --enable-threads=posix --with-gxx-include-dir=/usr/include/c++/4.6 --libdir=/usr/lib --enable-nls --with-sysroot=/ --enable-clocale=gnu --enable-libstdcxx-debug --enable-libstdcxx-time=yes --enable-gnu-unique-object --enable-plugin --enable-objc-gc --disable-werror --with-arch-32=i686 --with-tune=generic --enable-checking=release --build=x86_64-linux-gnu --host=x86_64-linux-gnu --target=x86_64-linux-gnu
Thread model: posix
gcc version 4.6.3 (Ubuntu/Linaro 4.6.3-1ubuntu5) 
configure:14528: $? = 0
configure:14517: gfortran -V >&5
gfortran: error: unrecognized option '-V'
gfortran: fatal error: no input files
compilation terminated.
configure:14528: $? = 4
configure:14517: gfortran -qversion >&5
gfortran: error: unrecognized option '-qversion'
gfortran: fatal error: no input files
compilation terminated.
configure:14528: $? = 4
configure:14537: checking whether we are using the GNU Fortran compiler
configure:14550: gfortran -c   conftest.F >&5
configure:14550: $? = 0
configure:14559: result: yes
configure:14565: checking whether gfortran accepts -g
configure:14576: gfortran -c -g  conftest.f >&5
configure:14576: $? = 0
configure:14584: result: yes
configure:14719: checking if libtool supports shared libraries
configure:14721: result: yes
configure:14724: checking whether to build shared libraries
configure:14744: result: yes
configure:14747: checking whether to build static libraries
configure:14751: result: yes
configure:14784: gfortran -c   conftest.f >&5
configure:14787: $? = 0
configure:15199: checking for gfortran option to produce PIC
configure:15206: result: -fPIC
configure:15214: checking if gfortran PIC flag -fPIC works
configure:15232: gfortran -c  -fPIC  conftest.f >&5
configure:15236: $? = 0
configure:15249: result: yes
configure:15272: checking if gfortran static flag -static works
configure:15300: result: yes
configure:15312: checking if gfortran supports -c -o file.o
configure:15333: gfortran -c  -o out/conftest2.o  conftest.f >&5
configure:15337: $? = 0
configure:15359: result: yes
configure:15364: checking if gfortran supports -c -o file.o
configure:15411: result: yes
configure:15441: checking whether the gfortran linker (/usr/bin/ld -m elf_x86_64) supports shared libraries
configure:16549: result: yes
configure:16692: checking dynamic linker characteristics
configure:17360: result: GNU/Linux ld.so
configure:17413: checking how to hardcode library paths into programs
configure:17438: result: immediate
configure:17488: *** Fishing for legacy fortran compiler.
configure:17596: checking for Fortran 77 compiler version
configure:17605: gfortran --version >&5
GNU Fortran (Ubuntu/Linaro 4.6.3-1ubuntu5) 4.6.3
Copyright (C) 2011 Free Software Foundation, Inc.

GNU Fortran comes with NO WARRANTY, to the extent permitted by law.
You may redistribute copies of GNU Fortran
under the terms of the GNU General Public License.
For more information about these matters, see the file named COPYING

configure:17616: $? = 0
configure:17605: gfortran -v >&5
Using built-in specs.
COLLECT_GCC=gfortran
COLLECT_LTO_WRAPPER=/usr/lib/gcc/x86_64-linux-gnu/4.6/lto-wrapper
Target: x86_64-linux-gnu
Configured with: ../src/configure -v --with-pkgversion='Ubuntu/Linaro 4.6.3-1ubuntu5' --with-bugurl=file:///usr/share/doc/gcc-4.6/README.Bugs --enable-languages=c,c++,fortran,objc,obj-c++ --prefix=/usr --program-suffix=-4.6 --enable-shared --enable-linker-build-id --with-system-zlib --libexecdir=/usr/lib --without-included-gettext --enable-threads=posix --with-gxx-include-dir=/usr/include/c++/4.6 --libdir=/usr/lib --enable-nls --with-sysroot=/ --enable-clocale=gnu --enable-libstdcxx-debug --enable-libstdcxx-time=yes --enable-gnu-unique-object --enable-plugin --enable-objc-gc --disable-werror --with-arch-32=i686 --with-tune=generic --enable-checking=release --build=x86_64-linux-gnu --host=x86_64-linux-gnu --target=x86_64-linux-gnu
Thread model: posix
gcc version 4.6.3 (Ubuntu/Linaro 4.6.3-1ubuntu5) 
configure:17616: $? = 0
configure:17605: gfortran -V >&5
gfortran: error: unrecognized option '-V'
gfortran: fatal error: no input files
compilation terminated.
configure:17616: $? = 4
configure:17605: gfortran -qversion >&5
gfortran: error: unrecognized option '-qversion'
gfortran: fatal error: no input files
compilation terminated.
configure:17616: $? = 4
configure:17625: checking whether we are using the GNU Fortran 77 compiler
configure:17638: gfortran -c    conftest.F >&5
configure:17638: $? = 0
configure:17647: result: yes
configure:17653: checking whether gfortran accepts -g
configure:17664: gfortran -c -g conftest.f >&5
configure:17664: $? = 0
configure:17672: result: yes
configure:17809: checking if libtool supports shared libraries
configure:17811: result: yes
configure:17814: checking whether to build shared libraries
configure:17834: result: yes
configure:17837: checking whether to build static libraries
configure:17841: result: yes
configure:18145: checking for gfortran option to produce PIC
configure:18152: result: -fPIC
configure:18160: checking if gfortran PIC flag -fPIC works
configure:18178: gfortran -c    -fPIC conftest.f >&5
configure:18182: $? = 0
configure:18195: result: yes
configure:18218: checking if gfortran static flag -static works
configure:18246: result: yes
configure:18258: checking if gfortran supports -c -o file.o
configure:18279: gfortran -c    -o out/conftest2.o conftest.f >&5
configure:18283: $? = 0
configure:18305: result: yes
configure:18310: checking if gfortran supports -c -o file.o
configure:18357: result: yes
configure:18387: checking whether the gfortran linker (/usr/bin/ld -m elf_x86_64) supports shared libraries
configure:19495: result: yes
configure:19638: checking dynamic linker characteristics
configure:20306: result: GNU/Linux ld.so
configure:20359: checking how to hardcode library paths into programs
configure:20384: result: immediate
configure:20421: checking how to get verbose linking output from gfortran
configure:20431: gfortran -c    conftest.f >&5
configure:20431: $? = 0
configure:20449: gfortran -o conftest -v conftest.f
Using built-in specs.
Target: x86_64-linux-gnu
Thread model: posix
gcc version 4.6.3 (Ubuntu/Linaro 4.6.3-1ubuntu5) 
 /usr/lib/gcc/x86_64-linux-gnu/4.6/f951 conftest.f -ffixed-form -quiet -dumpbase conftest.f -mtune=generic -march=x86-64 -auxbase conftest -version -fintrinsic-modules-path /usr/lib/gcc/x86_64-linux-gnu/4.6/finclude -o /tmp/ccNODOxc.s
GNU Fortran (Ubuntu/Linaro 4.6.3-1ubuntu5) version 4.6.3 (x86_64-linux-gnu)
	compiled by GNU C version 4.6.3, GMP version 5.0.2, MPFR version 3.1.0-p3, MPC version 0.9
GGC heuristics: --param ggc-min-expand=100 --param ggc-min-heapsize=131072
GNU Fortran (Ubuntu/Linaro 4.6.3-1ubuntu5) version 4.6.3 (x86_64-linux-gnu)
	compiled by GNU C version 4.6.3, GMP version 5.0.2, MPFR version 3.1.0-p3, MPC version 0.9
GGC heuristics: --param ggc-min-expand=100 --param ggc-min-heapsize=131072
 as --64 -o /tmp/cc09xQmG.o /tmp/ccNODOxc.s
Reading specs from /usr/lib/gcc/x86_64-linux-gnu/4.6/libgfortran.spec
rename spec lib to liborig
 /usr/lib/gcc/x86_64-linux-gnu/4.6/collect2 --sysroot=/ --build-id --no-add-needed --as-needed --eh-frame-hdr -m elf_x86_64 --hash-style=gnu -dynamic-linker /lib64/ld-linux-x86-64.so.2 -z relro -o conftest /usr/lib/gcc/x86_64-linux-gnu/4.6/../../../x86_64-linux-gnu/crt1.o /usr/lib/gcc/x86_64-linux-gnu/4.6/../../../x86_64-linux-gnu/crti.o /usr/lib/gcc/x86_64-linux-gnu/4.6/crtbegin.o -L/usr/lib/gcc/x86_64-linux-gnu/4.6 -L/usr/lib/gcc/x86_64-linux-gnu/4.6/../../../x86_64-linux-gnu -L/usr/lib/gcc/x86_64-linux-gnu/4.6/../../../../lib -L/lib/x86_64-linux-gnu -L/lib/../lib -L/usr/lib/x86_64-linux-gnu -L/usr/lib/../lib -L/usr/lib/gcc/x86_64-linux-gnu/4.6/../../.. /tmp/cc09xQmG.o -lgfortran -lm -lgcc_s -lgcc -lquadmath -lm -lgcc_s -lgcc -lc -lgcc_s -lgcc /usr/lib/gcc/x86_64-linux-gnu/4.6/crtend.o /usr/lib/gcc/x86_64-linux-gnu/4.6/../../../x86_64-linux-gnu/crtn.o
configure:20515: result: -v
configure:20517: checking for Fortran 77 libraries of gfortran
configure:20540: gfortran -o conftest -v conftest.f
Using built-in specs.
Target: x86_64-linux-gnu
Thread model: posix
gcc version 4.6.3 (Ubuntu/Linaro 4.6.3-1ubuntu5) 
 /usr/lib/gcc/x86_64-linux-gnu/4.6/f951 conftest.f -ffixed-form -quiet -dumpbase conftest.f -mtune=generic -march=x86-64 -auxbase conftest -version -fintrinsic-modules-path /usr/lib/gcc/x86_64-linux-gnu/4.6/finclude -o /tmp/cckeMend.s
GNU Fortran (Ubuntu/Linaro 4.6.3-1ubuntu5) version 4.6.3 (x86_64-linux-gnu)
	compiled by GNU C version 4.6.3, GMP version 5.0.2, MPFR version 3.1.0-p3, MPC version 0.9
GGC heuristics: --param ggc-min-expand=100 --param ggc-min-heapsize=131072
GNU Fortran (Ubuntu/Linaro 4.6.3-1ubuntu5) version 4.6.3 (x86_64-linux-gnu)
	compiled by GNU C version 4.6.3, GMP version 5.0.2, MPFR version 3.1.0-p3, MPC version 0.9
GGC heuristics: --param ggc-min-expand=100 --param ggc-min-heapsize=131072
 as --64 -o /tmp/ccIWLXiH.o /tmp/cckeMend.s
Reading specs from /usr/lib/gcc/x86_64-linux-gnu/4.6/libgfortran.spec
rename spec lib to liborig
 /usr/lib/gcc/x86_64-linux-gnu/4.6/collect2 --sysroot=/ --build-id --no-add-needed --as-needed --eh-frame-hdr -m elf_x86_64 --hash-style=gnu -dynamic-linker /lib64/ld-linux-x86-64.so.2 -z relro -o conftest /usr/lib/gcc/x86_64-linux-gnu/4.6/../../../x86_64-linux-gnu/crt1.o /usr/lib/gcc/x86_64-linux-gnu/4.6/../../../x86_64-linux-gnu/crti.o /usr/lib/gcc/x86_64-linux-gnu/4.6/crtbegin.o -L/usr/lib/gcc/x86_64-linux-gnu/4.6 -L/usr/lib/gcc/x86_64-linux-gnu/4.6/../../../x86_64-linux-gnu -L/usr/lib/gcc/x86_64-linux-gnu/4.6/../../../../lib -L/lib/x86_64-linux-gnu -L/lib/../lib -L/usr/lib/x86_64-linux-gnu -L/usr/lib/../lib -L/usr/lib/gcc/x86_64-linux-gnu/4.6/../../.. /tmp/ccIWLXiH.o -lgfortran -lm -lgcc_s -lgcc -lquadmath -lm -lgcc_s -lgcc -lc -lgcc_s -lgcc /usr/lib/gcc/x86_64-linux-gnu/4.6/crtend.o /usr/lib/gcc/x86_64-linux-gnu/4.6/../../../x86_64-linux-gnu/crtn.o
configure:20715: result:  -L/usr/lib/gcc/x86_64-linux-gnu/4.6 -L/usr/lib/gcc/x86_64-linux-gnu/4.6/../../../x86_64-linux-gnu -L/usr/lib/gcc/x86_64-linux-gnu/4.6/../../../../lib -L/lib/x86_64-linux-gnu -L/lib/../lib -L/usr/lib/x86_64-linux-gnu -L/usr/lib/../lib -L/usr/lib/gcc/x86_64-linux-gnu/4.6/../../.. -lgfortran -lm -lquadmath
configure:20728: *** Fishing for modern Fortran compiler
configure:20836: checking for Fortran compiler version
configure:20845: gfortran --version >&5
GNU Fortran (Ubuntu/Linaro 4.6.3-1ubuntu5) 4.6.3
Copyright (C) 2011 Free Software Foundation, Inc.

GNU Fortran comes with NO WARRANTY, to the extent permitted by law.
You may redistribute copies of GNU Fortran
under the terms of the GNU General Public License.
For more information about these matters, see the file named COPYING

configure:20856: $? = 0
configure:20845: gfortran -v >&5
Using built-in specs.
COLLECT_GCC=gfortran
COLLECT_LTO_WRAPPER=/usr/lib/gcc/x86_64-linux-gnu/4.6/lto-wrapper
Target: x86_64-linux-gnu
Configured with: ../src/configure -v --with-pkgversion='Ubuntu/Linaro 4.6.3-1ubuntu5' --with-bugurl=file:///usr/share/doc/gcc-4.6/README.Bugs --enable-languages=c,c++,fortran,objc,obj-c++ --prefix=/usr --program-suffix=-4.6 --enable-shared --enable-linker-build-id --with-system-zlib --libexecdir=/usr/lib --without-included-gettext --enable-threads=posix --with-gxx-include-dir=/usr/include/c++/4.6 --libdir=/usr/lib --enable-nls --with-sysroot=/ --enable-clocale=gnu --enable-libstdcxx-debug --enable-libstdcxx-time=yes --enable-gnu-unique-object --enable-plugin --enable-objc-gc --disable-werror --with-arch-32=i686 --with-tune=generic --enable-checking=release --build=x86_64-linux-gnu --host=x86_64-linux-gnu --target=x86_64-linux-gnu
Thread model: posix
gcc version 4.6.3 (Ubuntu/Linaro 4.6.3-1ubuntu5) 
configure:20856: $? = 0
configure:20845: gfortran -V >&5
gfortran: error: unrecognized option '-V'
gfortran: fatal error: no input files
compilation terminated.
configure:20856: $? = 4
configure:20845: gfortran -qversion >&5
gfortran: error: unrecognized option '-qversion'
gfortran: fatal error: no input files
compilation terminated.
configure:20856: $? = 4
configure:20865: checking whether we are using the GNU Fortran compiler
configure:20887: result: yes
configure:20893: checking whether gfortran accepts -g
configure:20912: result: yes
configure:20940: checking how to get verbose linking output from gfortran
configure:20950: gfortran -c  -I/usr/include  conftest.f >&5
configure:20950: $? = 0
configure:20968: gfortran -o conftest -I/usr/include -v conftest.f
Using built-in specs.
Target: x86_64-linux-gnu
Thread model: posix
gcc version 4.6.3 (Ubuntu/Linaro 4.6.3-1ubuntu5) 
 /usr/lib/gcc/x86_64-linux-gnu/4.6/f951 conftest.f -ffixed-form -I /usr/include -quiet -dumpbase conftest.f -mtune=generic -march=x86-64 -auxbase conftest -version -fintrinsic-modules-path /usr/lib/gcc/x86_64-linux-gnu/4.6/finclude -o /tmp/ccJ9mBhj.s
GNU Fortran (Ubuntu/Linaro 4.6.3-1ubuntu5) version 4.6.3 (x86_64-linux-gnu)
	compiled by GNU C version 4.6.3, GMP version 5.0.2, MPFR version 3.1.0-p3, MPC version 0.9
GGC heuristics: --param ggc-min-expand=100 --param ggc-min-heapsize=131072
GNU Fortran (Ubuntu/Linaro 4.6.3-1ubuntu5) version 4.6.3 (x86_64-linux-gnu)
	compiled by GNU C version 4.6.3, GMP version 5.0.2, MPFR version 3.1.0-p3, MPC version 0.9
GGC heuristics: --param ggc-min-expand=100 --param ggc-min-heapsize=131072
 as --64 -o /tmp/ccB0rypN.o /tmp/ccJ9mBhj.s
Reading specs from /usr/lib/gcc/x86_64-linux-gnu/4.6/libgfortran.spec
rename spec lib to liborig
 /usr/lib/gcc/x86_64-linux-gnu/4.6/collect2 --sysroot=/ --build-id --no-add-needed --as-needed --eh-frame-hdr -m elf_x86_64 --hash-style=gnu -dynamic-linker /lib64/ld-linux-x86-64.so.2 -z relro -o conftest /usr/lib/gcc/x86_64-linux-gnu/4.6/../../../x86_64-linux-gnu/crt1.o /usr/lib/gcc/x86_64-linux-gnu/4.6/../../../x86_64-linux-gnu/crti.o /usr/lib/gcc/x86_64-linux-gnu/4.6/crtbegin.o -L/usr/lib/gcc/x86_64-linux-gnu/4.6 -L/usr/lib/gcc/x86_64-linux-gnu/4.6/../../../x86_64-linux-gnu -L/usr/lib/gcc/x86_64-linux-gnu/4.6/../../../../lib -L/lib/x86_64-linux-gnu -L/lib/../lib -L/usr/lib/x86_64-linux-gnu -L/usr/lib/../lib -L/usr/lib/gcc/x86_64-linux-gnu/4.6/../../.. /tmp/ccB0rypN.o -lgfortran -lm -lgcc_s -lgcc -lquadmath -lm -lgcc_s -lgcc -lc -lgcc_s -lgcc /usr/lib/gcc/x86_64-linux-gnu/4.6/crtend.o /usr/lib/gcc/x86_64-linux-gnu/4.6/../../../x86_64-linux-gnu/crtn.o
configure:21034: result: -v
configure:21036: checking for Fortran libraries of gfortran
configure:21059: gfortran -o conftest -I/usr/include -v conftest.f
Using built-in specs.
Target: x86_64-linux-gnu
Thread model: posix
gcc version 4.6.3 (Ubuntu/Linaro 4.6.3-1ubuntu5) 
 /usr/lib/gcc/x86_64-linux-gnu/4.6/f951 conftest.f -ffixed-form -I /usr/include -quiet -dumpbase conftest.f -mtune=generic -march=x86-64 -auxbase conftest -version -fintrinsic-modules-path /usr/lib/gcc/x86_64-linux-gnu/4.6/finclude -o /tmp/ccWkbuvo.s
GNU Fortran (Ubuntu/Linaro 4.6.3-1ubuntu5) version 4.6.3 (x86_64-linux-gnu)
	compiled by GNU C version 4.6.3, GMP version 5.0.2, MPFR version 3.1.0-p3, MPC version 0.9
GGC heuristics: --param ggc-min-expand=100 --param ggc-min-heapsize=131072
GNU Fortran (Ubuntu/Linaro 4.6.3-1ubuntu5) version 4.6.3 (x86_64-linux-gnu)
	compiled by GNU C version 4.6.3, GMP version 5.0.2, MPFR version 3.1.0-p3, MPC version 0.9
GGC heuristics: --param ggc-min-expand=100 --param ggc-min-heapsize=131072
 as --64 -o /tmp/ccBEd2JS.o /tmp/ccWkbuvo.s
Reading specs from /usr/lib/gcc/x86_64-linux-gnu/4.6/libgfortran.spec
rename spec lib to liborig
 /usr/lib/gcc/x86_64-linux-gnu/4.6/collect2 --sysroot=/ --build-id --no-add-needed --as-needed --eh-frame-hdr -m elf_x86_64 --hash-style=gnu -dynamic-linker /lib64/ld-linux-x86-64.so.2 -z relro -o conftest /usr/lib/gcc/x86_64-linux-gnu/4.6/../../../x86_64-linux-gnu/crt1.o /usr/lib/gcc/x86_64-linux-gnu/4.6/../../../x86_64-linux-gnu/crti.o /usr/lib/gcc/x86_64-linux-gnu/4.6/crtbegin.o -L/usr/lib/gcc/x86_64-linux-gnu/4.6 -L/usr/lib/gcc/x86_64-linux-gnu/4.6/../../../x86_64-linux-gnu -L/usr/lib/gcc/x86_64-linux-gnu/4.6/../../../../lib -L/lib/x86_64-linux-gnu -L/lib/../lib -L/usr/lib/x86_64-linux-gnu -L/usr/lib/../lib -L/usr/lib/gcc/x86_64-linux-gnu/4.6/../../.. /tmp/ccBEd2JS.o -lgfortran -lm -lgcc_s -lgcc -lquadmath -lm -lgcc_s -lgcc -lc -lgcc_s -lgcc /usr/lib/gcc/x86_64-linux-gnu/4.6/crtend.o /usr/lib/gcc/x86_64-linux-gnu/4.6/../../../x86_64-linux-gnu/crtn.o
configure:21234: result:  -L/usr/lib/gcc/x86_64-linux-gnu/4.6 -L/usr/lib/gcc/x86_64-linux-gnu/4.6/../../../x86_64-linux-gnu -L/usr/lib/gcc/x86_64-linux-gnu/4.6/../../../../lib -L/lib/x86_64-linux-gnu -L/lib/../lib -L/usr/lib/x86_64-linux-gnu -L/usr/lib/../lib -L/usr/lib/gcc/x86_64-linux-gnu/4.6/../../.. -lgfortran -lm -lquadmath
configure:21257: *** Assuming that gfortran can process both free and fixed form fortran files.
configure:21377: checking for C++ compiler version
configure:21386: g++ --version >&5
g++ (Ubuntu/Linaro 4.6.3-1ubuntu5) 4.6.3
Copyright (C) 2011 Free Software Foundation, Inc.
This is free software; see the source for copying conditions.  There is NO
warranty; not even for MERCHANTABILITY or FITNESS FOR A PARTICULAR PURPOSE.

configure:21397: $? = 0
configure:21386: g++ -v >&5
Using built-in specs.
COLLECT_GCC=g++
COLLECT_LTO_WRAPPER=/usr/lib/gcc/x86_64-linux-gnu/4.6/lto-wrapper
Target: x86_64-linux-gnu
Configured with: ../src/configure -v --with-pkgversion='Ubuntu/Linaro 4.6.3-1ubuntu5' --with-bugurl=file:///usr/share/doc/gcc-4.6/README.Bugs --enable-languages=c,c++,fortran,objc,obj-c++ --prefix=/usr --program-suffix=-4.6 --enable-shared --enable-linker-build-id --with-system-zlib --libexecdir=/usr/lib --without-included-gettext --enable-threads=posix --with-gxx-include-dir=/usr/include/c++/4.6 --libdir=/usr/lib --enable-nls --with-sysroot=/ --enable-clocale=gnu --enable-libstdcxx-debug --enable-libstdcxx-time=yes --enable-gnu-unique-object --enable-plugin --enable-objc-gc --disable-werror --with-arch-32=i686 --with-tune=generic --enable-checking=release --build=x86_64-linux-gnu --host=x86_64-linux-gnu --target=x86_64-linux-gnu
Thread model: posix
gcc version 4.6.3 (Ubuntu/Linaro 4.6.3-1ubuntu5) 
configure:21397: $? = 0
configure:21386: g++ -V >&5
g++: error: unrecognized option '-V'
g++: fatal error: no input files
compilation terminated.
configure:21397: $? = 4
configure:21386: g++ -qversion >&5
g++: error: unrecognized option '-qversion'
g++: fatal error: no input files
compilation terminated.
configure:21397: $? = 4
configure:21401: checking whether we are using the GNU C++ compiler
configure:21429: result: yes
configure:21438: checking whether g++ accepts -g
configure:21499: result: yes
configure:21527: checking how to run the C preprocessor
configure:21597: result: gcc -E
configure:21617: gcc -E  conftest.c
configure:21617: $? = 0
configure:21631: gcc -E  conftest.c
conftest.c:21:28: fatal error: ac_nonexistent.h: No such file or directory
compilation terminated.
configure:21631: $? = 1
configure: failed program was:
| /* confdefs.h */
| #define PACKAGE_NAME ""
| #define PACKAGE_TARNAME ""
| #define PACKAGE_VERSION ""
| #define PACKAGE_STRING ""
| #define PACKAGE_BUGREPORT ""
| #define PACKAGE_URL ""
| #define STDC_HEADERS 1
| #define HAVE_SYS_TYPES_H 1
| #define HAVE_SYS_STAT_H 1
| #define HAVE_STDLIB_H 1
| #define HAVE_STRING_H 1
| #define HAVE_MEMORY_H 1
| #define HAVE_STRINGS_H 1
| #define HAVE_INTTYPES_H 1
| #define HAVE_STDINT_H 1
| #define HAVE_UNISTD_H 1
| #define HAVE_DLFCN_H 1
| #define LT_OBJDIR ".libs/"
| /* end confdefs.h.  */
| #include <ac_nonexistent.h>
configure:21665: checking size of long int
configure:21670: gcc -o conftest      conftest.c  >&5
configure:21670: $? = 0
configure:21670: ./conftest
configure:21670: $? = 0
configure:21684: result: 8
configure:21705: checking how to get verbose linking output from gfortran
configure:21799: result: -v
configure:21801: checking for Fortran libraries of gfortran
configure:21999: result:  -L/usr/lib/gcc/x86_64-linux-gnu/4.6 -L/usr/lib/gcc/x86_64-linux-gnu/4.6/../../../x86_64-linux-gnu -L/usr/lib/gcc/x86_64-linux-gnu/4.6/../../../../lib -L/lib/x86_64-linux-gnu -L/lib/../lib -L/usr/lib/x86_64-linux-gnu -L/usr/lib/../lib -L/usr/lib/gcc/x86_64-linux-gnu/4.6/../../.. -lgfortran -lm -lquadmath
configure:22016: checking for dummy main to link with Fortran 77 libraries
configure:22050: gcc -o conftest      conftest.c   -L/usr/lib/gcc/x86_64-linux-gnu/4.6 -L/usr/lib/gcc/x86_64-linux-gnu/4.6/../../../x86_64-linux-gnu -L/usr/lib/gcc/x86_64-linux-gnu/4.6/../../../../lib -L/lib/x86_64-linux-gnu -L/lib/../lib -L/usr/lib/x86_64-linux-gnu -L/usr/lib/../lib -L/usr/lib/gcc/x86_64-linux-gnu/4.6/../../.. -lgfortran -lm -lquadmath >&5
configure:22050: $? = 0
configure:22095: result: none
configure:22128: checking for Fortran 77 name-mangling scheme
configure:22141: gfortran -c    conftest.f >&5
configure:22141: $? = 0
configure:22182: gcc -o conftest      conftest.c cfortran_test.o   -L/usr/lib/gcc/x86_64-linux-gnu/4.6 -L/usr/lib/gcc/x86_64-linux-gnu/4.6/../../../x86_64-linux-gnu -L/usr/lib/gcc/x86_64-linux-gnu/4.6/../../../../lib -L/lib/x86_64-linux-gnu -L/lib/../lib -L/usr/lib/x86_64-linux-gnu -L/usr/lib/../lib -L/usr/lib/gcc/x86_64-linux-gnu/4.6/../../.. -lgfortran -lm -lquadmath >&5
/tmp/ccBnwse4.o: In function `main':
conftest.c:(.text+0xa): undefined reference to `foobar'
collect2: ld returned 1 exit status
configure:22182: $? = 1
configure: failed program was:
| /* confdefs.h */
| #define PACKAGE_NAME ""
| #define PACKAGE_TARNAME ""
| #define PACKAGE_VERSION ""
| #define PACKAGE_STRING ""
| #define PACKAGE_BUGREPORT ""
| #define PACKAGE_URL ""
| #define STDC_HEADERS 1
| #define HAVE_SYS_TYPES_H 1
| #define HAVE_SYS_STAT_H 1
| #define HAVE_STDLIB_H 1
| #define HAVE_STRING_H 1
| #define HAVE_MEMORY_H 1
| #define HAVE_STRINGS_H 1
| #define HAVE_INTTYPES_H 1
| #define HAVE_STDINT_H 1
| #define HAVE_UNISTD_H 1
| #define HAVE_DLFCN_H 1
| #define LT_OBJDIR ".libs/"
| #define SIZEOF_LONG_INT 8
| #define LONG_64_BITS 1
| /* end confdefs.h.  */
| 
| /* Override any GCC internal prototype to avoid an error.
|    Use char because int might match the return type of a GCC
|    builtin and then its argument prototype would still apply.  */
| #ifdef __cplusplus
| extern "C"
| #endif
| char foobar ();
| #ifdef F77_DUMMY_MAIN
| 
| #  ifdef __cplusplus
|      extern "C"
| #  endif
|    int F77_DUMMY_MAIN() { return 1; }
| 
| #endif
| int
| main ()
| {
| return foobar ();
|   ;
|   return 0;
| }
configure:22182: gcc -o conftest      conftest.c cfortran_test.o   -L/usr/lib/gcc/x86_64-linux-gnu/4.6 -L/usr/lib/gcc/x86_64-linux-gnu/4.6/../../../x86_64-linux-gnu -L/usr/lib/gcc/x86_64-linux-gnu/4.6/../../../../lib -L/lib/x86_64-linux-gnu -L/lib/../lib -L/usr/lib/x86_64-linux-gnu -L/usr/lib/../lib -L/usr/lib/gcc/x86_64-linux-gnu/4.6/../../.. -lgfortran -lm -lquadmath >&5
configure:22182: $? = 0
configure:22240: gcc -o conftest      conftest.c cfortran_test.o   -L/usr/lib/gcc/x86_64-linux-gnu/4.6 -L/usr/lib/gcc/x86_64-linux-gnu/4.6/../../../x86_64-linux-gnu -L/usr/lib/gcc/x86_64-linux-gnu/4.6/../../../../lib -L/lib/x86_64-linux-gnu -L/lib/../lib -L/usr/lib/x86_64-linux-gnu -L/usr/lib/../lib -L/usr/lib/gcc/x86_64-linux-gnu/4.6/../../.. -lgfortran -lm -lquadmath >&5
configure:22240: $? = 0
configure:22282: result: lower case, underscore, no extra underscore
configure:22356: checking for main in -lstdc++
configure:22383: gcc -o conftest      conftest.c -lstdc++   >&5
configure:22383: $? = 0
configure:22392: result: yes
configure:22403: checking for main in -lm
configure:22430: gcc -o conftest      conftest.c -lm  -lstdc++  >&5
configure:22430: $? = 0
configure:22439: result: yes
configure:22450: checking for main in -lpthread
configure:22477: gcc -o conftest      conftest.c -lpthread  -lm -lstdc++  >&5
configure:22477: $? = 0
configure:22486: result: yes
configure:22523: checking how do we get fortran 77 to allow long lines
configure:22533: gfortran -c    conftest.f >&5
conftest.f:3.16:

       PRINT*, "hello world                                             
                1
Error: Unterminated character constant beginning at (1)
configure:22533: $? = 1
configure: failed program was:
|       program main
| 
|        PRINT*, "hello world                                                                                      "
|       end
configure:22551: gfortran -c -extend_source conftest.f >&5
conftest.f:3.16:

       PRINT*, "hello world                                             
                1
Error: Unterminated character constant beginning at (1)
configure:22551: $? = 1
configure: failed program was:
|       program main
| 
|        PRINT*, "hello world                                                                                      "
|       end
configure:22569: gfortran -c -132 conftest.f >&5
gfortran: error: unrecognized option '-132'
configure:22569: $? = 1
configure: failed program was:
|       program main
| 
|        PRINT*, "hello world                                                                                      "
|       end
configure:22587: gfortran -c -ffree-line-length-none -ffixed-line-length-none conftest.f >&5
configure:22587: $? = 0
configure:22590: result: -ffree-line-length-none -ffixed-line-length-none
configure:22735: checking for a BSD-compatible install
configure:22803: result: /usr/bin/install -c
configure:22816: checking for gmake
configure:22844: result: make
configure:22857: checking for ar
configure:22884: result: ar
configure:22936: checking for ranlib
configure:22963: result: ranlib
configure:23017: Setting optimisation flags
configure:23207: creating ./config.status

## ---------------------- ##
## Running config.status. ##
## ---------------------- ##

This file was extended by config.status, which was
generated by GNU Autoconf 2.68.  Invocation command line was

  CONFIG_FILES    = 
  CONFIG_HEADERS  = 
  CONFIG_LINKS    = 
  CONFIG_COMMANDS = 
  $ ./config.status 

on dunhui-laptop

config.status:24597: creating Makefile
config.status:24597: creating src/tests/Makefile
config.status:24597: creating examples/Makefile
config.status:24597: creating bin/spud-preprocess
config.status:24597: creating diamond/setup.py
config.status:24597: creating diamond/diamond/plugins.py
config.status:24597: creating diamond/diamond/preprocess.py
config.status:24761: executing libtool commands

## ---------------- ##
## Cache variables. ##
## ---------------- ##

ac_cv_build='x86_64-unknown-linux-gnu'
ac_cv_c_compiler_gnu='yes'
ac_cv_cxx_compiler_gnu='yes'
ac_cv_env_CCC_set=''
ac_cv_env_CCC_value=''
ac_cv_env_CC_set=''
ac_cv_env_CC_value=''
ac_cv_env_CFLAGS_set='set'
ac_cv_env_CFLAGS_value='  '
ac_cv_env_CPPFLAGS_set='set'
ac_cv_env_CPPFLAGS_value=''
ac_cv_env_CPP_set=''
ac_cv_env_CPP_value=''
ac_cv_env_CXXCPP_set=''
ac_cv_env_CXXCPP_value=''
ac_cv_env_CXXFLAGS_set='set'
ac_cv_env_CXXFLAGS_value='  '
ac_cv_env_CXX_set=''
ac_cv_env_CXX_value=''
ac_cv_env_F77_set='set'
ac_cv_env_F77_value='gfortran'
ac_cv_env_FCFLAGS_set='set'
ac_cv_env_FCFLAGS_value=''
ac_cv_env_FC_set='set'
ac_cv_env_FC_value='gfortran'
ac_cv_env_FFLAGS_set='set'
ac_cv_env_FFLAGS_value='  '
ac_cv_env_LDFLAGS_set=''
ac_cv_env_LDFLAGS_value=''
ac_cv_env_LIBS_set='set'
ac_cv_env_LIBS_value=''
ac_cv_env_build_alias_set=''
ac_cv_env_build_alias_value=''
ac_cv_env_host_alias_set=''
ac_cv_env_host_alias_value=''
ac_cv_env_target_alias_set=''
ac_cv_env_target_alias_value=''
ac_cv_f77_compiler_gnu='yes'
ac_cv_f77_dummy_main='none'
ac_cv_f77_libs=' -L/usr/lib/gcc/x86_64-linux-gnu/4.6 -L/usr/lib/gcc/x86_64-linux-gnu/4.6/../../../x86_64-linux-gnu -L/usr/lib/gcc/x86_64-linux-gnu/4.6/../../../../lib -L/lib/x86_64-linux-gnu -L/lib/../lib -L/usr/lib/x86_64-linux-gnu -L/usr/lib/../lib -L/usr/lib/gcc/x86_64-linux-gnu/4.6/../../.. -lgfortran -lm -lquadmath'
ac_cv_f77_mangling='lower case, underscore, no extra underscore'
ac_cv_fc_compiler_gnu='yes'
ac_cv_fc_libs=' -L/usr/lib/gcc/x86_64-linux-gnu/4.6 -L/usr/lib/gcc/x86_64-linux-gnu/4.6/../../../x86_64-linux-gnu -L/usr/lib/gcc/x86_64-linux-gnu/4.6/../../../../lib -L/lib/x86_64-linux-gnu -L/lib/../lib -L/usr/lib/x86_64-linux-gnu -L/usr/lib/../lib -L/usr/lib/gcc/x86_64-linux-gnu/4.6/../../.. -lgfortran -lm -lquadmath'
ac_cv_fortran_dummy_main='none'
ac_cv_header_dlfcn_h='yes'
ac_cv_header_inttypes_h='yes'
ac_cv_header_memory_h='yes'
ac_cv_header_stdc='yes'
ac_cv_header_stdint_h='yes'
ac_cv_header_stdlib_h='yes'
ac_cv_header_string_h='yes'
ac_cv_header_strings_h='yes'
ac_cv_header_sys_stat_h='yes'
ac_cv_header_sys_types_h='yes'
ac_cv_header_unistd_h='yes'
ac_cv_host='x86_64-unknown-linux-gnu'
ac_cv_lib_m_main='yes'
ac_cv_lib_pthread_main='yes'
ac_cv_lib_stdcpp_main='yes'
ac_cv_objext='o'
ac_cv_path_EGREP='/bin/grep -E'
ac_cv_path_FGREP='/bin/grep -F'
ac_cv_path_GREP='/bin/grep'
ac_cv_path_SED='/bin/sed'
ac_cv_path_install='/usr/bin/install -c'
ac_cv_prog_AR='ar'
ac_cv_prog_AWK='gawk'
ac_cv_prog_CPP='gcc -E'
ac_cv_prog_CXXCPP='g++ -E'
ac_cv_prog_MAKE='make'
ac_cv_prog_ac_ct_AR='ar'
ac_cv_prog_ac_ct_CC='gcc'
ac_cv_prog_ac_ct_CXX='g++'
ac_cv_prog_ac_ct_MANIFEST_TOOL='mt'
ac_cv_prog_ac_ct_OBJDUMP='objdump'
ac_cv_prog_ac_ct_RANLIB='ranlib'
ac_cv_prog_ac_ct_STRIP='strip'
ac_cv_prog_cc_c89=''
ac_cv_prog_cc_g='yes'
ac_cv_prog_cxx_g='yes'
ac_cv_prog_f77_g='yes'
ac_cv_prog_f77_v='-v'
ac_cv_prog_fc_g='yes'
ac_cv_prog_fc_v='-v'
ac_cv_sizeof_long_int='8'
lt_cv_ar_at_file='@'
lt_cv_archive_cmds_need_lc='no'
lt_cv_deplibs_check_method='pass_all'
lt_cv_file_magic_cmd='$MAGIC_CMD'
lt_cv_file_magic_test_file=''
lt_cv_ld_reload_flag='-r'
lt_cv_nm_interface='BSD nm'
lt_cv_objdir='.libs'
lt_cv_path_LD='/usr/bin/ld'
lt_cv_path_LDCXX='/usr/bin/ld -m elf_x86_64'
lt_cv_path_NM='/usr/bin/nm -B'
lt_cv_path_mainfest_tool='no'
lt_cv_prog_compiler_c_o='yes'
lt_cv_prog_compiler_c_o_CXX='yes'
lt_cv_prog_compiler_c_o_F77='yes'
lt_cv_prog_compiler_c_o_FC='yes'
lt_cv_prog_compiler_pic='-fPIC -DPIC'
lt_cv_prog_compiler_pic_CXX='-fPIC -DPIC'
lt_cv_prog_compiler_pic_F77='-fPIC'
lt_cv_prog_compiler_pic_FC='-fPIC'
lt_cv_prog_compiler_pic_works='yes'
lt_cv_prog_compiler_pic_works_CXX='yes'
lt_cv_prog_compiler_pic_works_F77='yes'
lt_cv_prog_compiler_pic_works_FC='yes'
lt_cv_prog_compiler_rtti_exceptions='no'
lt_cv_prog_compiler_static_works='yes'
lt_cv_prog_compiler_static_works_CXX='yes'
lt_cv_prog_compiler_static_works_F77='yes'
lt_cv_prog_compiler_static_works_FC='yes'
lt_cv_prog_gnu_ld='yes'
lt_cv_prog_gnu_ldcxx='yes'
lt_cv_sharedlib_from_linklib_cmd='printf %s\n'
lt_cv_shlibpath_overrides_runpath='no'
lt_cv_sys_global_symbol_pipe='sed -n -e '"'"'s/^.*[	 ]\([ABCDGIRSTW][ABCDGIRSTW]*\)[	 ][	 ]*\([_A-Za-z][_A-Za-z0-9]*\)$/\1 \2 \2/p'"'"' | sed '"'"'/ __gnu_lto/d'"'"
lt_cv_sys_global_symbol_to_c_name_address='sed -n -e '"'"'s/^: \([^ ]*\)[ ]*$/  {\"\1\", (void *) 0},/p'"'"' -e '"'"'s/^[ABCDGIRSTW]* \([^ ]*\) \([^ ]*\)$/  {"\2", (void *) \&\2},/p'"'"
lt_cv_sys_global_symbol_to_c_name_address_lib_prefix='sed -n -e '"'"'s/^: \([^ ]*\)[ ]*$/  {\"\1\", (void *) 0},/p'"'"' -e '"'"'s/^[ABCDGIRSTW]* \([^ ]*\) \(lib[^ ]*\)$/  {"\2", (void *) \&\2},/p'"'"' -e '"'"'s/^[ABCDGIRSTW]* \([^ ]*\) \([^ ]*\)$/  {"lib\2", (void *) \&\2},/p'"'"
lt_cv_sys_global_symbol_to_cdecl='sed -n -e '"'"'s/^T .* \(.*\)$/extern int \1();/p'"'"' -e '"'"'s/^[ABCDGIRSTW]* .* \(.*\)$/extern char \1;/p'"'"
lt_cv_sys_max_cmd_len='1572864'
lt_cv_to_host_file_cmd='func_convert_file_noop'
lt_cv_to_tool_file_cmd='func_convert_file_noop'

## ----------------- ##
## Output variables. ##
## ----------------- ##

AR='ar'
ARFLAGS='cr'
AWK='gawk'
CC='gcc'
CFLAGS='  '
CPP='gcc -E'
CPPFLAGS=' -DUSING_GFORTRAN=1 -DNDEBUG=1'
CXX='g++'
CXXCPP='g++ -E'
CXXFLAGS='-O3 '
DEFS='-DPACKAGE_NAME=\"\" -DPACKAGE_TARNAME=\"\" -DPACKAGE_VERSION=\"\" -DPACKAGE_STRING=\"\" -DPACKAGE_BUGREPORT=\"\" -DPACKAGE_URL=\"\" -DSTDC_HEADERS=1 -DHAVE_SYS_TYPES_H=1 -DHAVE_SYS_STAT_H=1 -DHAVE_STDLIB_H=1 -DHAVE_STRING_H=1 -DHAVE_MEMORY_H=1 -DHAVE_STRINGS_H=1 -DHAVE_INTTYPES_H=1 -DHAVE_STDINT_H=1 -DHAVE_UNISTD_H=1 -DHAVE_DLFCN_H=1 -DLT_OBJDIR=\".libs/\" -DSIZEOF_LONG_INT=8 -DLONG_64_BITS=1 -DF77_FUNC\(name,NAME\)=name\ \#\#\ _ -DF77_FUNC_\(name,NAME\)=name\ \#\#\ _ -DHAVE_LIBSTDC__=1 -DHAVE_LIBM=1 -DHAVE_LIBPTHREAD=1'
DLLTOOL='false'
DSYMUTIL=''
DUMPBIN=''
ECHO_C=''
ECHO_N='-n'
ECHO_T=''
EGREP='/bin/grep -E'
EXEEXT=''
F77='gfortran'
FC='gfortran'
FCFLAGS='-O3 -ffast-math -frecord-marker=4 -I/usr/include -ffree-line-length-none -ffixed-line-length-none'
FCLIBS=' -L/usr/lib/gcc/x86_64-linux-gnu/4.6 -L/usr/lib/gcc/x86_64-linux-gnu/4.6/../../../x86_64-linux-gnu -L/usr/lib/gcc/x86_64-linux-gnu/4.6/../../../../lib -L/lib/x86_64-linux-gnu -L/lib/../lib -L/usr/lib/x86_64-linux-gnu -L/usr/lib/../lib -L/usr/lib/gcc/x86_64-linux-gnu/4.6/../../.. -lgfortran -lm -lquadmath'
FFLAGS='   -ffree-line-length-none -ffixed-line-length-none'
FGREP='/bin/grep -F'
FLIBS=' -L/usr/lib/gcc/x86_64-linux-gnu/4.6 -L/usr/lib/gcc/x86_64-linux-gnu/4.6/../../../x86_64-linux-gnu -L/usr/lib/gcc/x86_64-linux-gnu/4.6/../../../../lib -L/lib/x86_64-linux-gnu -L/lib/../lib -L/usr/lib/x86_64-linux-gnu -L/usr/lib/../lib -L/usr/lib/gcc/x86_64-linux-gnu/4.6/../../.. -lgfortran -lm -lquadmath'
GREP='/bin/grep'
INSTALL_DATA='${INSTALL} -m 644'
INSTALL_PROGRAM='${INSTALL}'
INSTALL_SCRIPT='${INSTALL}'
LD='/usr/bin/ld -m elf_x86_64'
LDFLAGS=''
LIBOBJS=''
LIBS='  -lpthread -lm -lstdc++   -L/usr/lib/gcc/x86_64-linux-gnu/4.6 -L/usr/lib/gcc/x86_64-linux-gnu/4.6/../../../x86_64-linux-gnu -L/usr/lib/gcc/x86_64-linux-gnu/4.6/../../../../lib -L/lib/x86_64-linux-gnu -L/lib/../lib -L/usr/lib/x86_64-linux-gnu -L/usr/lib/../lib -L/usr/lib/gcc/x86_64-linux-gnu/4.6/../../.. -lgfortran -lm -lquadmath  -L/usr/lib/gcc/x86_64-linux-gnu/4.6 -L/usr/lib/gcc/x86_64-linux-gnu/4.6/../../../x86_64-linux-gnu -L/usr/lib/gcc/x86_64-linux-gnu/4.6/../../../../lib -L/lib/x86_64-linux-gnu -L/lib/../lib -L/usr/lib/x86_64-linux-gnu -L/usr/lib/../lib -L/usr/lib/gcc/x86_64-linux-gnu/4.6/../../.. -lgfortran -lm -lquadmath'
LIBTOOL='$(SHELL) $(top_builddir)/libtool'
LINKER='g++'
LIPO=''
LN_S='ln -s'
LTLIBOBJS=''
MAKE='make'
MANIFEST_TOOL=':'
NM='/usr/bin/nm -B'
NMEDIT=''
OBJDUMP='objdump'
OBJEXT='o'
OTOOL64=''
OTOOL=''
PACKAGE_BUGREPORT=''
PACKAGE_NAME=''
PACKAGE_STRING=''
PACKAGE_TARNAME=''
PACKAGE_URL=''
PACKAGE_VERSION=''
PATH_SEPARATOR=':'
PROFILING_FLAG=''
RANLIB='ranlib'
SED='/bin/sed'
SHELL='/bin/bash'
STRIP='strip'
VERSION='exported'
ac_ct_AR='ar'
ac_ct_CC='gcc'
ac_ct_CXX='g++'
ac_ct_DUMPBIN=''
ac_ct_F77=''
ac_ct_FC=''
bindir='${exec_prefix}/bin'
build='x86_64-unknown-linux-gnu'
build_alias=''
build_cpu='x86_64'
build_os='linux-gnu'
build_vendor='unknown'
datadir='${datarootdir}'
datarootdir='${prefix}/share'
docdir='${datarootdir}/doc/${PACKAGE}'
dvidir='${docdir}'
exec_prefix='${prefix}'
host='x86_64-unknown-linux-gnu'
host_alias=''
host_cpu='x86_64'
host_os='linux-gnu'
host_vendor='unknown'
htmldir='${docdir}'
includedir='${prefix}/include'
infodir='${datarootdir}/info'
libdir='${exec_prefix}/lib'
libexecdir='${exec_prefix}/libexec'
localedir='${datarootdir}/locale'
localstatedir='${prefix}/var'
mandir='${datarootdir}/man'
oldincludedir='/usr/include'
pdfdir='${docdir}'
prefix='/home/dxiao/Fluidity/ROM_Non_Intru/libspud/..'
program_transform_name='s,x,x,'
psdir='${docdir}'
sbindir='${exec_prefix}/sbin'
sharedstatedir='${prefix}/com'
sysconfdir='${prefix}/etc'
target_alias=''

## ----------- ##
## confdefs.h. ##
## ----------- ##

/* confdefs.h */
#define PACKAGE_NAME ""
#define PACKAGE_TARNAME ""
#define PACKAGE_VERSION ""
#define PACKAGE_STRING ""
#define PACKAGE_BUGREPORT ""
#define PACKAGE_URL ""
#define STDC_HEADERS 1
#define HAVE_SYS_TYPES_H 1
#define HAVE_SYS_STAT_H 1
#define HAVE_STDLIB_H 1
#define HAVE_STRING_H 1
#define HAVE_MEMORY_H 1
#define HAVE_STRINGS_H 1
#define HAVE_INTTYPES_H 1
#define HAVE_STDINT_H 1
#define HAVE_UNISTD_H 1
#define HAVE_DLFCN_H 1
#define LT_OBJDIR ".libs/"
#define SIZEOF_LONG_INT 8
#define LONG_64_BITS 1
#define F77_FUNC(name,NAME) name ## _
#define F77_FUNC_(name,NAME) name ## _
#define HAVE_LIBSTDC__ 1
#define HAVE_LIBM 1
#define HAVE_LIBPTHREAD 1

configure: exit 0
