This file contains any messages produced by compilers while
running configure, to aid debugging if configure makes a mistake.

It was created by spatialindex configure 1.8.0, which was
generated by GNU Autoconf 2.68.  Invocation command line was

  $ ./configure --prefix=/home/dp204/fluidity/MultiFluids_Dev/spatialindex-1.8.0/../ --disable-shared --without-pic --enable-debug=yes

## --------- ##
## Platform. ##
## --------- ##

hostname = penteli
uname -m = x86_64
uname -r = 3.2.0-23-generic
uname -s = Linux
uname -v = #36-Ubuntu SMP Tue Apr 10 20:39:51 UTC 2012

/usr/bin/uname -p = unknown
/bin/uname -X     = unknown

/bin/arch              = unknown
/usr/bin/arch -k       = unknown
/usr/convex/getsysinfo = unknown
/usr/bin/hostinfo      = unknown
/bin/machine           = unknown
/usr/bin/oslevel       = unknown
/bin/universe          = unknown

PATH: /usr/local/sbin
PATH: /usr/local/bin
PATH: /usr/sbin
PATH: /usr/bin
PATH: /sbin
PATH: /bin
PATH: /usr/games


## ----------- ##
## Core tests. ##
## ----------- ##

configure:2350: checking build system type
configure:2364: result: x86_64-unknown-linux-gnu
configure:2503: checking for C++ compiler version
configure:2512: mpicxx --version >&5
g++ (Ubuntu/Linaro 4.6.3-1ubuntu5) 4.6.3
Copyright (C) 2011 Free Software Foundation, Inc.
This is free software; see the source for copying conditions.  There is NO
warranty; not even for MERCHANTABILITY or FITNESS FOR A PARTICULAR PURPOSE.

configure:2523: $? = 0
configure:2512: mpicxx -v >&5
Using built-in specs.
COLLECT_GCC=/usr/bin/g++
COLLECT_LTO_WRAPPER=/usr/lib/gcc/x86_64-linux-gnu/4.6/lto-wrapper
Target: x86_64-linux-gnu
Configured with: ../src/configure -v --with-pkgversion='Ubuntu/Linaro 4.6.3-1ubuntu5' --with-bugurl=file:///usr/share/doc/gcc-4.6/README.Bugs --enable-languages=c,c++,fortran,objc,obj-c++ --prefix=/usr --program-suffix=-4.6 --enable-shared --enable-linker-build-id --with-system-zlib --libexecdir=/usr/lib --without-included-gettext --enable-threads=posix --with-gxx-include-dir=/usr/include/c++/4.6 --libdir=/usr/lib --enable-nls --with-sysroot=/ --enable-clocale=gnu --enable-libstdcxx-debug --enable-libstdcxx-time=yes --enable-gnu-unique-object --enable-plugin --enable-objc-gc --disable-werror --with-arch-32=i686 --with-tune=generic --enable-checking=release --build=x86_64-linux-gnu --host=x86_64-linux-gnu --target=x86_64-linux-gnu
Thread model: posix
gcc version 4.6.3 (Ubuntu/Linaro 4.6.3-1ubuntu5) 
configure:2523: $? = 0
configure:2512: mpicxx -V >&5
g++: error: unrecognized option '-V'
g++: fatal error: no input files
compilation terminated.
configure:2523: $? = 4
configure:2512: mpicxx -qversion >&5
g++: error: unrecognized option '-qversion'
g++: fatal error: no input files
compilation terminated.
configure:2523: $? = 4
configure:2543: checking whether the C++ compiler works
configure:2565: mpicxx -Wall -Wno-long-long -pedantic -std=c++98  -D_GNU_SOURCE  conftest.cpp  >&5
configure:2569: $? = 0
configure:2617: result: yes
configure:2620: checking for C++ compiler default output file name
configure:2622: result: a.out
configure:2628: checking for suffix of executables
configure:2635: mpicxx -o conftest -Wall -Wno-long-long -pedantic -std=c++98  -D_GNU_SOURCE  conftest.cpp  >&5
configure:2639: $? = 0
configure:2661: result: 
configure:2683: checking whether we are cross compiling
configure:2691: mpicxx -o conftest -Wall -Wno-long-long -pedantic -std=c++98  -D_GNU_SOURCE  conftest.cpp  >&5
configure:2695: $? = 0
configure:2702: ./conftest
configure:2706: $? = 0
configure:2721: result: no
configure:2726: checking for suffix of object files
configure:2748: mpicxx -c -Wall -Wno-long-long -pedantic -std=c++98  -D_GNU_SOURCE conftest.cpp >&5
configure:2752: $? = 0
configure:2773: result: o
configure:2777: checking whether we are using the GNU C++ compiler
configure:2796: mpicxx -c -Wall -Wno-long-long -pedantic -std=c++98  -D_GNU_SOURCE conftest.cpp >&5
configure:2796: $? = 0
configure:2805: result: yes
configure:2814: checking whether mpicxx accepts -g
configure:2834: mpicxx -c -g -D_GNU_SOURCE conftest.cpp >&5
configure:2834: $? = 0
configure:2875: result: yes
configure:2903: checking how to run the C++ preprocessor
configure:2930: mpicxx -E -D_GNU_SOURCE conftest.cpp
configure:2930: $? = 0
configure:2944: mpicxx -E -D_GNU_SOURCE conftest.cpp
conftest.cpp:9:28: fatal error: ac_nonexistent.h: No such file or directory
compilation terminated.
configure:2944: $? = 1
configure: failed program was:
| /* confdefs.h */
| #define PACKAGE_NAME "spatialindex"
| #define PACKAGE_TARNAME "spatialindex-src"
| #define PACKAGE_VERSION "1.8.0"
| #define PACKAGE_STRING "spatialindex 1.8.0"
| #define PACKAGE_BUGREPORT "mhadji@gmail.com"
| #define PACKAGE_URL ""
| /* end confdefs.h.  */
| #include <ac_nonexistent.h>
configure:2969: result: mpicxx -E
configure:2989: mpicxx -E -D_GNU_SOURCE conftest.cpp
configure:2989: $? = 0
configure:3003: mpicxx -E -D_GNU_SOURCE conftest.cpp
conftest.cpp:9:28: fatal error: ac_nonexistent.h: No such file or directory
compilation terminated.
configure:3003: $? = 1
configure: failed program was:
| /* confdefs.h */
| #define PACKAGE_NAME "spatialindex"
| #define PACKAGE_TARNAME "spatialindex-src"
| #define PACKAGE_VERSION "1.8.0"
| #define PACKAGE_STRING "spatialindex 1.8.0"
| #define PACKAGE_BUGREPORT "mhadji@gmail.com"
| #define PACKAGE_URL ""
| /* end confdefs.h.  */
| #include <ac_nonexistent.h>
configure:3045: checking for a BSD-compatible install
configure:3113: result: /usr/bin/install -c
configure:3124: checking whether ln -s works
configure:3128: result: yes
configure:3135: checking whether make sets $(MAKE)
configure:3157: result: yes
configure:3191: checking host system type
configure:3204: result: x86_64-unknown-linux-gnu
configure:3245: checking how to print strings
configure:3272: result: printf
configure:3341: checking for gcc
configure:3368: result: mpicc
configure:3597: checking for C compiler version
configure:3606: mpicc --version >&5
gcc (Ubuntu/Linaro 4.6.3-1ubuntu5) 4.6.3
Copyright (C) 2011 Free Software Foundation, Inc.
This is free software; see the source for copying conditions.  There is NO
warranty; not even for MERCHANTABILITY or FITNESS FOR A PARTICULAR PURPOSE.

configure:3617: $? = 0
configure:3606: mpicc -v >&5
Using built-in specs.
COLLECT_GCC=/usr/bin/gcc
COLLECT_LTO_WRAPPER=/usr/lib/gcc/x86_64-linux-gnu/4.6/lto-wrapper
Target: x86_64-linux-gnu
Configured with: ../src/configure -v --with-pkgversion='Ubuntu/Linaro 4.6.3-1ubuntu5' --with-bugurl=file:///usr/share/doc/gcc-4.6/README.Bugs --enable-languages=c,c++,fortran,objc,obj-c++ --prefix=/usr --program-suffix=-4.6 --enable-shared --enable-linker-build-id --with-system-zlib --libexecdir=/usr/lib --without-included-gettext --enable-threads=posix --with-gxx-include-dir=/usr/include/c++/4.6 --libdir=/usr/lib --enable-nls --with-sysroot=/ --enable-clocale=gnu --enable-libstdcxx-debug --enable-libstdcxx-time=yes --enable-gnu-unique-object --enable-plugin --enable-objc-gc --disable-werror --with-arch-32=i686 --with-tune=generic --enable-checking=release --build=x86_64-linux-gnu --host=x86_64-linux-gnu --target=x86_64-linux-gnu
Thread model: posix
gcc version 4.6.3 (Ubuntu/Linaro 4.6.3-1ubuntu5) 
configure:3617: $? = 0
configure:3606: mpicc -V >&5
gcc: error: unrecognized option '-V'
gcc: fatal error: no input files
compilation terminated.
configure:3617: $? = 4
configure:3606: mpicc -qversion >&5
gcc: error: unrecognized option '-qversion'
gcc: fatal error: no input files
compilation terminated.
configure:3617: $? = 4
configure:3621: checking whether we are using the GNU C compiler
configure:3640: mpicc -c -Wall -Wno-long-long -pedantic  -D_GNU_SOURCE conftest.c >&5
configure:3640: $? = 0
configure:3649: result: yes
configure:3658: checking whether mpicc accepts -g
configure:3678: mpicc -c -g -D_GNU_SOURCE conftest.c >&5
configure:3678: $? = 0
configure:3719: result: yes
configure:3736: checking for mpicc option to accept ISO C89
configure:3800: mpicc  -c -Wall -Wno-long-long -pedantic  -D_GNU_SOURCE conftest.c >&5
configure:3800: $? = 0
configure:3813: result: none needed
configure:3833: checking for a sed that does not truncate output
configure:3897: result: /bin/sed
configure:3915: checking for grep that handles long lines and -e
configure:3973: result: /bin/grep
configure:3978: checking for egrep
configure:4040: result: /bin/grep -E
configure:4045: checking for fgrep
configure:4107: result: /bin/grep -F
configure:4142: checking for ld used by mpicc
configure:4209: result: /usr/bin/ld
configure:4216: checking if the linker (/usr/bin/ld) is GNU ld
configure:4231: result: yes
configure:4243: checking for BSD- or MS-compatible name lister (nm)
configure:4292: result: /usr/bin/nm -B
configure:4422: checking the name lister (/usr/bin/nm -B) interface
configure:4429: mpicc -c -Wall -Wno-long-long -pedantic  -D_GNU_SOURCE conftest.c >&5
configure:4432: /usr/bin/nm -B "conftest.o"
configure:4435: output
0000000000000000 B some_variable
configure:4442: result: BSD nm
configure:4446: checking the maximum length of command line arguments
configure:4576: result: 1572864
configure:4593: checking whether the shell understands some XSI constructs
configure:4603: result: yes
configure:4607: checking whether the shell understands "+="
configure:4613: result: no
configure:4648: checking how to convert x86_64-unknown-linux-gnu file names to x86_64-unknown-linux-gnu format
configure:4688: result: func_convert_file_noop
configure:4695: checking how to convert x86_64-unknown-linux-gnu file names to toolchain format
configure:4715: result: func_convert_file_noop
configure:4722: checking for /usr/bin/ld option to reload object files
configure:4729: result: -r
configure:4803: checking for objdump
configure:4819: found /usr/bin/objdump
configure:4830: result: objdump
configure:4862: checking how to recognize dependent libraries
configure:5064: result: pass_all
configure:5149: checking for dlltool
configure:5179: result: no
configure:5209: checking how to associate runtime and link libraries
configure:5236: result: printf %s\n
configure:5297: checking for ar
configure:5313: found /usr/bin/ar
configure:5324: result: ar
configure:5361: checking for archiver @FILE support
configure:5378: mpicc -c -Wall -Wno-long-long -pedantic  -D_GNU_SOURCE conftest.c >&5
configure:5378: $? = 0
configure:5381: ar cru libconftest.a @conftest.lst >&5
configure:5384: $? = 0
configure:5389: ar cru libconftest.a @conftest.lst >&5
ar: conftest.o: No such file or directory
configure:5392: $? = 1
configure:5404: result: @
configure:5462: checking for strip
configure:5478: found /usr/bin/strip
configure:5489: result: strip
configure:5561: checking for ranlib
configure:5577: found /usr/bin/ranlib
configure:5588: result: ranlib
configure:5665: checking for gawk
configure:5681: found /usr/bin/gawk
configure:5692: result: gawk
configure:5732: checking command to parse /usr/bin/nm -B output from mpicc object
configure:5852: mpicc -c -Wall -Wno-long-long -pedantic  -D_GNU_SOURCE conftest.c >&5
configure:5855: $? = 0
configure:5859: /usr/bin/nm -B conftest.o \| sed -n -e 's/^.*[ ]\([ABCDGIRSTW][ABCDGIRSTW]*\)[ ][ ]*\([_A-Za-z][_A-Za-z0-9]*\)$/  /p' | sed '/ __gnu_lto/d' \> conftest.nm
configure:5862: $? = 0
configure:5928: mpicc -o conftest -Wall -Wno-long-long -pedantic  -D_GNU_SOURCE  conftest.c conftstm.o >&5
conftest.c:29:20: warning: ISO C forbids conversion of function pointer to object pointer type [-pedantic]
configure:5931: $? = 0
configure:5969: result: ok
configure:6006: checking for sysroot
configure:6036: result: no
configure:6113: mpicc -c -Wall -Wno-long-long -pedantic  -D_GNU_SOURCE conftest.c >&5
configure:6116: $? = 0
configure:6292: checking for mt
configure:6308: found /bin/mt
configure:6319: result: mt
configure:6342: checking if mt is a manifest tool
configure:6348: mt '-?'
configure:6356: result: no
configure:6998: checking how to run the C preprocessor
configure:7029: mpicc -E -D_GNU_SOURCE conftest.c
configure:7029: $? = 0
configure:7043: mpicc -E -D_GNU_SOURCE conftest.c
conftest.c:9:28: fatal error: ac_nonexistent.h: No such file or directory
compilation terminated.
configure:7043: $? = 1
configure: failed program was:
| /* confdefs.h */
| #define PACKAGE_NAME "spatialindex"
| #define PACKAGE_TARNAME "spatialindex-src"
| #define PACKAGE_VERSION "1.8.0"
| #define PACKAGE_STRING "spatialindex 1.8.0"
| #define PACKAGE_BUGREPORT "mhadji@gmail.com"
| #define PACKAGE_URL ""
| /* end confdefs.h.  */
| #include <ac_nonexistent.h>
configure:7068: result: mpicc -E
configure:7088: mpicc -E -D_GNU_SOURCE conftest.c
configure:7088: $? = 0
configure:7102: mpicc -E -D_GNU_SOURCE conftest.c
conftest.c:9:28: fatal error: ac_nonexistent.h: No such file or directory
compilation terminated.
configure:7102: $? = 1
configure: failed program was:
| /* confdefs.h */
| #define PACKAGE_NAME "spatialindex"
| #define PACKAGE_TARNAME "spatialindex-src"
| #define PACKAGE_VERSION "1.8.0"
| #define PACKAGE_STRING "spatialindex 1.8.0"
| #define PACKAGE_BUGREPORT "mhadji@gmail.com"
| #define PACKAGE_URL ""
| /* end confdefs.h.  */
| #include <ac_nonexistent.h>
configure:7131: checking for ANSI C header files
configure:7151: mpicc -c -Wall -Wno-long-long -pedantic  -D_GNU_SOURCE conftest.c >&5
configure:7151: $? = 0
configure:7224: mpicc -o conftest -Wall -Wno-long-long -pedantic  -D_GNU_SOURCE  conftest.c  >&5
configure:7224: $? = 0
configure:7224: ./conftest
configure:7224: $? = 0
configure:7235: result: yes
configure:7248: checking for sys/types.h
configure:7248: mpicc -c -Wall -Wno-long-long -pedantic  -D_GNU_SOURCE conftest.c >&5
configure:7248: $? = 0
configure:7248: result: yes
configure:7248: checking for sys/stat.h
configure:7248: mpicc -c -Wall -Wno-long-long -pedantic  -D_GNU_SOURCE conftest.c >&5
configure:7248: $? = 0
configure:7248: result: yes
configure:7248: checking for stdlib.h
configure:7248: mpicc -c -Wall -Wno-long-long -pedantic  -D_GNU_SOURCE conftest.c >&5
configure:7248: $? = 0
configure:7248: result: yes
configure:7248: checking for string.h
configure:7248: mpicc -c -Wall -Wno-long-long -pedantic  -D_GNU_SOURCE conftest.c >&5
configure:7248: $? = 0
configure:7248: result: yes
configure:7248: checking for memory.h
configure:7248: mpicc -c -Wall -Wno-long-long -pedantic  -D_GNU_SOURCE conftest.c >&5
configure:7248: $? = 0
configure:7248: result: yes
configure:7248: checking for strings.h
configure:7248: mpicc -c -Wall -Wno-long-long -pedantic  -D_GNU_SOURCE conftest.c >&5
configure:7248: $? = 0
configure:7248: result: yes
configure:7248: checking for inttypes.h
configure:7248: mpicc -c -Wall -Wno-long-long -pedantic  -D_GNU_SOURCE conftest.c >&5
configure:7248: $? = 0
configure:7248: result: yes
configure:7248: checking for stdint.h
configure:7248: mpicc -c -Wall -Wno-long-long -pedantic  -D_GNU_SOURCE conftest.c >&5
configure:7248: $? = 0
configure:7248: result: yes
configure:7248: checking for unistd.h
configure:7248: mpicc -c -Wall -Wno-long-long -pedantic  -D_GNU_SOURCE conftest.c >&5
configure:7248: $? = 0
configure:7248: result: yes
configure:7262: checking for dlfcn.h
configure:7262: mpicc -c -Wall -Wno-long-long -pedantic  -D_GNU_SOURCE conftest.c >&5
configure:7262: $? = 0
configure:7262: result: yes
configure:7479: checking for objdir
configure:7494: result: .libs
configure:7761: checking if mpicc supports -fno-rtti -fno-exceptions
configure:7779: mpicc -c -Wall -Wno-long-long -pedantic  -D_GNU_SOURCE -fno-rtti -fno-exceptions conftest.c >&5
cc1: warning: command line option '-fno-rtti' is valid for C++/ObjC++ but not for C [enabled by default]
configure:7783: $? = 0
configure:7796: result: no
configure:8123: checking for mpicc option to produce PIC
configure:8130: result: -fPIC -DPIC
configure:8138: checking if mpicc PIC flag -fPIC -DPIC works
configure:8156: mpicc -c -Wall -Wno-long-long -pedantic  -D_GNU_SOURCE -fPIC -DPIC -DPIC conftest.c >&5
configure:8160: $? = 0
configure:8173: result: yes
configure:8202: checking if mpicc static flag -static works
configure:8230: result: no
configure:8245: checking if mpicc supports -c -o file.o
configure:8266: mpicc -c -Wall -Wno-long-long -pedantic  -D_GNU_SOURCE -o out/conftest2.o conftest.c >&5
configure:8270: $? = 0
configure:8292: result: yes
configure:8300: checking if mpicc supports -c -o file.o
configure:8347: result: yes
configure:8380: checking whether the mpicc linker (/usr/bin/ld -m elf_x86_64) supports shared libraries
configure:9537: result: yes
configure:9777: checking dynamic linker characteristics
configure:10288: mpicc -o conftest -Wall -Wno-long-long -pedantic  -D_GNU_SOURCE  -Wl,-rpath -Wl,/foo conftest.c  >&5
configure:10288: $? = 0
configure:10522: result: GNU/Linux ld.so
configure:10629: checking how to hardcode library paths into programs
configure:10654: result: immediate
configure:11194: checking whether stripping libraries is possible
configure:11199: result: yes
configure:11234: checking if libtool supports shared libraries
configure:11236: result: yes
configure:11239: checking whether to build shared libraries
configure:11260: result: no
configure:11263: checking whether to build static libraries
configure:11267: result: yes
configure:11290: checking how to run the C++ preprocessor
configure:11356: result: mpicxx -E
configure:11376: mpicxx -E -D_GNU_SOURCE conftest.cpp
configure:11376: $? = 0
configure:11390: mpicxx -E -D_GNU_SOURCE conftest.cpp
conftest.cpp:21:28: fatal error: ac_nonexistent.h: No such file or directory
compilation terminated.
configure:11390: $? = 1
configure: failed program was:
| /* confdefs.h */
| #define PACKAGE_NAME "spatialindex"
| #define PACKAGE_TARNAME "spatialindex-src"
| #define PACKAGE_VERSION "1.8.0"
| #define PACKAGE_STRING "spatialindex 1.8.0"
| #define PACKAGE_BUGREPORT "mhadji@gmail.com"
| #define PACKAGE_URL ""
| #define STDC_HEADERS 1
| #define HAVE_SYS_TYPES_H 1
| #define HAVE_SYS_STAT_H 1
| #define HAVE_STDLIB_H 1
| #define HAVE_STRING_H 1
| #define HAVE_MEMORY_H 1
| #define HAVE_STRINGS_H 1
| #define HAVE_INTTYPES_H 1
| #define HAVE_STDINT_H 1
| #define HAVE_UNISTD_H 1
| #define HAVE_DLFCN_H 1
| #define LT_OBJDIR ".libs/"
| /* end confdefs.h.  */
| #include <ac_nonexistent.h>
configure:11559: checking for ld used by mpicxx
configure:11626: result: /usr/bin/ld -m elf_x86_64
configure:11633: checking if the linker (/usr/bin/ld -m elf_x86_64) is GNU ld
configure:11648: result: yes
configure:11703: checking whether the mpicxx linker (/usr/bin/ld -m elf_x86_64) supports shared libraries
configure:12708: result: yes
configure:12744: mpicxx -c -Wall -Wno-long-long -pedantic -std=c++98  -D_GNU_SOURCE conftest.cpp >&5
configure:12747: $? = 0
configure:13267: checking for mpicxx option to produce PIC
configure:13274: result: -fPIC -DPIC
configure:13282: checking if mpicxx PIC flag -fPIC -DPIC works
configure:13300: mpicxx -c -Wall -Wno-long-long -pedantic -std=c++98  -D_GNU_SOURCE -fPIC -DPIC -DPIC conftest.cpp >&5
configure:13304: $? = 0
configure:13317: result: yes
configure:13340: checking if mpicxx static flag -static works
configure:13368: result: no
configure:13380: checking if mpicxx supports -c -o file.o
configure:13401: mpicxx -c -Wall -Wno-long-long -pedantic -std=c++98  -D_GNU_SOURCE -o out/conftest2.o conftest.cpp >&5
configure:13405: $? = 0
configure:13427: result: yes
configure:13432: checking if mpicxx supports -c -o file.o
configure:13479: result: yes
configure:13509: checking whether the mpicxx linker (/usr/bin/ld -m elf_x86_64) supports shared libraries
configure:13548: result: yes
configure:13689: checking dynamic linker characteristics
configure:14368: result: GNU/Linux ld.so
configure:14421: checking how to hardcode library paths into programs
configure:14446: result: immediate
configure:14509: checking whether build environment is sane
configure:14559: result: yes
configure:14700: checking for a thread-safe mkdir -p
configure:14739: result: /bin/mkdir -p
configure:14769: checking for style of include used by make
configure:14797: result: GNU
configure:14883: checking dependency style of mpicc
configure:14994: result: gcc3
configure:15011: checking dependency style of mpicxx
configure:15122: result: gcc3
configure:15142: checking fcntl.h usability
configure:15142: mpicc -c -Wall -Wno-long-long -pedantic  -D_GNU_SOURCE conftest.c >&5
configure:15142: $? = 0
configure:15142: result: yes
configure:15142: checking fcntl.h presence
configure:15142: mpicc -E -D_GNU_SOURCE conftest.c
configure:15142: $? = 0
configure:15142: result: yes
configure:15142: checking for fcntl.h
configure:15142: result: yes
configure:15156: checking for unistd.h
configure:15156: result: yes
configure:15170: checking for sys/types.h
configure:15170: result: yes
configure:15184: checking for sys/stat.h
configure:15184: result: yes
configure:15199: checking pthread.h usability
configure:15199: mpicc -c -Wall -Wno-long-long -pedantic  -D_GNU_SOURCE conftest.c >&5
configure:15199: $? = 0
configure:15199: result: yes
configure:15199: checking pthread.h presence
configure:15199: mpicc -E -D_GNU_SOURCE conftest.c
configure:15199: $? = 0
configure:15199: result: yes
configure:15199: checking for pthread.h
configure:15199: result: yes
configure:15215: checking sys/resource.h usability
configure:15215: mpicc -c -Wall -Wno-long-long -pedantic  -D_GNU_SOURCE conftest.c >&5
configure:15215: $? = 0
configure:15215: result: yes
configure:15215: checking sys/resource.h presence
configure:15215: mpicc -E -D_GNU_SOURCE conftest.c
configure:15215: $? = 0
configure:15215: result: yes
configure:15215: checking for sys/resource.h
configure:15215: result: yes
configure:15229: checking sys/time.h usability
configure:15229: mpicc -c -Wall -Wno-long-long -pedantic  -D_GNU_SOURCE conftest.c >&5
configure:15229: $? = 0
configure:15229: result: yes
configure:15229: checking sys/time.h presence
configure:15229: mpicc -E -D_GNU_SOURCE conftest.c
configure:15229: $? = 0
configure:15229: result: yes
configure:15229: checking for sys/time.h
configure:15229: result: yes
configure:15243: checking for stdint.h
configure:15243: result: yes
configure:15257: checking features.h usability
configure:15257: mpicc -c -Wall -Wno-long-long -pedantic  -D_GNU_SOURCE conftest.c >&5
configure:15257: $? = 0
configure:15257: result: yes
configure:15257: checking features.h presence
configure:15257: mpicc -E -D_GNU_SOURCE conftest.c
configure:15257: $? = 0
configure:15257: result: yes
configure:15257: checking for features.h
configure:15257: result: yes
configure:15282: result: checking wether debug information is enabled... yes
configure:15294: checking for gettimeofday
configure:15294: mpicc -o conftest -Wall -Wno-long-long -pedantic  -D_GNU_SOURCE  conftest.c  -lpthread >&5
configure:15294: $? = 0
configure:15294: result: yes
configure:15294: checking for memset
configure:15294: mpicc -o conftest -Wall -Wno-long-long -pedantic  -D_GNU_SOURCE  conftest.c  -lpthread >&5
conftest.c:56:6: warning: conflicting types for built-in function 'memset' [enabled by default]
configure:15294: $? = 0
configure:15294: result: yes
configure:15294: checking for memcpy
configure:15294: mpicc -o conftest -Wall -Wno-long-long -pedantic  -D_GNU_SOURCE  conftest.c  -lpthread >&5
conftest.c:57:6: warning: conflicting types for built-in function 'memcpy' [enabled by default]
configure:15294: $? = 0
configure:15294: result: yes
configure:15294: checking for bcopy
configure:15294: mpicc -o conftest -Wall -Wno-long-long -pedantic  -D_GNU_SOURCE  conftest.c  -lpthread >&5
conftest.c:58:6: warning: conflicting types for built-in function 'bcopy' [enabled by default]
configure:15294: $? = 0
configure:15294: result: yes
configure:15294: checking for srand48
configure:15294: mpicc -o conftest -Wall -Wno-long-long -pedantic  -D_GNU_SOURCE  conftest.c  -lpthread >&5
configure:15294: $? = 0
configure:15294: result: yes
configure:15490: creating ./config.status

## ---------------------- ##
## Running config.status. ##
## ---------------------- ##

This file was extended by spatialindex config.status 1.8.0, which was
generated by GNU Autoconf 2.68.  Invocation command line was

  CONFIG_FILES    = 
  CONFIG_HEADERS  = 
  CONFIG_LINKS    = 
  CONFIG_COMMANDS = 
  $ ./config.status 

on penteli

config.status:16713: creating Makefile
config.status:16713: creating include/Makefile
config.status:16713: creating src/Makefile
config.status:16713: creating src/libspatialindex.pc
config.status:16713: creating src/capi/Makefile
config.status:16713: creating src/spatialindex/Makefile
config.status:16713: creating src/storagemanager/Makefile
config.status:16713: creating src/rtree/Makefile
config.status:16713: creating src/mvrtree/Makefile
config.status:16713: creating src/tprtree/Makefile
config.status:16713: creating src/tools/Makefile
config.status:16713: creating test/Makefile
config.status:16713: creating test/rtree/Makefile
config.status:16713: creating test/mvrtree/Makefile
config.status:16713: creating test/tprtree/Makefile
config.status:16883: executing libtool commands
config.status:16883: executing depfiles commands

## ---------------- ##
## Cache variables. ##
## ---------------- ##

ac_cv_build='x86_64-unknown-linux-gnu'
ac_cv_c_compiler_gnu='yes'
ac_cv_cxx_compiler_gnu='yes'
ac_cv_env_CCC_set=''
ac_cv_env_CCC_value=''
ac_cv_env_CC_set='set'
ac_cv_env_CC_value='mpicc'
ac_cv_env_CFLAGS_set='set'
ac_cv_env_CFLAGS_value=''
ac_cv_env_CPPFLAGS_set='set'
ac_cv_env_CPPFLAGS_value='-D_GNU_SOURCE'
ac_cv_env_CPP_set=''
ac_cv_env_CPP_value=''
ac_cv_env_CXXCPP_set=''
ac_cv_env_CXXCPP_value=''
ac_cv_env_CXXFLAGS_set='set'
ac_cv_env_CXXFLAGS_value=''
ac_cv_env_CXX_set='set'
ac_cv_env_CXX_value='mpicxx'
ac_cv_env_LDFLAGS_set=''
ac_cv_env_LDFLAGS_value=''
ac_cv_env_LIBS_set='set'
ac_cv_env_LIBS_value=''
ac_cv_env_build_alias_set=''
ac_cv_env_build_alias_value=''
ac_cv_env_host_alias_set=''
ac_cv_env_host_alias_value=''
ac_cv_env_target_alias_set=''
ac_cv_env_target_alias_value=''
ac_cv_func_bcopy='yes'
ac_cv_func_gettimeofday='yes'
ac_cv_func_memcpy='yes'
ac_cv_func_memset='yes'
ac_cv_func_srand48='yes'
ac_cv_header_dlfcn_h='yes'
ac_cv_header_fcntl_h='yes'
ac_cv_header_features_h='yes'
ac_cv_header_inttypes_h='yes'
ac_cv_header_memory_h='yes'
ac_cv_header_pthread_h='yes'
ac_cv_header_stdc='yes'
ac_cv_header_stdint_h='yes'
ac_cv_header_stdlib_h='yes'
ac_cv_header_string_h='yes'
ac_cv_header_strings_h='yes'
ac_cv_header_sys_resource_h='yes'
ac_cv_header_sys_stat_h='yes'
ac_cv_header_sys_time_h='yes'
ac_cv_header_sys_types_h='yes'
ac_cv_header_unistd_h='yes'
ac_cv_host='x86_64-unknown-linux-gnu'
ac_cv_objext='o'
ac_cv_path_EGREP='/bin/grep -E'
ac_cv_path_FGREP='/bin/grep -F'
ac_cv_path_GREP='/bin/grep'
ac_cv_path_SED='/bin/sed'
ac_cv_path_install='/usr/bin/install -c'
ac_cv_path_mkdir='/bin/mkdir'
ac_cv_prog_AWK='gawk'
ac_cv_prog_CPP='mpicc -E'
ac_cv_prog_CXXCPP='mpicxx -E'
ac_cv_prog_ac_ct_AR='ar'
ac_cv_prog_ac_ct_CC='mpicc'
ac_cv_prog_ac_ct_MANIFEST_TOOL='mt'
ac_cv_prog_ac_ct_OBJDUMP='objdump'
ac_cv_prog_ac_ct_RANLIB='ranlib'
ac_cv_prog_ac_ct_STRIP='strip'
ac_cv_prog_cc_c89=''
ac_cv_prog_cc_g='yes'
ac_cv_prog_cxx_g='yes'
ac_cv_prog_make_make_set='yes'
am_cv_CC_dependencies_compiler_type='gcc3'
am_cv_CXX_dependencies_compiler_type='gcc3'
lt_cv_ar_at_file='@'
lt_cv_deplibs_check_method='pass_all'
lt_cv_file_magic_cmd='$MAGIC_CMD'
lt_cv_file_magic_test_file=''
lt_cv_ld_reload_flag='-r'
lt_cv_nm_interface='BSD nm'
lt_cv_objdir='.libs'
lt_cv_path_LD='/usr/bin/ld'
lt_cv_path_LDCXX='/usr/bin/ld -m elf_x86_64'
lt_cv_path_NM='/usr/bin/nm -B'
lt_cv_path_mainfest_tool='no'
lt_cv_prog_compiler_c_o='yes'
lt_cv_prog_compiler_c_o_CXX='yes'
lt_cv_prog_compiler_pic='-fPIC -DPIC'
lt_cv_prog_compiler_pic_CXX='-fPIC -DPIC'
lt_cv_prog_compiler_pic_works='yes'
lt_cv_prog_compiler_pic_works_CXX='yes'
lt_cv_prog_compiler_rtti_exceptions='no'
lt_cv_prog_compiler_static_works='no'
lt_cv_prog_compiler_static_works_CXX='no'
lt_cv_prog_gnu_ld='yes'
lt_cv_prog_gnu_ldcxx='yes'
lt_cv_sharedlib_from_linklib_cmd='printf %s\n'
lt_cv_shlibpath_overrides_runpath='no'
lt_cv_sys_global_symbol_pipe='sed -n -e '"'"'s/^.*[	 ]\([ABCDGIRSTW][ABCDGIRSTW]*\)[	 ][	 ]*\([_A-Za-z][_A-Za-z0-9]*\)$/\1 \2 \2/p'"'"' | sed '"'"'/ __gnu_lto/d'"'"
lt_cv_sys_global_symbol_to_c_name_address='sed -n -e '"'"'s/^: \([^ ]*\)[ ]*$/  {\"\1\", (void *) 0},/p'"'"' -e '"'"'s/^[ABCDGIRSTW]* \([^ ]*\) \([^ ]*\)$/  {"\2", (void *) \&\2},/p'"'"
lt_cv_sys_global_symbol_to_c_name_address_lib_prefix='sed -n -e '"'"'s/^: \([^ ]*\)[ ]*$/  {\"\1\", (void *) 0},/p'"'"' -e '"'"'s/^[ABCDGIRSTW]* \([^ ]*\) \(lib[^ ]*\)$/  {"\2", (void *) \&\2},/p'"'"' -e '"'"'s/^[ABCDGIRSTW]* \([^ ]*\) \([^ ]*\)$/  {"lib\2", (void *) \&\2},/p'"'"
lt_cv_sys_global_symbol_to_cdecl='sed -n -e '"'"'s/^T .* \(.*\)$/extern int \1();/p'"'"' -e '"'"'s/^[ABCDGIRSTW]* .* \(.*\)$/extern char \1;/p'"'"
lt_cv_sys_max_cmd_len='1572864'
lt_cv_to_host_file_cmd='func_convert_file_noop'
lt_cv_to_tool_file_cmd='func_convert_file_noop'

## ----------------- ##
## Output variables. ##
## ----------------- ##

ACLOCAL='${SHELL} /home/dp204/fluidity/MultiFluids_Dev/spatialindex-1.8.0/missing --run aclocal-1.11'
AMDEPBACKSLASH='\'
AMDEP_FALSE='#'
AMDEP_TRUE=''
AMTAR='$${TAR-tar}'
AR='ar'
AUTOCONF='${SHELL} /home/dp204/fluidity/MultiFluids_Dev/spatialindex-1.8.0/missing --run autoconf'
AUTOHEADER='${SHELL} /home/dp204/fluidity/MultiFluids_Dev/spatialindex-1.8.0/missing --run autoheader'
AUTOMAKE='${SHELL} /home/dp204/fluidity/MultiFluids_Dev/spatialindex-1.8.0/missing --run automake-1.11'
AWK='gawk'
CC='mpicc'
CCDEPMODE='depmode=gcc3'
CFLAGS='-Wall -Wno-long-long -pedantic '
CPP='mpicc -E'
CPPFLAGS='-D_GNU_SOURCE'
CXX='mpicxx'
CXXCPP='mpicxx -E'
CXXDEPMODE='depmode=gcc3'
CXXFLAGS='-Wall -Wno-long-long -pedantic -std=c++98  -g -DDEBUG'
CYGPATH_W='echo'
DEFS='-DPACKAGE_NAME=\"spatialindex\" -DPACKAGE_TARNAME=\"spatialindex-src\" -DPACKAGE_VERSION=\"1.8.0\" -DPACKAGE_STRING=\"spatialindex\ 1.8.0\" -DPACKAGE_BUGREPORT=\"mhadji@gmail.com\" -DPACKAGE_URL=\"\" -DSTDC_HEADERS=1 -DHAVE_SYS_TYPES_H=1 -DHAVE_SYS_STAT_H=1 -DHAVE_STDLIB_H=1 -DHAVE_STRING_H=1 -DHAVE_MEMORY_H=1 -DHAVE_STRINGS_H=1 -DHAVE_INTTYPES_H=1 -DHAVE_STDINT_H=1 -DHAVE_UNISTD_H=1 -DHAVE_DLFCN_H=1 -DLT_OBJDIR=\".libs/\" -DPACKAGE=\"spatialindex-src\" -DVERSION=\"1.8.0\" -DHAVE_FCNTL_H=1 -DHAVE_UNISTD_H=1 -DHAVE_SYS_TYPES_H=1 -DHAVE_SYS_STAT_H=1 -DHAVE_PTHREAD_H=1 -DHAVE_SYS_RESOURCE_H=1 -DHAVE_SYS_TIME_H=1 -DHAVE_STDINT_H=1 -DHAVE_FEATURES_H=1 -DHAVE_GETTIMEOFDAY=1 -DHAVE_MEMSET=1 -DHAVE_MEMCPY=1 -DHAVE_BCOPY=1 -DHAVE_SRAND48=1'
DEPDIR='.deps'
DLLTOOL='false'
DSYMUTIL=''
DUMPBIN=''
ECHO_C=''
ECHO_N='-n'
ECHO_T=''
EGREP='/bin/grep -E'
EXEEXT=''
FGREP='/bin/grep -F'
GREP='/bin/grep'
INSTALL_DATA='${INSTALL} -m 644'
INSTALL_PROGRAM='${INSTALL}'
INSTALL_SCRIPT='${INSTALL}'
INSTALL_STRIP_PROGRAM='$(install_sh) -c -s'
LD='/usr/bin/ld -m elf_x86_64'
LDFLAGS=''
LIBOBJS=''
LIBS=' -lpthread'
LIBTOOL='$(SHELL) $(top_builddir)/libtool'
LIPO=''
LN_S='ln -s'
LTLIBOBJS=''
MAKEINFO='${SHELL} /home/dp204/fluidity/MultiFluids_Dev/spatialindex-1.8.0/missing --run makeinfo'
MANIFEST_TOOL=':'
MKDIR_P='/bin/mkdir -p'
NM='/usr/bin/nm -B'
NMEDIT=''
OBJDUMP='objdump'
OBJEXT='o'
OTOOL64=''
OTOOL=''
PACKAGE='spatialindex-src'
PACKAGE_BUGREPORT='mhadji@gmail.com'
PACKAGE_NAME='spatialindex'
PACKAGE_STRING='spatialindex 1.8.0'
PACKAGE_TARNAME='spatialindex-src'
PACKAGE_URL=''
PACKAGE_VERSION='1.8.0'
PATH_SEPARATOR=':'
RAND_IS_CONFIG_FALSE=''
RAND_IS_CONFIG_TRUE='#'
RANLIB='ranlib'
SED='/bin/sed'
SET_MAKE=''
SHELL='/bin/bash'
STRIP='strip'
VERSION='1.8.0'
ac_ct_AR='ar'
ac_ct_CC='mpicc'
ac_ct_CXX=''
ac_ct_DUMPBIN=''
am__EXEEXT_FALSE=''
am__EXEEXT_TRUE='#'
am__fastdepCC_FALSE='#'
am__fastdepCC_TRUE=''
am__fastdepCXX_FALSE='#'
am__fastdepCXX_TRUE=''
am__include='include'
am__isrc=''
am__leading_dot='.'
am__nodep='_no'
am__quote=''
am__tar='$${TAR-tar} chof - "$$tardir"'
am__untar='$${TAR-tar} xf -'
bindir='${exec_prefix}/bin'
build='x86_64-unknown-linux-gnu'
build_alias=''
build_cpu='x86_64'
build_os='linux-gnu'
build_vendor='unknown'
datadir='${datarootdir}'
datarootdir='${prefix}/share'
docdir='${datarootdir}/doc/${PACKAGE_TARNAME}'
dvidir='${docdir}'
exec_prefix='${prefix}'
host='x86_64-unknown-linux-gnu'
host_alias=''
host_cpu='x86_64'
host_os='linux-gnu'
host_vendor='unknown'
htmldir='${docdir}'
includedir='${prefix}/include'
infodir='${datarootdir}/info'
install_sh='${SHELL} /home/dp204/fluidity/MultiFluids_Dev/spatialindex-1.8.0/install-sh'
libdir='${exec_prefix}/lib'
libexecdir='${exec_prefix}/libexec'
localedir='${datarootdir}/locale'
localstatedir='${prefix}/var'
mandir='${datarootdir}/man'
mkdir_p='/bin/mkdir -p'
oldincludedir='/usr/include'
pdfdir='${docdir}'
prefix='/home/dp204/fluidity/MultiFluids_Dev/spatialindex-1.8.0/..'
program_transform_name='s,x,x,'
psdir='${docdir}'
sbindir='${exec_prefix}/sbin'
sharedstatedir='${prefix}/com'
sysconfdir='${prefix}/etc'
target_alias=''

## ----------- ##
## confdefs.h. ##
## ----------- ##

/* confdefs.h */
#define PACKAGE_NAME "spatialindex"
#define PACKAGE_TARNAME "spatialindex-src"
#define PACKAGE_VERSION "1.8.0"
#define PACKAGE_STRING "spatialindex 1.8.0"
#define PACKAGE_BUGREPORT "mhadji@gmail.com"
#define PACKAGE_URL ""
#define STDC_HEADERS 1
#define HAVE_SYS_TYPES_H 1
#define HAVE_SYS_STAT_H 1
#define HAVE_STDLIB_H 1
#define HAVE_STRING_H 1
#define HAVE_MEMORY_H 1
#define HAVE_STRINGS_H 1
#define HAVE_INTTYPES_H 1
#define HAVE_STDINT_H 1
#define HAVE_UNISTD_H 1
#define HAVE_DLFCN_H 1
#define LT_OBJDIR ".libs/"
#define PACKAGE "spatialindex-src"
#define VERSION "1.8.0"
#define HAVE_FCNTL_H 1
#define HAVE_UNISTD_H 1
#define HAVE_SYS_TYPES_H 1
#define HAVE_SYS_STAT_H 1
#define HAVE_PTHREAD_H 1
#define HAVE_SYS_RESOURCE_H 1
#define HAVE_SYS_TIME_H 1
#define HAVE_STDINT_H 1
#define HAVE_FEATURES_H 1
#define HAVE_GETTIMEOFDAY 1
#define HAVE_MEMSET 1
#define HAVE_MEMCPY 1
#define HAVE_BCOPY 1
#define HAVE_SRAND48 1

configure: exit 0
