This is pdfTeX, Version 3.1415926-1.40.10 (TeX Live 2009/Debian) (format=pdflatex 2013.1.21)  28 SEP 2015 15:40
entering extended mode
 \write18 enabled.
 %&-line parsing enabled.
**femtools_manual.tex
(./femtools_manual.tex
LaTeX2e <2009/09/24>
Babel <v3.8l> and hyphenation patterns for english, usenglishmax, dumylang, noh
yphenation, loaded.
(/usr/share/texmf-texlive/tex/latex/base/book.cls
Document Class: book 2007/10/19 v1.4h Standard LaTeX document class
(/usr/share/texmf-texlive/tex/latex/base/bk11.clo
File: bk11.clo 2007/10/19 v1.4h Standard LaTeX file (size option)
)
\c@part=\count79
\c@chapter=\count80
\c@section=\count81
\c@subsection=\count82
\c@subsubsection=\count83
\c@paragraph=\count84
\c@subparagraph=\count85
\c@figure=\count86
\c@table=\count87
\abovecaptionskip=\skip41
\belowcaptionskip=\skip42
\bibindent=\dimen102
)
(/usr/share/texmf-texlive/tex/latex/psnfss/palatino.sty
Package: palatino 2005/04/12 PSNFSS-v9.2a (SPQR) 
)
(/usr/share/texmf-texlive/tex/latex/amsmath/amsmath.sty
Package: amsmath 2000/07/18 v2.13 AMS math features
\@mathmargin=\skip43

For additional information on amsmath, use the `?' option.
(/usr/share/texmf-texlive/tex/latex/amsmath/amstext.sty
Package: amstext 2000/06/29 v2.01

(/usr/share/texmf-texlive/tex/latex/amsmath/amsgen.sty
File: amsgen.sty 1999/11/30 v2.0
\@emptytoks=\toks14
\ex@=\dimen103
))
(/usr/share/texmf-texlive/tex/latex/amsmath/amsbsy.sty
Package: amsbsy 1999/11/29 v1.2d
\pmbraise@=\dimen104
)
(/usr/share/texmf-texlive/tex/latex/amsmath/amsopn.sty
Package: amsopn 1999/12/14 v2.01 operator names
)
\inf@bad=\count88
LaTeX Info: Redefining \frac on input line 211.
\uproot@=\count89
\leftroot@=\count90
LaTeX Info: Redefining \overline on input line 307.
\classnum@=\count91
\DOTSCASE@=\count92
LaTeX Info: Redefining \ldots on input line 379.
LaTeX Info: Redefining \dots on input line 382.
LaTeX Info: Redefining \cdots on input line 467.
\Mathstrutbox@=\box26
\strutbox@=\box27
\big@size=\dimen105
LaTeX Font Info:    Redeclaring font encoding OML on input line 567.
LaTeX Font Info:    Redeclaring font encoding OMS on input line 568.
\macc@depth=\count93
\c@MaxMatrixCols=\count94
\dotsspace@=\muskip10
\c@parentequation=\count95
\dspbrk@lvl=\count96
\tag@help=\toks15
\row@=\count97
\column@=\count98
\maxfields@=\count99
\andhelp@=\toks16
\eqnshift@=\dimen106
\alignsep@=\dimen107
\tagshift@=\dimen108
\tagwidth@=\dimen109
\totwidth@=\dimen110
\lineht@=\dimen111
\@envbody=\toks17
\multlinegap=\skip44
\multlinetaggap=\skip45
\mathdisplay@stack=\toks18
LaTeX Info: Redefining \[ on input line 2666.
LaTeX Info: Redefining \] on input line 2667.
)
(/usr/share/texmf-texlive/tex/latex/amsfonts/amssymb.sty
Package: amssymb 2009/06/22 v3.00

(/usr/share/texmf-texlive/tex/latex/amsfonts/amsfonts.sty
Package: amsfonts 2009/06/22 v3.00 Basic AMSFonts support
\symAMSa=\mathgroup4
\symAMSb=\mathgroup5
LaTeX Font Info:    Overwriting math alphabet `\mathfrak' in version `bold'
(Font)                  U/euf/m/n --> U/euf/b/n on input line 96.
))
(/usr/share/texmf-texlive/tex/latex/listings/listings.sty
(/usr/share/texmf-texlive/tex/latex/graphics/keyval.sty
Package: keyval 1999/03/16 v1.13 key=value parser (DPC)
\KV@toks@=\toks19
)
\lst@mode=\count100
\lst@gtempboxa=\box28
\lst@token=\toks20
\lst@length=\count101
\lst@currlwidth=\dimen112
\lst@column=\count102
\lst@pos=\count103
\lst@lostspace=\dimen113
\lst@width=\dimen114
\lst@newlines=\count104
\lst@lineno=\count105
\lst@maxwidth=\dimen115

(/usr/share/texmf-texlive/tex/latex/listings/lstmisc.sty
File: lstmisc.sty 2007/02/22 1.4 (Carsten Heinz)
\c@lstnumber=\count106
\lst@skipnumbers=\count107
\lst@framebox=\box29
)
(/usr/share/texmf-texlive/tex/latex/listings/listings.cfg
File: listings.cfg 2007/02/22 1.4 listings configuration
))
Package: listings 2007/02/22 1.4 (Carsten Heinz)

(/usr/share/texmf-texlive/tex/latex/hyperref/hyperref.sty
Package: hyperref 2009/10/09 v6.79a Hypertext links for LaTeX

(/usr/share/texmf-texlive/tex/generic/oberdiek/ifpdf.sty
Package: ifpdf 2009/04/10 v2.0 Provides the ifpdf switch (HO)
Package ifpdf Info: pdfTeX in pdf mode detected.
)
(/usr/share/texmf-texlive/tex/generic/oberdiek/ifvtex.sty
Package: ifvtex 2008/11/04 v1.4 Switches for detecting VTeX and its modes (HO)
Package ifvtex Info: VTeX not detected.
)
(/usr/share/texmf-texlive/tex/generic/ifxetex/ifxetex.sty
Package: ifxetex 2009/01/23 v0.5 Provides ifxetex conditional
)
(/usr/share/texmf-texlive/tex/latex/oberdiek/hycolor.sty
Package: hycolor 2009/10/02 v1.5 Code for color options of hyperref/bookmark (H
O)

(/usr/share/texmf-texlive/tex/latex/oberdiek/xcolor-patch.sty
Package: xcolor-patch 2009/10/02 xcolor patch
))
\@linkdim=\dimen116
\Hy@linkcounter=\count108
\Hy@pagecounter=\count109

(/usr/share/texmf-texlive/tex/latex/hyperref/pd1enc.def
File: pd1enc.def 2009/10/09 v6.79a Hyperref: PDFDocEncoding definition (HO)
)
(/usr/share/texmf-texlive/tex/generic/oberdiek/etexcmds.sty
Package: etexcmds 2007/12/12 v1.2 Prefix for e-TeX command names (HO)

(/usr/share/texmf-texlive/tex/generic/oberdiek/infwarerr.sty
Package: infwarerr 2007/09/09 v1.2 Providing info/warning/message (HO)
)
Package etexcmds Info: Could not find \expanded.
(etexcmds)             That can mean that you are not using pdfTeX 1.50 or
(etexcmds)             that some package has redefined \expanded.
(etexcmds)             In the latter case, load this package earlier.
)
(/usr/share/texmf-texlive/tex/latex/latexconfig/hyperref.cfg
File: hyperref.cfg 2002/06/06 v1.2 hyperref configuration of TeXLive
)
(/usr/share/texmf-texlive/tex/latex/oberdiek/kvoptions.sty
Package: kvoptions 2009/08/13 v3.4 Keyval support for LaTeX options (HO)

(/usr/share/texmf-texlive/tex/generic/oberdiek/kvsetkeys.sty
Package: kvsetkeys 2009/07/30 v1.5 Key value parser with default handler suppor
t (HO)
))
Package hyperref Info: Option `colorlinks' set `true' on input line 2864.
Package hyperref Info: Hyper figures OFF on input line 2975.
Package hyperref Info: Link nesting OFF on input line 2980.
Package hyperref Info: Hyper index ON on input line 2983.
Package hyperref Info: Plain pages OFF on input line 2990.
Package hyperref Info: Backreferencing OFF on input line 2995.

Implicit mode ON; LaTeX internals redefined
Package hyperref Info: Bookmarks ON on input line 3191.
(/usr/share/texmf-texlive/tex/latex/ltxmisc/url.sty
\Urlmuskip=\muskip11
Package: url 2006/04/12  ver 3.3  Verb mode for urls, etc.
)
LaTeX Info: Redefining \url on input line 3428.

(/usr/share/texmf-texlive/tex/generic/oberdiek/bitset.sty
Package: bitset 2007/09/28 v1.0 Data type bit set (HO)

(/usr/share/texmf-texlive/tex/generic/oberdiek/intcalc.sty
Package: intcalc 2007/09/27 v1.1 Expandable integer calculations (HO)
)
(/usr/share/texmf-texlive/tex/generic/oberdiek/bigintcalc.sty
Package: bigintcalc 2007/11/11 v1.1 Expandable big integer calculations (HO)

(/usr/share/texmf-texlive/tex/generic/oberdiek/pdftexcmds.sty
Package: pdftexcmds 2009/09/23 v0.6 LuaTeX support for pdfTeX utility functions
 (HO)

(/usr/share/texmf-texlive/tex/generic/oberdiek/ifluatex.sty
Package: ifluatex 2009/04/17 v1.2 Provides the ifluatex switch (HO)
Package ifluatex Info: LuaTeX not detected.
)
(/usr/share/texmf-texlive/tex/generic/oberdiek/ltxcmds.sty
Package: ltxcmds 2009/08/05 v1.0 Some LaTeX kernel commands for general use (HO
)
)
Package pdftexcmds Info: LuaTeX not detected.
Package pdftexcmds Info: \pdf@primitive is available.
Package pdftexcmds Info: \pdf@ifprimitive is available.
)))
\Fld@menulength=\count110
\Field@Width=\dimen117
\Fld@charsize=\dimen118
\Field@toks=\toks21
Package hyperref Info: Hyper figures OFF on input line 4377.
Package hyperref Info: Link nesting OFF on input line 4382.
Package hyperref Info: Hyper index ON on input line 4385.
Package hyperref Info: backreferencing OFF on input line 4392.
Package hyperref Info: Link coloring ON on input line 4395.
Package hyperref Info: Link coloring with OCG OFF on input line 4402.
Package hyperref Info: PDF/A mode OFF on input line 4407.

(/usr/share/texmf-texlive/tex/generic/oberdiek/atbegshi.sty
Package: atbegshi 2008/07/31 v1.9 At begin shipout hook (HO)
)
\Hy@abspage=\count111
\c@Item=\count112
\c@Hfootnote=\count113
)
*hyperref using default driver hpdftex*
(/usr/share/texmf-texlive/tex/latex/hyperref/hpdftex.def
File: hpdftex.def 2009/10/09 v6.79a Hyperref driver for pdfTeX
\Fld@listcount=\count114
)
(/usr/share/texmf-texlive/tex/latex/tools/xspace.sty
Package: xspace 2006/05/08 v1.12 Space after command names (DPC,MH)
)
(/usr/share/texmf-texlive/tex/latex/geometry/geometry.sty
Package: geometry 2008/12/21 v4.2 Page Geometry
\Gm@cnth=\count115
\Gm@cntv=\count116
\c@Gm@tempcnt=\count117
\Gm@bindingoffset=\dimen119
\Gm@wd@mp=\dimen120
\Gm@odd@mp=\dimen121
\Gm@even@mp=\dimen122
\Gm@dimlist=\toks22
)
(/usr/share/texmf-texlive/tex/latex/tools/longtable.sty
Package: longtable 2004/02/01 v4.11 Multi-page Table package (DPC)
\LTleft=\skip46
\LTright=\skip47
\LTpre=\skip48
\LTpost=\skip49
\LTchunksize=\count118
\LTcapwidth=\dimen123
\LT@head=\box30
\LT@firsthead=\box31
\LT@foot=\box32
\LT@lastfoot=\box33
\LT@cols=\count119
\LT@rows=\count120
\c@LT@tables=\count121
\c@LT@chunks=\count122
\LT@p@ftn=\toks23
)
(/usr/share/texmf-texlive/tex/latex/base/ifthen.sty
Package: ifthen 2001/05/26 v1.1c Standard LaTeX ifthen package (DPC)
)
(/usr/share/texmf-texlive/tex/latex/graphics/graphicx.sty
Package: graphicx 1999/02/16 v1.0f Enhanced LaTeX Graphics (DPC,SPQR)

(/usr/share/texmf-texlive/tex/latex/graphics/graphics.sty
Package: graphics 2009/02/05 v1.0o Standard LaTeX Graphics (DPC,SPQR)

(/usr/share/texmf-texlive/tex/latex/graphics/trig.sty
Package: trig 1999/03/16 v1.09 sin cos tan (DPC)
)
(/etc/texmf/tex/latex/config/graphics.cfg
File: graphics.cfg 2009/08/28 v1.8 graphics configuration of TeX Live
)
Package graphics Info: Driver file: pdftex.def on input line 91.

(/usr/share/texmf-texlive/tex/latex/pdftex-def/pdftex.def
File: pdftex.def 2010/03/12 v0.04p Graphics/color for pdfTeX
\Gread@gobject=\count123
))
\Gin@req@height=\dimen124
\Gin@req@width=\dimen125
)
(/usr/share/texmf-texlive/tex/latex/tools/array.sty
Package: array 2008/09/09 v2.4c Tabular extension package (FMi)
\col@sep=\dimen126
\extrarowheight=\dimen127
\NC@list=\toks24
\extratabsurround=\skip50
\backup@length=\skip51
)
(/usr/share/texmf-texlive/tex/latex/listings/lstlang1.sty
File: lstlang1.sty 2004/09/05 1.3 listings language file
)
(/usr/share/texmf-texlive/tex/latex/listings/lstmisc.sty
File: lstmisc.sty 2007/02/22 1.4 (Carsten Heinz)
)
(/usr/share/texmf-texlive/tex/latex/listings/lstlang1.sty
File: lstlang1.sty 2004/09/05 1.3 listings language file
) (./notation.tex)
(/usr/share/texmf-texlive/tex/latex/pdftricks/pdftricks.sty
Package: pdftricks 2003/08/10 1.16 psTricks support in PDF (CVR/ACL)


Package pdftricks Warning: ****************************************
(pdftricks)                Package pdftricks v,1.16 loaded
(pdftricks)                [psTricks support in PDF (CVR, ACL)]
(pdftricks)                ****************************************.

(/usr/share/texmf-texlive/tex/latex/graphics/color.sty
Package: color 2005/11/14 v1.0j Standard LaTeX Color (DPC)

(/etc/texmf/tex/latex/config/color.cfg
File: color.cfg 2007/01/18 v1.5 color configuration of teTeX/TeXLive
)
Package color Info: Driver file: pdftex.def on input line 130.
)
runsystem(touch /tmp/w18-test-2015928940)...executed.



Package pdftricks Warning: ****************************************
(pdftricks)                Using \write 18 capability 
(pdftricks)                for producing PDF-figures. 
(pdftricks)                ****************************************.

(/usr/share/texmf-texlive/tex/latex/moreverb/moreverb.sty
Package: moreverb 2008/06/03 v2.3 `more' verbatim facilities

(/usr/share/texmf-texlive/tex/latex/tools/verbatim.sty
Package: verbatim 2003/08/22 v1.5q LaTeX2e package for verbatim enhancements
\every@verbatim=\toks25
\verbatim@line=\toks26
\verbatim@in@stream=\read1
)
\verbatim@out=\write3
\tab@position=\count124
\tab@size=\count125
\listing@line=\count126
)
\c@psfig=\count127
\c@arraylength=\count128
\c@ArrayIndex=\count129
\c@zeroCtr=\count130
\c@recordCtr=\count131
\c@Ctr=\count132
\c@f@irstCtr=\count133
\c@s@econdCtr=\count134
)
(/usr/share/texmf-texlive/tex/latex/pstricks/pstricks.sty
Package: pstricks 2008/11/26 v0.40 LaTeX wrapper for `PSTricks' (RN,HV)

(/usr/share/texmf-texlive/tex/generic/pstricks/pstricks.tex
`PSTricks' v1.29  <2009/05/19> (tvz)
\pst@dima=\dimen128
\pst@dimb=\dimen129
\pst@dimc=\dimen130
\pst@dimd=\dimen131
\pst@dimg=\dimen132
\pst@dimh=\dimen133
\pst@hbox=\box34
\pst@boxg=\box35
\pst@cnta=\count135
\pst@cntb=\count136
\pst@cntc=\count137
\pst@cntd=\count138
\pst@cntg=\count139
\pst@cnth=\count140
\pst@toks=\toks27
(/usr/share/texmf-texlive/tex/generic/pstricks/pstricks.con)
\psunit=\dimen134
\psxunit=\dimen135
\psyunit=\dimen136
\pslinewidth=\dimen137
\pst@customdefs=\toks28
\pslinearc=\dimen138
\everypsbox=\toks29
\psframesep=\dimen139
\pslabelsep=\dimen140
\pst@shift=\dimen141
\theoverlaybox=\box36
)
File: pstricks.tex 2009/05/19 v1.29 `PSTricks' (tvz,hv)

(/usr/share/texmf/tex/latex/xcolor/xcolor.sty
Package: xcolor 2007/01/21 v2.11 LaTeX color extensions (UK)

(/etc/texmf/tex/latex/config/color.cfg
File: color.cfg 2007/01/18 v1.5 color configuration of teTeX/TeXLive
)
Package xcolor Info: Driver file: pdftex.def on input line 225.
LaTeX Info: Redefining \color on input line 702.
Package xcolor Info: Model `cmy' substituted by `cmy0' on input line 1337.
Package xcolor Info: Model `hsb' substituted by `rgb' on input line 1341.
Package xcolor Info: Model `RGB' extended on input line 1353.
Package xcolor Info: Model `HTML' substituted by `rgb' on input line 1355.
Package xcolor Info: Model `Hsb' substituted by `hsb' on input line 1356.
Package xcolor Info: Model `tHsb' substituted by `hsb' on input line 1357.
Package xcolor Info: Model `HSB' substituted by `hsb' on input line 1358.
Package xcolor Info: Model `Gray' substituted by `gray' on input line 1359.
Package xcolor Info: Model `wave' substituted by `hsb' on input line 1360.
))
(/usr/share/texmf-texlive/tex/latex/pstricks/pst-node.sty
Package: pst-node 2006/01/01 package wrapper for pst-node.tex

(/usr/share/texmf-texlive/tex/generic/pstricks/pst-node.tex  v1.01, 2008/11/26
\psrow=\count141
\pscol=\count142
\psmatrixcnt=\count143
\psrowsep=\skip52
\pscolsep=\skip53
)
File: pst-node.tex 2008/11/26 1.01 `pst-node' (tvz)
)
\openout3 = `tmp.inputs'.

 (./femtools_manual.aux)
\openout1 = `femtools_manual.aux'.

LaTeX Font Info:    Checking defaults for OML/cmm/m/it on input line 70.
LaTeX Font Info:    ... okay on input line 70.
LaTeX Font Info:    Checking defaults for T1/cmr/m/n on input line 70.
LaTeX Font Info:    ... okay on input line 70.
LaTeX Font Info:    Checking defaults for OT1/cmr/m/n on input line 70.
LaTeX Font Info:    ... okay on input line 70.
LaTeX Font Info:    Checking defaults for OMS/cmsy/m/n on input line 70.
LaTeX Font Info:    ... okay on input line 70.
LaTeX Font Info:    Checking defaults for OMX/cmex/m/n on input line 70.
LaTeX Font Info:    ... okay on input line 70.
LaTeX Font Info:    Checking defaults for U/cmr/m/n on input line 70.
LaTeX Font Info:    ... okay on input line 70.
LaTeX Font Info:    Checking defaults for PD1/pdf/m/n on input line 70.
LaTeX Font Info:    ... okay on input line 70.
LaTeX Font Info:    Try loading font information for OT1+ppl on input line 70.
 (/usr/share/texmf-texlive/tex/latex/psnfss/ot1ppl.fd
File: ot1ppl.fd 2001/06/04 font definitions for OT1/ppl.
)
\c@lstlisting=\count144
Package hyperref Info: Link coloring ON on input line 70.
(/usr/share/texmf-texlive/tex/latex/hyperref/nameref.sty
Package: nameref 2007/05/29 v2.31 Cross-referencing by name of section

(/usr/share/texmf-texlive/tex/latex/oberdiek/refcount.sty
Package: refcount 2008/08/11 v3.1 Data extraction from references (HO)
)
\c@section@level=\count145
)
LaTeX Info: Redefining \ref on input line 70.
LaTeX Info: Redefining \pageref on input line 70.

(./femtools_manual.out) (./femtools_manual.out)
\@outlinefile=\write4
\openout4 = `femtools_manual.out'.

\AtBeginShipoutBox=\box37

*geometry auto-detecting driver*
*geometry detected driver: pdftex*
-------------------- Geometry parameters
paper: a4paper
landscape: --
twocolumn: --
twoside: true
asymmetric: --
h-parts: 56.9055pt, 483.69687pt, 56.9055pt
v-parts: 56.9055pt, 731.23584pt, 56.9055pt
hmarginratio: --
vmarginratio: --
lines: --
heightrounded: --
bindingoffset: 0.0pt
truedimen: --
includehead: --
includefoot: --
includemp: --
driver: pdftex
-------------------- Page layout dimensions and switches
\paperwidth  597.50787pt
\paperheight 845.04684pt
\textwidth  483.69687pt
\textheight 731.23584pt
\oddsidemargin  -15.36449pt
\evensidemargin -15.36449pt
\topmargin  -47.23828pt
\headheight 12.0pt
\headsep    19.8738pt
\footskip   27.46295pt
\marginparwidth 106.0pt
\marginparsep   7.0pt
\columnsep  10.0pt
\skip\footins  10.0pt plus 4.0pt minus 2.0pt
\hoffset 0.0pt
\voffset 0.0pt
\mag 1000
\@twosidetrue \@mparswitchtrue 
(1in=72.27pt, 1cm=28.45pt)
-----------------------
(/usr/share/texmf-texlive/tex/context/base/supp-pdf.mkii
[Loading MPS to PDF converter (version 2006.09.02).]
\scratchcounter=\count146
\scratchdimen=\dimen142
\scratchbox=\box38
\nofMPsegments=\count147
\nofMParguments=\count148
\everyMPshowfont=\toks30
\MPscratchCnt=\count149
\MPscratchDim=\dimen143
\MPnumerator=\count150
\everyMPtoPDFconversion=\toks31
)
LaTeX Font Info:    Try loading font information for U+msa on input line 72.
 (/usr/share/texmf-texlive/tex/latex/amsfonts/umsa.fd
File: umsa.fd 2009/06/22 v3.00 AMS symbols A
)
LaTeX Font Info:    Try loading font information for U+msb on input line 72.

(/usr/share/texmf-texlive/tex/latex/amsfonts/umsb.fd
File: umsb.fd 2009/06/22 v3.00 AMS symbols B
)

LaTeX Warning: No \author given.

[1
Non-PDF special ignored!
Non-PDF special ignored!
Non-PDF special ignored!
Non-PDF special ignored!


{/var/lib/texmf/fonts/map/pdftex/updmap/pdftex.map}]
[2

]
LaTeX Font Info:    Font shape `OT1/ppl/bx/n' in size <24.88> not available
(Font)              Font shape `OT1/ppl/b/n' tried instead on input line 73.
 (./femtools_manual.toc
LaTeX Font Info:    Font shape `OT1/ppl/bx/n' in size <12> not available
(Font)              Font shape `OT1/ppl/b/n' tried instead on input line 1.
LaTeX Font Info:    Font shape `OT1/ppl/bx/n' in size <10.95> not available
(Font)              Font shape `OT1/ppl/b/n' tried instead on input line 2.
 [3] [4] [5] [6])
\tf@toc=\write5
\openout5 = `femtools_manual.toc'.

 [7] [8

]
LaTeX Font Info:    Font shape `OT1/ppl/bx/n' in size <20.74> not available
(Font)              Font shape `OT1/ppl/b/n' tried instead on input line 75.
 [9] [10]
Chapter 1.
LaTeX Font Info:    Font shape `OT1/ppl/bx/n' in size <14.4> not available
(Font)              Font shape `OT1/ppl/b/n' tried instead on input line 79.
(./linear_1d.pdftex_t <linear_1d_tex.pdf, id=775, 157.58875pt x 158.5925pt>
File: linear_1d_tex.pdf Graphic file (type pdf)

<use linear_1d_tex.pdf>) (./quadratic_1d.pdftex_t
<quadratic_1d_tex.pdf, id=776, 157.58875pt x 167.62625pt>
File: quadratic_1d_tex.pdf Graphic file (type pdf)

<use quadratic_1d_tex.pdf>) (./linear_1d_mesh.pdftex_t
<linear_1d_mesh_tex.pdf, id=778, 460.72125pt x 131.49126pt>
File: linear_1d_mesh_tex.pdf Graphic file (type pdf)

<use linear_1d_mesh_tex.pdf>) [11

] (./linear_1d_basis.pdftex_t
<linear_1d_basis_tex.pdf, id=799, 215.80624pt x 119.44624pt>
File: linear_1d_basis_tex.pdf Graphic file (type pdf)

<use linear_1d_basis_tex.pdf>) [12 <./linear_1d_tex.pdf> <./quadratic_1d_tex.pd
f> <./linear_1d_mesh_tex.pdf>] (./quadratic_1d_basis.pdftex_t
<quadratic_1d_basis_tex.pdf, id=820, 403.5075pt x 131.49126pt>
File: quadratic_1d_basis_tex.pdf Graphic file (type pdf)

<use quadratic_1d_basis_tex.pdf>) [13 <./linear_1d_basis_tex.pdf>] [14 <./quadr
atic_1d_basis_tex.pdf>] [15] (./numerical_integration.pdftex_t
<numerical_integration_tex.pdf, id=862, 407.5225pt x 105.39375pt>
File: numerical_integration_tex.pdf Graphic file (type pdf)

<use numerical_integration_tex.pdf>) [16 <./numerical_integration_tex.pdf>]
[17] (./linear_1d_derivative.pdftex_t
<linear_1d_derivative_tex.pdf, id=897, 420.57124pt x 181.67876pt>
File: linear_1d_derivative_tex.pdf Graphic file (type pdf)

<use linear_1d_derivative_tex.pdf>) [18 <./linear_1d_derivative_tex.pdf>]
Chapter 2.
[19

]
LaTeX Font Info:    Try loading font information for OT1+pcr on input line 627.

 (/usr/share/texmf-texlive/tex/latex/psnfss/ot1pcr.fd
File: ot1pcr.fd 2001/06/04 font definitions for OT1/pcr.
)
LaTeX Font Info:    Font shape `OT1/pcr/bx/n' in size <10.95> not available
(Font)              Font shape `OT1/pcr/b/n' tried instead on input line 628.
 [20]
LaTeX Font Info:    Try loading font information for OMS+ppl on input line 695.


(/usr/share/texmf-texlive/tex/latex/psnfss/omsppl.fd
File: omsppl.fd 
)
LaTeX Font Info:    Font shape `OMS/ppl/m/n' in size <10.95> not available
(Font)              Font shape `OMS/cmsy/m/n' tried instead on input line 695.
 [21]
Underfull \vbox (badness 10000) has occurred while \output is active []

 [22]
[23] (./linear_1d_galerkin.pdftex_t
<linear_1d_galerkin_tex.pdf, id=989, 420.57124pt x 181.67876pt>
File: linear_1d_galerkin_tex.pdf Graphic file (type pdf)

<use linear_1d_galerkin_tex.pdf>) [24] [25 <./linear_1d_galerkin_tex.pdf>]
[26

]
Chapter 3.
(./local_coords_tri.pdftex_t
<local_coords_tri_tex.pdf, id=1016, 305.14pt x 121.45375pt>
File: local_coords_tri_tex.pdf Graphic file (type pdf)

<use local_coords_tri_tex.pdf>) [27] [28 <./local_coords_tri_tex.pdf>] [29

]
[30]
Chapter 4.
\openout3 = `femtools_manual-fig1.tex'.

Opening PDFStream=femtools_manual-fig1.tex
runsystem(latex -interaction=batchmode femtools_manual-fig1)...executed.

runsystem(dvips -o femtools_manual-fig1.ps femtools_manual-fig1)...executed.

runsystem(ps2eps -f femtools_manual-fig1.ps)...executed.

runsystem(epstopdf femtools_manual-fig1.eps)...executed.

runsystem(rm femtools_manual-fig1.aux femtools_manual-fig1.dvi femtools_manual-
fig1.log femtools_manual-fig1.eps)...executed.


<femtools_manual-fig1.pdf, id=1045, 393.47pt x 207.77625pt>
File: femtools_manual-fig1.pdf Graphic file (type pdf)

<use femtools_manual-fig1.pdf>

LaTeX Warning: Characters dropped after `\end{pdfdisplay}' on input line 1075.

[31

 <./femtools_manual-fig1.pdf>] [32]
Chapter 5.
[33

] [34

]
Chapter 6.
[35] [36

]
Chapter 7.
(./mesh.pdftex_t <mesh_tex.pdf, id=1097, 257.96375pt x 179.67125pt>
File: mesh_tex.pdf Graphic file (type pdf)

<use mesh_tex.pdf>) [37] [38 <./mesh_tex.pdf>]
Chapter 8.
[39

]
LaTeX Font Info:    Font shape `OT1/pcr/m/it' in size <10.95> not available
(Font)              Font shape `OT1/pcr/m/sl' tried instead on input line 1331.

 [40]
Overfull \hbox (6.62944pt too wide) in paragraph at lines 1378--1384
\OT1/ppl/m/n/10.95 ated by set-ting the op-tional [][][] ar-gu-ment of the [][]
[] call to [][][]. 
 []

[41] <coordinate_transformations.png, id=1194, 778.25757pt x 363.15675pt>
File: coordinate_transformations.png Graphic file (type png)

<use coordinate_transformations.png>
Overfull \hbox (0.33464pt too wide) in paragraph at lines 1450--1457
\OT1/ppl/m/n/10.95 Fortran rou-tine unit-test: [][][][][][][][][] 
 []


Overfull \hbox (63.5702pt too wide) in paragraph at lines 1450--1457
\OT1/ppl/m/n/10.95 C-inter-operable wrap-per unit-test: [][][][][][][][][] 
 []


Overfull \hbox (0.33464pt too wide) in paragraph at lines 1458--1465
\OT1/ppl/m/n/10.95 Fortran rou-tine unit-test: [][][][][][][][][] 
 []


Overfull \hbox (63.5702pt too wide) in paragraph at lines 1458--1465
\OT1/ppl/m/n/10.95 C-inter-operable wrap-per unit-test: [][][][][][][][][] 
 []


Overfull \hbox (130.33997pt too wide) in paragraph at lines 1467--1468
[]\OT1/ppl/m/n/10.95 A python ver-sion of the trans-for-ma-tion rou-tines is av
ail-able, con-tained in the mod-ule [][][][][][][].
 []

[42 <./coordinate_transformations.png>]
Chapter 9.
[43

] [44

]
Chapter 10.

Overfull \hbox (1.91963pt too wide) in paragraph at lines 1540--1562
\OT1/ppl/m/n/10.95 This de-stroys the orig-i-nal ref-er-ence which we cre-ated 
and re-duces the ref-er-ence count of [][][]
 []


Underfull \vbox (badness 10000) has occurred while \output is active []

 [45]
Overfull \hbox (3.28757pt too wide) in paragraph at lines 1623--1626
[]\OT1/ppl/m/n/10.95 It is im-por-tant to note that these re-marks ap-ply only 
to the [][][] sub-rou-tine called on a reference-
 []


Overfull \hbox (7.49216pt too wide) in paragraph at lines 1640--1647
[]\OT1/ppl/m/n/10.95 For ob-jects which hold ref-er-ences to other ob-jects, fo
r ex-am-ple a field holds a ref-er-ence to the [][]mesh[]type[][]
 []

[46]
Underfull \hbox (badness 10000) in paragraph at lines 1724--1724
[]|\OT1/ppl/m/n/10.95 csr[]matrix
 []


Overfull \hbox (17.49724pt too wide) in paragraph at lines 1711--1730
 [][] 
 []

[47] [48] [49

] [50]
Chapter 11.
[51

] [52

]
Chapter 12.
[53] [54] (./cq_stencil.pdftex_t
<cq_stencil_tex.pdf, id=1394, 159.59625pt x 155.58125pt>
File: cq_stencil_tex.pdf Graphic file (type pdf)

<use cq_stencil_tex.pdf>) [55 <./cq_stencil_tex.pdf>] [56] [57]
Overfull \hbox (26.13884pt too wide) in paragraph at lines 2198--2199
[][][][][][][][][][][][][][][][][][][][][]\OT1/pcr/m/n/10.95 ele[]loc[][][][][]
[][][][][][][] 
 []

[58]
Overfull \hbox (45.84894pt too wide) in paragraph at lines 2251--2252
[][][][][][][][][][][][][][][][][][][][][]\OT1/pcr/m/n/10.95 face[]loc[][][][][
][][][][][][][] 
 []

[59] [60]
LaTeX Font Info:    Font shape `OT1/ppl/bx/it' in size <10.95> not available
(Font)              Font shape `OT1/ppl/b/it' tried instead on input line 2380.

 [61] [62] [63] [64]
Chapter 13.
[65

] [66] [67] [68

]
Chapter 14.
[69]
Overfull \hbox (29.49075pt too wide) in paragraph at lines 2914--2924
 [] 
 []

[70] [71] [72]
Chapter 15.

Overfull \hbox (8.3445pt too wide) in paragraph at lines 3037--3065
[][] 
 []


Underfull \vbox (badness 10000) has occurred while \output is active []

 [73

]
Overfull \hbox (87.89775pt too wide) in paragraph at lines 3115--3116
[][][][][][][][][][][][][][][][][][][][][][][][][][][][][] 
 []

[74]
Overfull \hbox (68.18759pt too wide) in paragraph at lines 3164--3165
[][][][][][][][][][][][][][][][][][][][][][][][][][][] 
 []


Overfull \hbox (68.18759pt too wide) in paragraph at lines 3186--3187
[][][][][][][][][][][][][][][][][][][][][][][][][][][] 
 []

[75]
Overfull \hbox (2.48706pt too wide) in paragraph at lines 3209--3210
[][][][][][][][][][][][][][][][][][][][][] 
 []


Overfull \hbox (2.48706pt too wide) in paragraph at lines 3236--3237
[][][][][][][][][][][][][][][][][][][][][] 
 []

[76] [77]
Overfull \hbox (35.33733pt too wide) in paragraph at lines 3346--3347
[][][][][][][][][][][][][][][][][][][][][] 
 []


Overfull \hbox (55.04749pt too wide) in paragraph at lines 3366--3367
[][][][][][][][][][][][][][][][][][][][][] 
 []

[78]
Overfull \hbox (41.90738pt too wide) in paragraph at lines 3396--3397
[][][][][][][][][][][][][][][][][][][][][] 
 []

[79]
Overfull \hbox (2.48706pt too wide) in paragraph at lines 3493--3494
[][][][][][][][][][][][][][][][][][][][][][][][][] 
 []

[80]
Overfull \hbox (68.18759pt too wide) in paragraph at lines 3584--3585
[][][][][][][][][][][][][][][][][][][][][][] 
 []

[81]
Overfull \hbox (2.10481pt too wide) in paragraph at lines 3629--3632
[]\OT1/ppl/m/n/10.95 This rou-tine re-turns the num-ber of quadra-ture points o
f the shape func-tion gra-di-ent given by [][][].
 []

[82] [83] [84

]
Chapter 16.

Underfull \hbox (badness 10000) in paragraph at lines 3730--3731

 []

[85]
Underfull \hbox (badness 10000) in paragraph at lines 3745--3746

 []


Underfull \hbox (badness 10000) in paragraph at lines 3776--3777

 []

[86] (./femtools_manual.aux) ) 
Here is how much of TeX's memory you used:
 11154 strings out of 495061
 155366 string characters out of 1182621
 285739 words of memory out of 3000000
 12881 multiletter control sequences out of 15000+50000
 29274 words of font info for 80 fonts, out of 3000000 for 9000
 28 hyphenation exceptions out of 8191
 38i,27n,49p,559b,1627s stack positions out of 5000i,500n,10000p,200000b,50000s
pdfTeX warning (dest): name{proc:addto} has been 
referenced but does not exist, replaced by a fixed one

pdfTeX warning (dest): name{proc:remapfield} has been referenced but does not e
xist, replaced by a fixed one

pdfTeX warning (dest): name{type:quadraturetype} has been referenced but does n
ot exist, replaced by a fixed one

pdfTeX warning (dest): name{type:elementtype} has been referenced but does not 
exist, replaced by a fixed one

{/usr/share/texmf-texlive/fonts/enc/dvips/base/8r.enc}</usr/share/texmf-texlive
/fonts/type1/public/amsfonts/cm/cmbx10.pfb></usr/share/texmf-texlive/fonts/type
1/public/amsfonts/cm/cmbx12.pfb></usr/share/texmf-texlive/fonts/type1/public/am
sfonts/cm/cmbx8.pfb></usr/share/texmf-texlive/fonts/type1/public/amsfonts/cm/cm
ex10.pfb></usr/share/texmf-texlive/fonts/type1/public/amsfonts/cm/cmmi10.pfb></
usr/share/texmf-texlive/fonts/type1/public/amsfonts/cm/cmmi12.pfb></usr/share/t
exmf-texlive/fonts/type1/public/amsfonts/cm/cmmi6.pfb></usr/share/texmf-texlive
/fonts/type1/public/amsfonts/cm/cmmi8.pfb></usr/share/texmf-texlive/fonts/type1
/public/amsfonts/cm/cmr10.pfb></usr/share/texmf-texlive/fonts/type1/public/amsf
onts/cm/cmr12.pfb></usr/share/texmf-texlive/fonts/type1/public/amsfonts/cm/cmr6
.pfb></usr/share/texmf-texlive/fonts/type1/public/amsfonts/cm/cmr8.pfb></usr/sh
are/texmf-texlive/fonts/type1/public/amsfonts/cm/cmsy10.pfb></usr/share/texmf-t
exlive/fonts/type1/public/amsfonts/cm/cmsy6.pfb></usr/share/texmf-texlive/fonts
/type1/public/amsfonts/cm/cmsy8.pfb></usr/share/texmf-texlive/fonts/type1/publi
c/amsfonts/symbols/msbm10.pfb></usr/share/texmf-texlive/fonts/type1/urw/courier
/ucrb8a.pfb></usr/share/texmf-texlive/fonts/type1/urw/courier/ucrr8a.pfb></usr/
share/texmf-texlive/fonts/type1/urw/courier/ucrro8a.pfb></usr/share/texmf-texli
ve/fonts/type1/urw/palatino/uplb8a.pfb></usr/share/texmf-texlive/fonts/type1/ur
w/palatino/uplbi8a.pfb></usr/share/texmf-texlive/fonts/type1/urw/palatino/uplr8
a.pfb></usr/share/texmf-texlive/fonts/type1/urw/palatino/uplr8a.pfb></usr/share
/texmf-texlive/fonts/type1/urw/palatino/uplri8a.pfb>
Output written on femtools_manual.pdf (86 pages, 961599 bytes).
PDF statistics:
 2692 PDF objects out of 2984 (max. 8388607)
 1216 named destinations out of 1440 (max. 500000)
 1226 words of extra memory for PDF output out of 10000 (max. 10000000)

