This file contains any messages produced by compilers while
running configure, to aid debugging if configure makes a mistake.

It was created by Judy configure 1.0.5, which was
generated by GNU Autoconf 2.64.  Invocation command line was

  $ ./configure --prefix=/home/dxiao/Fluidity/ROM_Non_Intru/libjudy/..

## --------- ##
## Platform. ##
## --------- ##

hostname = dunhui-laptop
uname -m = x86_64
uname -r = 3.8.0-30-generic
uname -s = Linux
uname -v = #44~precise1-Ubuntu SMP Fri Aug 23 18:32:41 UTC 2013

/usr/bin/uname -p = unknown
/bin/uname -X     = unknown

/bin/arch              = unknown
/usr/bin/arch -k       = unknown
/usr/convex/getsysinfo = unknown
/usr/bin/hostinfo      = unknown
/bin/machine           = unknown
/usr/bin/oslevel       = unknown
/bin/universe          = unknown

PATH: /usr/lib/lightdm/lightdm
PATH: /usr/local/sbin
PATH: /usr/local/bin
PATH: /usr/sbin
PATH: /usr/bin
PATH: /sbin
PATH: /bin
PATH: /usr/games


## ----------- ##
## Core tests. ##
## ----------- ##

configure:2548: checking whether to enable maintainer-specific portions of Makefiles
configure:2557: result: no
configure:2610: checking for a BSD-compatible install
configure:2678: result: /usr/bin/install -c
configure:2689: checking whether build environment is sane
configure:2726: result: yes
configure:2751: checking for a thread-safe mkdir -p
configure:2790: result: /bin/mkdir -p
configure:2803: checking for gawk
configure:2819: found /usr/bin/gawk
configure:2830: result: gawk
configure:2841: checking whether make sets $(MAKE)
configure:2863: result: yes
configure:3054: checking which flavor to build
configure:3091: result: product
configure:3143: checking for gcc
configure:3170: result: gcc
configure:3399: checking for C compiler version
configure:3408: gcc --version >&5
gcc (Ubuntu/Linaro 4.6.3-1ubuntu5) 4.6.3
Copyright (C) 2011 Free Software Foundation, Inc.
This is free software; see the source for copying conditions.  There is NO
warranty; not even for MERCHANTABILITY or FITNESS FOR A PARTICULAR PURPOSE.

configure:3419: $? = 0
configure:3408: gcc -v >&5
Using built-in specs.
COLLECT_GCC=gcc
COLLECT_LTO_WRAPPER=/usr/lib/gcc/x86_64-linux-gnu/4.6/lto-wrapper
Target: x86_64-linux-gnu
Configured with: ../src/configure -v --with-pkgversion='Ubuntu/Linaro 4.6.3-1ubuntu5' --with-bugurl=file:///usr/share/doc/gcc-4.6/README.Bugs --enable-languages=c,c++,fortran,objc,obj-c++ --prefix=/usr --program-suffix=-4.6 --enable-shared --enable-linker-build-id --with-system-zlib --libexecdir=/usr/lib --without-included-gettext --enable-threads=posix --with-gxx-include-dir=/usr/include/c++/4.6 --libdir=/usr/lib --enable-nls --with-sysroot=/ --enable-clocale=gnu --enable-libstdcxx-debug --enable-libstdcxx-time=yes --enable-gnu-unique-object --enable-plugin --enable-objc-gc --disable-werror --with-arch-32=i686 --with-tune=generic --enable-checking=release --build=x86_64-linux-gnu --host=x86_64-linux-gnu --target=x86_64-linux-gnu
Thread model: posix
gcc version 4.6.3 (Ubuntu/Linaro 4.6.3-1ubuntu5) 
configure:3419: $? = 0
configure:3408: gcc -V >&5
gcc: error: unrecognized option '-V'
gcc: fatal error: no input files
compilation terminated.
configure:3419: $? = 4
configure:3408: gcc -qversion >&5
gcc: error: unrecognized option '-qversion'
gcc: fatal error: no input files
compilation terminated.
configure:3419: $? = 4
configure:3441: checking for C compiler default output file name
configure:3463: gcc    conftest.c  >&5
configure:3467: $? = 0
configure:3504: result: a.out
configure:3520: checking whether the C compiler works
configure:3529: ./a.out
configure:3533: $? = 0
configure:3548: result: yes
configure:3555: checking whether we are cross compiling
configure:3557: result: no
configure:3560: checking for suffix of executables
configure:3567: gcc -o conftest    conftest.c  >&5
configure:3571: $? = 0
configure:3593: result: 
configure:3599: checking for suffix of object files
configure:3621: gcc -c   conftest.c >&5
configure:3625: $? = 0
configure:3646: result: o
configure:3650: checking whether we are using the GNU C compiler
configure:3669: gcc -c   conftest.c >&5
configure:3669: $? = 0
configure:3678: result: yes
configure:3687: checking whether gcc accepts -g
configure:3707: gcc -c -g  conftest.c >&5
configure:3707: $? = 0
configure:3748: result: yes
configure:3765: checking for gcc option to accept ISO C89
configure:3829: gcc  -c -g -O2  conftest.c >&5
configure:3829: $? = 0
configure:3842: result: none needed
configure:3873: checking for style of include used by make
configure:3901: result: GNU
configure:3926: checking dependency style of gcc
configure:4017: result: gcc3
configure:4037: checking how to run the C preprocessor
configure:4068: gcc -E  conftest.c
configure:4068: $? = 0
configure:4082: gcc -E  conftest.c
conftest.c:11:28: fatal error: ac_nonexistent.h: No such file or directory
compilation terminated.
configure:4082: $? = 1
configure: failed program was:
| /* confdefs.h */
| #define PACKAGE_NAME "Judy"
| #define PACKAGE_TARNAME "judy"
| #define PACKAGE_VERSION "1.0.5"
| #define PACKAGE_STRING "Judy 1.0.5"
| #define PACKAGE_BUGREPORT "dougbaskins@yahoo.com"
| #define PACKAGE_URL ""
| #define PACKAGE "Judy"
| #define VERSION "1.0.5"
| /* end confdefs.h.  */
| #include <ac_nonexistent.h>
configure:4107: result: gcc -E
configure:4127: gcc -E  conftest.c
configure:4127: $? = 0
configure:4141: gcc -E  conftest.c
conftest.c:11:28: fatal error: ac_nonexistent.h: No such file or directory
compilation terminated.
configure:4141: $? = 1
configure: failed program was:
| /* confdefs.h */
| #define PACKAGE_NAME "Judy"
| #define PACKAGE_TARNAME "judy"
| #define PACKAGE_VERSION "1.0.5"
| #define PACKAGE_STRING "Judy 1.0.5"
| #define PACKAGE_BUGREPORT "dougbaskins@yahoo.com"
| #define PACKAGE_URL ""
| #define PACKAGE "Judy"
| #define VERSION "1.0.5"
| /* end confdefs.h.  */
| #include <ac_nonexistent.h>
configure:4170: checking whether ln -s works
configure:4174: result: yes
configure:4181: checking whether make sets $(MAKE)
configure:4203: result: yes
configure:4215: checking for grep that handles long lines and -e
configure:4273: result: /bin/grep
configure:4278: checking for egrep
configure:4340: result: /bin/grep -E
configure:4345: checking for ANSI C header files
configure:4365: gcc -c -g -O2  conftest.c >&5
configure:4365: $? = 0
configure:4438: gcc -o conftest -g -O2   conftest.c  >&5
configure:4438: $? = 0
configure:4438: ./conftest
configure:4438: $? = 0
configure:4449: result: yes
configure:4462: checking for sys/types.h
configure:4462: gcc -c -g -O2  conftest.c >&5
configure:4462: $? = 0
configure:4462: result: yes
configure:4462: checking for sys/stat.h
configure:4462: gcc -c -g -O2  conftest.c >&5
configure:4462: $? = 0
configure:4462: result: yes
configure:4462: checking for stdlib.h
configure:4462: gcc -c -g -O2  conftest.c >&5
configure:4462: $? = 0
configure:4462: result: yes
configure:4462: checking for string.h
configure:4462: gcc -c -g -O2  conftest.c >&5
configure:4462: $? = 0
configure:4462: result: yes
configure:4462: checking for memory.h
configure:4462: gcc -c -g -O2  conftest.c >&5
configure:4462: $? = 0
configure:4462: result: yes
configure:4462: checking for strings.h
configure:4462: gcc -c -g -O2  conftest.c >&5
configure:4462: $? = 0
configure:4462: result: yes
configure:4462: checking for inttypes.h
configure:4462: gcc -c -g -O2  conftest.c >&5
configure:4462: $? = 0
configure:4462: result: yes
configure:4462: checking for stdint.h
configure:4462: gcc -c -g -O2  conftest.c >&5
configure:4462: $? = 0
configure:4462: result: yes
configure:4462: checking for unistd.h
configure:4462: gcc -c -g -O2  conftest.c >&5
configure:4462: $? = 0
configure:4462: result: yes
configure:4478: checking fcntl.h usability
configure:4478: gcc -c -g -O2  conftest.c >&5
configure:4478: $? = 0
configure:4478: result: yes
configure:4478: checking fcntl.h presence
configure:4478: gcc -E  conftest.c
configure:4478: $? = 0
configure:4478: result: yes
configure:4478: checking for fcntl.h
configure:4478: result: yes
configure:4478: checking for inttypes.h
configure:4478: result: yes
configure:4478: checking limits.h usability
configure:4478: gcc -c -g -O2  conftest.c >&5
configure:4478: $? = 0
configure:4478: result: yes
configure:4478: checking limits.h presence
configure:4478: gcc -E  conftest.c
configure:4478: $? = 0
configure:4478: result: yes
configure:4478: checking for limits.h
configure:4478: result: yes
configure:4478: checking malloc.h usability
configure:4478: gcc -c -g -O2  conftest.c >&5
configure:4478: $? = 0
configure:4478: result: yes
configure:4478: checking malloc.h presence
configure:4478: gcc -E  conftest.c
configure:4478: $? = 0
configure:4478: result: yes
configure:4478: checking for malloc.h
configure:4478: result: yes
configure:4478: checking stddef.h usability
configure:4478: gcc -c -g -O2  conftest.c >&5
configure:4478: $? = 0
configure:4478: result: yes
configure:4478: checking stddef.h presence
configure:4478: gcc -E  conftest.c
configure:4478: $? = 0
configure:4478: result: yes
configure:4478: checking for stddef.h
configure:4478: result: yes
configure:4478: checking for stdint.h
configure:4478: result: yes
configure:4478: checking for stdlib.h
configure:4478: result: yes
configure:4478: checking for string.h
configure:4478: result: yes
configure:4478: checking for strings.h
configure:4478: result: yes
configure:4478: checking sys/param.h usability
configure:4478: gcc -c -g -O2  conftest.c >&5
configure:4478: $? = 0
configure:4478: result: yes
configure:4478: checking sys/param.h presence
configure:4478: gcc -E  conftest.c
configure:4478: $? = 0
configure:4478: result: yes
configure:4478: checking for sys/param.h
configure:4478: result: yes
configure:4478: checking sys/time.h usability
configure:4478: gcc -c -g -O2  conftest.c >&5
configure:4478: $? = 0
configure:4478: result: yes
configure:4478: checking sys/time.h presence
configure:4478: gcc -E  conftest.c
configure:4478: $? = 0
configure:4478: result: yes
configure:4478: checking for sys/time.h
configure:4478: result: yes
configure:4478: checking for unistd.h
configure:4478: result: yes
configure:4491: checking for stdbool.h that conforms to C99
configure:4576: gcc -c -g -O2  conftest.c >&5
configure:4576: $? = 0
configure:4583: result: yes
configure:4585: checking for _Bool
configure:4585: gcc -c -g -O2  conftest.c >&5
configure:4585: $? = 0
configure:4585: gcc -c -g -O2  conftest.c >&5
conftest.c: In function 'main':
conftest.c:69:20: error: expected expression before ')' token
configure:4585: $? = 1
configure: failed program was:
| /* confdefs.h */
| #define PACKAGE_NAME "Judy"
| #define PACKAGE_TARNAME "judy"
| #define PACKAGE_VERSION "1.0.5"
| #define PACKAGE_STRING "Judy 1.0.5"
| #define PACKAGE_BUGREPORT "dougbaskins@yahoo.com"
| #define PACKAGE_URL ""
| #define PACKAGE "Judy"
| #define VERSION "1.0.5"
| #define STDC_HEADERS 1
| #define HAVE_SYS_TYPES_H 1
| #define HAVE_SYS_STAT_H 1
| #define HAVE_STDLIB_H 1
| #define HAVE_STRING_H 1
| #define HAVE_MEMORY_H 1
| #define HAVE_STRINGS_H 1
| #define HAVE_INTTYPES_H 1
| #define HAVE_STDINT_H 1
| #define HAVE_UNISTD_H 1
| #define HAVE_FCNTL_H 1
| #define HAVE_INTTYPES_H 1
| #define HAVE_LIMITS_H 1
| #define HAVE_MALLOC_H 1
| #define HAVE_STDDEF_H 1
| #define HAVE_STDINT_H 1
| #define HAVE_STDLIB_H 1
| #define HAVE_STRING_H 1
| #define HAVE_STRINGS_H 1
| #define HAVE_SYS_PARAM_H 1
| #define HAVE_SYS_TIME_H 1
| #define HAVE_UNISTD_H 1
| /* end confdefs.h.  */
| #include <stdio.h>
| #ifdef HAVE_SYS_TYPES_H
| # include <sys/types.h>
| #endif
| #ifdef HAVE_SYS_STAT_H
| # include <sys/stat.h>
| #endif
| #ifdef STDC_HEADERS
| # include <stdlib.h>
| # include <stddef.h>
| #else
| # ifdef HAVE_STDLIB_H
| #  include <stdlib.h>
| # endif
| #endif
| #ifdef HAVE_STRING_H
| # if !defined STDC_HEADERS && defined HAVE_MEMORY_H
| #  include <memory.h>
| # endif
| # include <string.h>
| #endif
| #ifdef HAVE_STRINGS_H
| # include <strings.h>
| #endif
| #ifdef HAVE_INTTYPES_H
| # include <inttypes.h>
| #endif
| #ifdef HAVE_STDINT_H
| # include <stdint.h>
| #endif
| #ifdef HAVE_UNISTD_H
| # include <unistd.h>
| #endif
| int
| main ()
| {
| if (sizeof ((_Bool)))
| 	    return 0;
|   ;
|   return 0;
| }
configure:4585: result: yes
configure:4601: checking for an ANSI C-conforming const
configure:4666: gcc -c -g -O2  conftest.c >&5
configure:4666: $? = 0
configure:4673: result: yes
configure:4681: checking for inline
configure:4697: gcc -c -g -O2  conftest.c >&5
configure:4697: $? = 0
configure:4705: result: inline
configure:4723: checking for size_t
configure:4723: gcc -c -g -O2  conftest.c >&5
configure:4723: $? = 0
configure:4723: gcc -c -g -O2  conftest.c >&5
conftest.c: In function 'main':
conftest.c:71:21: error: expected expression before ')' token
configure:4723: $? = 1
configure: failed program was:
| /* confdefs.h */
| #define PACKAGE_NAME "Judy"
| #define PACKAGE_TARNAME "judy"
| #define PACKAGE_VERSION "1.0.5"
| #define PACKAGE_STRING "Judy 1.0.5"
| #define PACKAGE_BUGREPORT "dougbaskins@yahoo.com"
| #define PACKAGE_URL ""
| #define PACKAGE "Judy"
| #define VERSION "1.0.5"
| #define STDC_HEADERS 1
| #define HAVE_SYS_TYPES_H 1
| #define HAVE_SYS_STAT_H 1
| #define HAVE_STDLIB_H 1
| #define HAVE_STRING_H 1
| #define HAVE_MEMORY_H 1
| #define HAVE_STRINGS_H 1
| #define HAVE_INTTYPES_H 1
| #define HAVE_STDINT_H 1
| #define HAVE_UNISTD_H 1
| #define HAVE_FCNTL_H 1
| #define HAVE_INTTYPES_H 1
| #define HAVE_LIMITS_H 1
| #define HAVE_MALLOC_H 1
| #define HAVE_STDDEF_H 1
| #define HAVE_STDINT_H 1
| #define HAVE_STDLIB_H 1
| #define HAVE_STRING_H 1
| #define HAVE_STRINGS_H 1
| #define HAVE_SYS_PARAM_H 1
| #define HAVE_SYS_TIME_H 1
| #define HAVE_UNISTD_H 1
| #define HAVE__BOOL 1
| #define HAVE_STDBOOL_H 1
| /* end confdefs.h.  */
| #include <stdio.h>
| #ifdef HAVE_SYS_TYPES_H
| # include <sys/types.h>
| #endif
| #ifdef HAVE_SYS_STAT_H
| # include <sys/stat.h>
| #endif
| #ifdef STDC_HEADERS
| # include <stdlib.h>
| # include <stddef.h>
| #else
| # ifdef HAVE_STDLIB_H
| #  include <stdlib.h>
| # endif
| #endif
| #ifdef HAVE_STRING_H
| # if !defined STDC_HEADERS && defined HAVE_MEMORY_H
| #  include <memory.h>
| # endif
| # include <string.h>
| #endif
| #ifdef HAVE_STRINGS_H
| # include <strings.h>
| #endif
| #ifdef HAVE_INTTYPES_H
| # include <inttypes.h>
| #endif
| #ifdef HAVE_STDINT_H
| # include <stdint.h>
| #endif
| #ifdef HAVE_UNISTD_H
| # include <unistd.h>
| #endif
| int
| main ()
| {
| if (sizeof ((size_t)))
| 	    return 0;
|   ;
|   return 0;
| }
configure:4723: result: yes
configure:4734: checking whether time.h and sys/time.h may both be included
configure:4754: gcc -c -g -O2  conftest.c >&5
configure:4754: $? = 0
configure:4761: result: yes
configure:4769: checking whether struct tm is in sys/time.h or time.h
configure:4789: gcc -c -g -O2  conftest.c >&5
configure:4789: $? = 0
configure:4796: result: time.h
configure:4804: checking for working volatile
configure:4823: gcc -c -g -O2  conftest.c >&5
configure:4823: $? = 0
configure:4830: result: yes
configure:4838: checking for ptrdiff_t
configure:4838: gcc -c -g -O2  conftest.c >&5
configure:4838: $? = 0
configure:4838: gcc -c -g -O2  conftest.c >&5
conftest.c: In function 'main':
conftest.c:72:24: error: expected expression before ')' token
configure:4838: $? = 1
configure: failed program was:
| /* confdefs.h */
| #define PACKAGE_NAME "Judy"
| #define PACKAGE_TARNAME "judy"
| #define PACKAGE_VERSION "1.0.5"
| #define PACKAGE_STRING "Judy 1.0.5"
| #define PACKAGE_BUGREPORT "dougbaskins@yahoo.com"
| #define PACKAGE_URL ""
| #define PACKAGE "Judy"
| #define VERSION "1.0.5"
| #define STDC_HEADERS 1
| #define HAVE_SYS_TYPES_H 1
| #define HAVE_SYS_STAT_H 1
| #define HAVE_STDLIB_H 1
| #define HAVE_STRING_H 1
| #define HAVE_MEMORY_H 1
| #define HAVE_STRINGS_H 1
| #define HAVE_INTTYPES_H 1
| #define HAVE_STDINT_H 1
| #define HAVE_UNISTD_H 1
| #define HAVE_FCNTL_H 1
| #define HAVE_INTTYPES_H 1
| #define HAVE_LIMITS_H 1
| #define HAVE_MALLOC_H 1
| #define HAVE_STDDEF_H 1
| #define HAVE_STDINT_H 1
| #define HAVE_STDLIB_H 1
| #define HAVE_STRING_H 1
| #define HAVE_STRINGS_H 1
| #define HAVE_SYS_PARAM_H 1
| #define HAVE_SYS_TIME_H 1
| #define HAVE_UNISTD_H 1
| #define HAVE__BOOL 1
| #define HAVE_STDBOOL_H 1
| #define TIME_WITH_SYS_TIME 1
| /* end confdefs.h.  */
| #include <stdio.h>
| #ifdef HAVE_SYS_TYPES_H
| # include <sys/types.h>
| #endif
| #ifdef HAVE_SYS_STAT_H
| # include <sys/stat.h>
| #endif
| #ifdef STDC_HEADERS
| # include <stdlib.h>
| # include <stddef.h>
| #else
| # ifdef HAVE_STDLIB_H
| #  include <stdlib.h>
| # endif
| #endif
| #ifdef HAVE_STRING_H
| # if !defined STDC_HEADERS && defined HAVE_MEMORY_H
| #  include <memory.h>
| # endif
| # include <string.h>
| #endif
| #ifdef HAVE_STRINGS_H
| # include <strings.h>
| #endif
| #ifdef HAVE_INTTYPES_H
| # include <inttypes.h>
| #endif
| #ifdef HAVE_STDINT_H
| # include <stdint.h>
| #endif
| #ifdef HAVE_UNISTD_H
| # include <unistd.h>
| #endif
| int
| main ()
| {
| if (sizeof ((ptrdiff_t)))
| 	    return 0;
|   ;
|   return 0;
| }
configure:4838: result: yes
configure:4849: checking whether byte ordering is bigendian
configure:4864: gcc -c -g -O2  conftest.c >&5
conftest.c:38:9: error: unknown type name 'not'
conftest.c:38:15: error: expected '=', ',', ';', 'asm' or '__attribute__' before 'universal'
conftest.c:38:15: error: unknown type name 'universal'
configure:4864: $? = 1
configure: failed program was:
| /* confdefs.h */
| #define PACKAGE_NAME "Judy"
| #define PACKAGE_TARNAME "judy"
| #define PACKAGE_VERSION "1.0.5"
| #define PACKAGE_STRING "Judy 1.0.5"
| #define PACKAGE_BUGREPORT "dougbaskins@yahoo.com"
| #define PACKAGE_URL ""
| #define PACKAGE "Judy"
| #define VERSION "1.0.5"
| #define STDC_HEADERS 1
| #define HAVE_SYS_TYPES_H 1
| #define HAVE_SYS_STAT_H 1
| #define HAVE_STDLIB_H 1
| #define HAVE_STRING_H 1
| #define HAVE_MEMORY_H 1
| #define HAVE_STRINGS_H 1
| #define HAVE_INTTYPES_H 1
| #define HAVE_STDINT_H 1
| #define HAVE_UNISTD_H 1
| #define HAVE_FCNTL_H 1
| #define HAVE_INTTYPES_H 1
| #define HAVE_LIMITS_H 1
| #define HAVE_MALLOC_H 1
| #define HAVE_STDDEF_H 1
| #define HAVE_STDINT_H 1
| #define HAVE_STDLIB_H 1
| #define HAVE_STRING_H 1
| #define HAVE_STRINGS_H 1
| #define HAVE_SYS_PARAM_H 1
| #define HAVE_SYS_TIME_H 1
| #define HAVE_UNISTD_H 1
| #define HAVE__BOOL 1
| #define HAVE_STDBOOL_H 1
| #define TIME_WITH_SYS_TIME 1
| #define HAVE_PTRDIFF_T 1
| /* end confdefs.h.  */
| #ifndef __APPLE_CC__
| 	       not a universal capable compiler
| 	     #endif
| 	     typedef int dummy;
| 
configure:4909: gcc -c -g -O2  conftest.c >&5
configure:4909: $? = 0
configure:4927: gcc -c -g -O2  conftest.c >&5
conftest.c: In function 'main':
conftest.c:44:4: error: unknown type name 'not'
conftest.c:44:12: error: expected '=', ',', ';', 'asm' or '__attribute__' before 'endian'
configure:4927: $? = 1
configure: failed program was:
| /* confdefs.h */
| #define PACKAGE_NAME "Judy"
| #define PACKAGE_TARNAME "judy"
| #define PACKAGE_VERSION "1.0.5"
| #define PACKAGE_STRING "Judy 1.0.5"
| #define PACKAGE_BUGREPORT "dougbaskins@yahoo.com"
| #define PACKAGE_URL ""
| #define PACKAGE "Judy"
| #define VERSION "1.0.5"
| #define STDC_HEADERS 1
| #define HAVE_SYS_TYPES_H 1
| #define HAVE_SYS_STAT_H 1
| #define HAVE_STDLIB_H 1
| #define HAVE_STRING_H 1
| #define HAVE_MEMORY_H 1
| #define HAVE_STRINGS_H 1
| #define HAVE_INTTYPES_H 1
| #define HAVE_STDINT_H 1
| #define HAVE_UNISTD_H 1
| #define HAVE_FCNTL_H 1
| #define HAVE_INTTYPES_H 1
| #define HAVE_LIMITS_H 1
| #define HAVE_MALLOC_H 1
| #define HAVE_STDDEF_H 1
| #define HAVE_STDINT_H 1
| #define HAVE_STDLIB_H 1
| #define HAVE_STRING_H 1
| #define HAVE_STRINGS_H 1
| #define HAVE_SYS_PARAM_H 1
| #define HAVE_SYS_TIME_H 1
| #define HAVE_UNISTD_H 1
| #define HAVE__BOOL 1
| #define HAVE_STDBOOL_H 1
| #define TIME_WITH_SYS_TIME 1
| #define HAVE_PTRDIFF_T 1
| /* end confdefs.h.  */
| #include <sys/types.h>
| 		#include <sys/param.h>
| 
| int
| main ()
| {
| #if BYTE_ORDER != BIG_ENDIAN
| 		 not big endian
| 		#endif
| 
|   ;
|   return 0;
| }
configure:5055: result: no
configure:5080: checking size of void *
configure:5085: gcc -o conftest -g -O2   conftest.c  >&5
configure:5085: $? = 0
configure:5085: ./conftest
configure:5085: $? = 0
configure:5100: result: 8
configure:5111: result: Detected 64-bit Build Environment
configure:5168: checking for error_at_line
configure:5184: gcc -o conftest -DJU_64BIT -g -O2   conftest.c  >&5
configure:5184: $? = 0
configure:5192: result: yes
configure:5205: checking for stdlib.h
configure:5205: result: yes
configure:5215: checking for GNU libc compatible malloc
configure:5239: gcc -o conftest -DJU_64BIT -g -O2   conftest.c  >&5
configure:5239: $? = 0
configure:5239: ./conftest
configure:5239: $? = 0
configure:5249: result: yes
configure:5270: checking for working memcmp
configure:5313: gcc -o conftest -DJU_64BIT -g -O2   conftest.c  >&5
configure:5313: $? = 0
configure:5313: ./conftest
configure:5313: $? = 0
configure:5323: result: yes
configure:5335: checking for stdlib.h
configure:5335: result: yes
configure:5335: checking for unistd.h
configure:5335: result: yes
configure:5348: checking for getpagesize
configure:5348: gcc -o conftest -DJU_64BIT -g -O2   conftest.c  >&5
configure:5348: $? = 0
configure:5348: result: yes
configure:5357: checking for working mmap
configure:5494: gcc -o conftest -DJU_64BIT -g -O2   conftest.c  >&5
configure:5494: $? = 0
configure:5494: ./conftest
configure:5494: $? = 0
configure:5504: result: yes
configure:5513: checking whether lstat dereferences a symlink specified with a trailing slash
configure:5539: gcc -o conftest -DJU_64BIT -g -O2   conftest.c  >&5
configure:5539: $? = 0
configure:5539: ./conftest
configure:5539: $? = 0
configure:5556: result: yes
configure:5575: checking whether stat accepts an empty string
configure:5595: gcc -o conftest -DJU_64BIT -g -O2   conftest.c  >&5
configure:5595: $? = 0
configure:5595: ./conftest
configure:5595: $? = 0
configure:5605: result: no
configure:5623: checking for vprintf
configure:5623: gcc -o conftest -DJU_64BIT -g -O2   conftest.c  >&5
conftest.c:69:6: warning: conflicting types for built-in function 'vprintf' [enabled by default]
configure:5623: $? = 0
configure:5623: result: yes
configure:5629: checking for _doprnt
configure:5629: gcc -o conftest -DJU_64BIT -g -O2   conftest.c  >&5
/tmp/cceHdlX7.o: In function `main':
/home/dxiao/Fluidity/ROM_Non_Intru/libjudy/conftest.c:81: undefined reference to `_doprnt'
collect2: ld returned 1 exit status
configure:5629: $? = 1
configure: failed program was:
| /* confdefs.h */
| #define PACKAGE_NAME "Judy"
| #define PACKAGE_TARNAME "judy"
| #define PACKAGE_VERSION "1.0.5"
| #define PACKAGE_STRING "Judy 1.0.5"
| #define PACKAGE_BUGREPORT "dougbaskins@yahoo.com"
| #define PACKAGE_URL ""
| #define PACKAGE "Judy"
| #define VERSION "1.0.5"
| #define STDC_HEADERS 1
| #define HAVE_SYS_TYPES_H 1
| #define HAVE_SYS_STAT_H 1
| #define HAVE_STDLIB_H 1
| #define HAVE_STRING_H 1
| #define HAVE_MEMORY_H 1
| #define HAVE_STRINGS_H 1
| #define HAVE_INTTYPES_H 1
| #define HAVE_STDINT_H 1
| #define HAVE_UNISTD_H 1
| #define HAVE_FCNTL_H 1
| #define HAVE_INTTYPES_H 1
| #define HAVE_LIMITS_H 1
| #define HAVE_MALLOC_H 1
| #define HAVE_STDDEF_H 1
| #define HAVE_STDINT_H 1
| #define HAVE_STDLIB_H 1
| #define HAVE_STRING_H 1
| #define HAVE_STRINGS_H 1
| #define HAVE_SYS_PARAM_H 1
| #define HAVE_SYS_TIME_H 1
| #define HAVE_UNISTD_H 1
| #define HAVE__BOOL 1
| #define HAVE_STDBOOL_H 1
| #define TIME_WITH_SYS_TIME 1
| #define HAVE_PTRDIFF_T 1
| #define JU_LITTLE_ENDIAN 1
| #define SIZEOF_VOID_P 8
| #define HAVE_STDLIB_H 1
| #define HAVE_MALLOC 1
| #define HAVE_STDLIB_H 1
| #define HAVE_UNISTD_H 1
| #define HAVE_GETPAGESIZE 1
| #define HAVE_MMAP 1
| #define LSTAT_FOLLOWS_SLASHED_SYMLINK 1
| #define HAVE_VPRINTF 1
| /* end confdefs.h.  */
| /* Define _doprnt to an innocuous variant, in case <limits.h> declares _doprnt.
|    For example, HP-UX 11i <limits.h> declares gettimeofday.  */
| #define _doprnt innocuous__doprnt
| 
| /* System header to define __stub macros and hopefully few prototypes,
|     which can conflict with char _doprnt (); below.
|     Prefer <limits.h> to <assert.h> if __STDC__ is defined, since
|     <limits.h> exists even on freestanding compilers.  */
| 
| #ifdef __STDC__
| # include <limits.h>
| #else
| # include <assert.h>
| #endif
| 
| #undef _doprnt
| 
| /* Override any GCC internal prototype to avoid an error.
|    Use char because int might match the return type of a GCC
|    builtin and then its argument prototype would still apply.  */
| #ifdef __cplusplus
| extern "C"
| #endif
| char _doprnt ();
| /* The GNU C library defines this for functions which it implements
|     to always fail with ENOSYS.  Some functions are actually named
|     something starting with __ and the normal name is an alias.  */
| #if defined __stub__doprnt || defined __stub____doprnt
| choke me
| #endif
| 
| int
| main ()
| {
| return _doprnt ();
|   ;
|   return 0;
| }
configure:5629: result: no
configure:5643: checking for getpagesize
configure:5643: result: yes
configure:5643: checking for gettimeofday
configure:5643: gcc -o conftest -DJU_64BIT -g -O2   conftest.c  >&5
configure:5643: $? = 0
configure:5643: result: yes
configure:5643: checking for memset
configure:5643: gcc -o conftest -DJU_64BIT -g -O2   conftest.c  >&5
conftest.c:72:6: warning: conflicting types for built-in function 'memset' [enabled by default]
configure:5643: $? = 0
configure:5643: result: yes
configure:5643: checking for munmap
configure:5643: gcc -o conftest -DJU_64BIT -g -O2   conftest.c  >&5
configure:5643: $? = 0
configure:5643: result: yes
configure:5643: checking for pow
configure:5643: gcc -o conftest -DJU_64BIT -g -O2   conftest.c  >&5
conftest.c:74:6: warning: conflicting types for built-in function 'pow' [enabled by default]
/tmp/ccPrJEjk.o: In function `main':
/home/dxiao/Fluidity/ROM_Non_Intru/libjudy/conftest.c:85: undefined reference to `pow'
collect2: ld returned 1 exit status
configure:5643: $? = 1
configure: failed program was:
| /* confdefs.h */
| #define PACKAGE_NAME "Judy"
| #define PACKAGE_TARNAME "judy"
| #define PACKAGE_VERSION "1.0.5"
| #define PACKAGE_STRING "Judy 1.0.5"
| #define PACKAGE_BUGREPORT "dougbaskins@yahoo.com"
| #define PACKAGE_URL ""
| #define PACKAGE "Judy"
| #define VERSION "1.0.5"
| #define STDC_HEADERS 1
| #define HAVE_SYS_TYPES_H 1
| #define HAVE_SYS_STAT_H 1
| #define HAVE_STDLIB_H 1
| #define HAVE_STRING_H 1
| #define HAVE_MEMORY_H 1
| #define HAVE_STRINGS_H 1
| #define HAVE_INTTYPES_H 1
| #define HAVE_STDINT_H 1
| #define HAVE_UNISTD_H 1
| #define HAVE_FCNTL_H 1
| #define HAVE_INTTYPES_H 1
| #define HAVE_LIMITS_H 1
| #define HAVE_MALLOC_H 1
| #define HAVE_STDDEF_H 1
| #define HAVE_STDINT_H 1
| #define HAVE_STDLIB_H 1
| #define HAVE_STRING_H 1
| #define HAVE_STRINGS_H 1
| #define HAVE_SYS_PARAM_H 1
| #define HAVE_SYS_TIME_H 1
| #define HAVE_UNISTD_H 1
| #define HAVE__BOOL 1
| #define HAVE_STDBOOL_H 1
| #define TIME_WITH_SYS_TIME 1
| #define HAVE_PTRDIFF_T 1
| #define JU_LITTLE_ENDIAN 1
| #define SIZEOF_VOID_P 8
| #define HAVE_STDLIB_H 1
| #define HAVE_MALLOC 1
| #define HAVE_STDLIB_H 1
| #define HAVE_UNISTD_H 1
| #define HAVE_GETPAGESIZE 1
| #define HAVE_MMAP 1
| #define LSTAT_FOLLOWS_SLASHED_SYMLINK 1
| #define HAVE_VPRINTF 1
| #define HAVE_GETPAGESIZE 1
| #define HAVE_GETTIMEOFDAY 1
| #define HAVE_MEMSET 1
| #define HAVE_MUNMAP 1
| /* end confdefs.h.  */
| /* Define pow to an innocuous variant, in case <limits.h> declares pow.
|    For example, HP-UX 11i <limits.h> declares gettimeofday.  */
| #define pow innocuous_pow
| 
| /* System header to define __stub macros and hopefully few prototypes,
|     which can conflict with char pow (); below.
|     Prefer <limits.h> to <assert.h> if __STDC__ is defined, since
|     <limits.h> exists even on freestanding compilers.  */
| 
| #ifdef __STDC__
| # include <limits.h>
| #else
| # include <assert.h>
| #endif
| 
| #undef pow
| 
| /* Override any GCC internal prototype to avoid an error.
|    Use char because int might match the return type of a GCC
|    builtin and then its argument prototype would still apply.  */
| #ifdef __cplusplus
| extern "C"
| #endif
| char pow ();
| /* The GNU C library defines this for functions which it implements
|     to always fail with ENOSYS.  Some functions are actually named
|     something starting with __ and the normal name is an alias.  */
| #if defined __stub_pow || defined __stub___pow
| choke me
| #endif
| 
| int
| main ()
| {
| return pow ();
|   ;
|   return 0;
| }
configure:5643: result: no
configure:5643: checking for strchr
configure:5643: gcc -o conftest -DJU_64BIT -g -O2   conftest.c  >&5
conftest.c:74:6: warning: conflicting types for built-in function 'strchr' [enabled by default]
configure:5643: $? = 0
configure:5643: result: yes
configure:5643: checking for strcspn
configure:5643: gcc -o conftest -DJU_64BIT -g -O2   conftest.c  >&5
conftest.c:75:6: warning: conflicting types for built-in function 'strcspn' [enabled by default]
configure:5643: $? = 0
configure:5643: result: yes
configure:5643: checking for strerror
configure:5643: gcc -o conftest -DJU_64BIT -g -O2   conftest.c  >&5
configure:5643: $? = 0
configure:5643: result: yes
configure:5643: checking for strstr
configure:5643: gcc -o conftest -DJU_64BIT -g -O2   conftest.c  >&5
conftest.c:77:6: warning: conflicting types for built-in function 'strstr' [enabled by default]
configure:5643: $? = 0
configure:5643: result: yes
configure:5643: checking for strtoul
configure:5643: gcc -o conftest -DJU_64BIT -g -O2   conftest.c  >&5
configure:5643: $? = 0
configure:5643: result: yes
configure:5643: checking for uname
configure:5643: gcc -o conftest -DJU_64BIT -g -O2   conftest.c  >&5
configure:5643: $? = 0
configure:5643: result: yes
configure:5697: checking for ar
configure:5713: found /usr/bin/ar
configure:5724: result: ar
configure:5789: checking for ld
configure:5805: found /usr/bin/ld
configure:5816: result: ld
configure:5881: checking for ranlib
configure:5897: found /usr/bin/ranlib
configure:5908: result: ranlib
configure:5960: checking build system type
configure:5974: result: x86_64-unknown-linux-gnu
configure:5994: checking host system type
configure:6007: result: x86_64-unknown-linux-gnu
configure:6027: checking for a sed that does not truncate output
configure:6091: result: /bin/sed
configure:6109: checking for fgrep
configure:6171: result: /bin/grep -F
configure:6206: checking for ld used by gcc
configure:6273: result: ld
configure:6280: checking if the linker (ld) is GNU ld
configure:6295: result: yes
configure:6307: checking for BSD- or MS-compatible name lister (nm)
configure:6356: result: /usr/bin/nm -B
configure:6474: checking the name lister (/usr/bin/nm -B) interface
configure:6481: gcc -c -DJU_64BIT -g -O2  conftest.c >&5
configure:6484: /usr/bin/nm -B "conftest.o"
configure:6487: output
0000000000000000 B some_variable
configure:6494: result: BSD nm
configure:6498: checking the maximum length of command line arguments
configure:6618: result: 1572864
configure:6635: checking whether the shell understands some XSI constructs
configure:6645: result: yes
configure:6649: checking whether the shell understands "+="
configure:6655: result: yes
configure:6690: checking for ld option to reload object files
configure:6697: result: -r
configure:6724: checking how to recognize dependent libraries
configure:6914: result: pass_all
configure:6974: checking for ar
configure:7001: result: ar
configure:7079: checking for strip
configure:7095: found /usr/bin/strip
configure:7106: result: strip
configure:7178: checking for ranlib
configure:7205: result: ranlib
configure:7295: checking command to parse /usr/bin/nm -B output from gcc object
configure:7413: gcc -c -DJU_64BIT -g -O2  conftest.c >&5
configure:7416: $? = 0
configure:7420: /usr/bin/nm -B conftest.o \| sed -n -e 's/^.*[	 ]\([ABCDGIRSTW][ABCDGIRSTW]*\)[	 ][	 ]*\([_A-Za-z][_A-Za-z0-9]*\)$/\1 \2 \2/p' \> conftest.nm
configure:7423: $? = 0
configure:7477: gcc -o conftest -DJU_64BIT -g -O2   conftest.c conftstm.o >&5
configure:7480: $? = 0
configure:7518: result: ok
configure:7613: gcc -c -DJU_64BIT -g -O2  conftest.c >&5
configure:7616: $? = 0
configure:8323: checking for dlfcn.h
configure:8323: gcc -c -DJU_64BIT -g -O2  conftest.c >&5
configure:8323: $? = 0
configure:8323: result: yes
configure:8507: checking for objdir
configure:8522: result: .libs
configure:8814: checking if gcc supports -fno-rtti -fno-exceptions
configure:8832: gcc -c -DJU_64BIT -g -O2  -fno-rtti -fno-exceptions conftest.c >&5
cc1: warning: command line option '-fno-rtti' is valid for C++/ObjC++ but not for C [enabled by default]
configure:8836: $? = 0
configure:8849: result: no
configure:8869: checking for gcc option to produce PIC
configure:9126: result: -fPIC -DPIC
configure:9138: checking if gcc PIC flag -fPIC -DPIC works
configure:9156: gcc -c -DJU_64BIT -g -O2  -fPIC -DPIC -DPIC conftest.c >&5
configure:9160: $? = 0
configure:9173: result: yes
configure:9197: checking if gcc static flag -static works
configure:9225: result: yes
configure:9240: checking if gcc supports -c -o file.o
configure:9261: gcc -c -DJU_64BIT -g -O2  -o out/conftest2.o conftest.c >&5
configure:9265: $? = 0
configure:9287: result: yes
configure:9295: checking if gcc supports -c -o file.o
configure:9342: result: yes
configure:9375: checking whether the gcc linker (ld -m elf_x86_64) supports shared libraries
configure:10354: result: yes
configure:10391: checking whether -lc should be explicitly linked in
configure:10396: gcc -c -DJU_64BIT -g -O2  conftest.c >&5
configure:10399: $? = 0
configure:10414: gcc -shared conftest.o  -v -Wl,-soname -Wl,conftest -o conftest 2\>\&1 \| /bin/grep  -lc  \>/dev/null 2\>\&1
configure:10417: $? = 0
configure:10429: result: no
configure:10593: checking dynamic linker characteristics
configure:11026: gcc -o conftest -DJU_64BIT -g -O2   -Wl,-rpath -Wl,/foo conftest.c  >&5
configure:11026: $? = 0
configure:11256: result: GNU/Linux ld.so
configure:11358: checking how to hardcode library paths into programs
configure:11383: result: immediate
configure:11911: checking whether stripping libraries is possible
configure:11916: result: yes
configure:11951: checking if libtool supports shared libraries
configure:11953: result: yes
configure:11956: checking whether to build shared libraries
configure:11977: result: yes
configure:11980: checking whether to build static libraries
configure:11984: result: yes
configure:12150: creating ./config.status

## ---------------------- ##
## Running config.status. ##
## ---------------------- ##

This file was extended by Judy config.status 1.0.5, which was
generated by GNU Autoconf 2.64.  Invocation command line was

  CONFIG_FILES    = 
  CONFIG_HEADERS  = 
  CONFIG_LINKS    = 
  CONFIG_COMMANDS = 
  $ ./config.status 

on dunhui-laptop

config.status:912: creating config.h
config.status:1002: config.h is unchanged
config.status:1050: executing depfiles commands
config.status:1050: executing libtool commands

## ---------------- ##
## Cache variables. ##
## ---------------- ##

ac_cv_build=x86_64-unknown-linux-gnu
ac_cv_c_bigendian=no
ac_cv_c_compiler_gnu=yes
ac_cv_c_const=yes
ac_cv_c_inline=inline
ac_cv_c_volatile=yes
ac_cv_env_CC_set=set
ac_cv_env_CC_value=gcc
ac_cv_env_CFLAGS_set=
ac_cv_env_CFLAGS_value=
ac_cv_env_CPPFLAGS_set=
ac_cv_env_CPPFLAGS_value=
ac_cv_env_CPP_set=
ac_cv_env_CPP_value=
ac_cv_env_LDFLAGS_set=
ac_cv_env_LDFLAGS_value=
ac_cv_env_LIBS_set=set
ac_cv_env_LIBS_value=
ac_cv_env_build_alias_set=
ac_cv_env_build_alias_value=
ac_cv_env_host_alias_set=
ac_cv_env_host_alias_value=
ac_cv_env_target_alias_set=
ac_cv_env_target_alias_value=
ac_cv_func__doprnt=no
ac_cv_func_getpagesize=yes
ac_cv_func_gettimeofday=yes
ac_cv_func_lstat_dereferences_slashed_symlink=yes
ac_cv_func_malloc_0_nonnull=yes
ac_cv_func_memcmp_working=yes
ac_cv_func_memset=yes
ac_cv_func_mmap_fixed_mapped=yes
ac_cv_func_munmap=yes
ac_cv_func_pow=no
ac_cv_func_stat_empty_string_bug=no
ac_cv_func_strchr=yes
ac_cv_func_strcspn=yes
ac_cv_func_strerror=yes
ac_cv_func_strstr=yes
ac_cv_func_strtoul=yes
ac_cv_func_uname=yes
ac_cv_func_vprintf=yes
ac_cv_header_dlfcn_h=yes
ac_cv_header_fcntl_h=yes
ac_cv_header_inttypes_h=yes
ac_cv_header_limits_h=yes
ac_cv_header_malloc_h=yes
ac_cv_header_memory_h=yes
ac_cv_header_stdbool_h=yes
ac_cv_header_stdc=yes
ac_cv_header_stddef_h=yes
ac_cv_header_stdint_h=yes
ac_cv_header_stdlib_h=yes
ac_cv_header_string_h=yes
ac_cv_header_strings_h=yes
ac_cv_header_sys_param_h=yes
ac_cv_header_sys_stat_h=yes
ac_cv_header_sys_time_h=yes
ac_cv_header_sys_types_h=yes
ac_cv_header_time=yes
ac_cv_header_unistd_h=yes
ac_cv_host=x86_64-unknown-linux-gnu
ac_cv_lib_error_at_line=yes
ac_cv_objext=o
ac_cv_path_EGREP='/bin/grep -E'
ac_cv_path_FGREP='/bin/grep -F'
ac_cv_path_GREP=/bin/grep
ac_cv_path_SED=/bin/sed
ac_cv_path_install='/usr/bin/install -c'
ac_cv_path_mkdir=/bin/mkdir
ac_cv_prog_AWK=gawk
ac_cv_prog_CPP='gcc -E'
ac_cv_prog_ac_ct_AR=ar
ac_cv_prog_ac_ct_CC=gcc
ac_cv_prog_ac_ct_LD=ld
ac_cv_prog_ac_ct_RANLIB=ranlib
ac_cv_prog_ac_ct_STRIP=strip
ac_cv_prog_cc_c89=
ac_cv_prog_cc_g=yes
ac_cv_prog_make_make_set=yes
ac_cv_sizeof_void_p=8
ac_cv_struct_tm=time.h
ac_cv_type__Bool=yes
ac_cv_type_ptrdiff_t=yes
ac_cv_type_size_t=yes
am_cv_CC_dependencies_compiler_type=gcc3
lt_cv_deplibs_check_method=pass_all
lt_cv_file_magic_cmd='$MAGIC_CMD'
lt_cv_file_magic_test_file=
lt_cv_ld_reload_flag=-r
lt_cv_nm_interface='BSD nm'
lt_cv_objdir=.libs
lt_cv_path_LD=ld
lt_cv_path_NM='/usr/bin/nm -B'
lt_cv_prog_compiler_c_o=yes
lt_cv_prog_compiler_pic_works=yes
lt_cv_prog_compiler_rtti_exceptions=no
lt_cv_prog_compiler_static_works=yes
lt_cv_prog_gnu_ld=yes
lt_cv_sys_global_symbol_pipe='sed -n -e '\''s/^.*[	 ]\([ABCDGIRSTW][ABCDGIRSTW]*\)[	 ][	 ]*\([_A-Za-z][_A-Za-z0-9]*\)$/\1 \2 \2/p'\'''
lt_cv_sys_global_symbol_to_c_name_address='sed -n -e '\''s/^: \([^ ]*\) $/  {\"\1\", (void *) 0},/p'\'' -e '\''s/^[ABCDGIRSTW]* \([^ ]*\) \([^ ]*\)$/  {"\2", (void *) \&\2},/p'\'''
lt_cv_sys_global_symbol_to_c_name_address_lib_prefix='sed -n -e '\''s/^: \([^ ]*\) $/  {\"\1\", (void *) 0},/p'\'' -e '\''s/^[ABCDGIRSTW]* \([^ ]*\) \(lib[^ ]*\)$/  {"\2", (void *) \&\2},/p'\'' -e '\''s/^[ABCDGIRSTW]* \([^ ]*\) \([^ ]*\)$/  {"lib\2", (void *) \&\2},/p'\'''
lt_cv_sys_global_symbol_to_cdecl='sed -n -e '\''s/^T .* \(.*\)$/extern int \1();/p'\'' -e '\''s/^[ABCDGIRSTW]* .* \(.*\)$/extern char \1;/p'\'''
lt_cv_sys_max_cmd_len=1572864

## ----------------- ##
## Output variables. ##
## ----------------- ##

ACLOCAL='${SHELL} /home/dxiao/Fluidity/ROM_Non_Intru/libjudy/missing --run aclocal-1.10'
AMDEPBACKSLASH='\'
AMDEP_FALSE='#'
AMDEP_TRUE=''
AMTAR='${SHELL} /home/dxiao/Fluidity/ROM_Non_Intru/libjudy/missing --run tar'
AR='ar'
AUTOCONF='${SHELL} /home/dxiao/Fluidity/ROM_Non_Intru/libjudy/missing --run autoconf'
AUTOHEADER='${SHELL} /home/dxiao/Fluidity/ROM_Non_Intru/libjudy/missing --run autoheader'
AUTOMAKE='${SHELL} /home/dxiao/Fluidity/ROM_Non_Intru/libjudy/missing --run automake-1.10'
AWK='gawk'
CC='gcc'
CCDEPMODE='depmode=gcc3'
CFLAGS='-DJU_64BIT -g -O2'
CPP='gcc -E'
CPPFLAGS=''
CYGPATH_W='echo'
DEFS='-DHAVE_CONFIG_H'
DEPDIR='.deps'
DSYMUTIL=''
DUMPBIN=''
ECHO_C=''
ECHO_N='-n'
ECHO_T=''
EGREP='/bin/grep -E'
EXEEXT=''
FGREP='/bin/grep -F'
FLAVOR='product'
GREP='/bin/grep'
INSTALL_DATA='${INSTALL} -m 644'
INSTALL_PROGRAM='${INSTALL}'
INSTALL_SCRIPT='${INSTALL}'
INSTALL_STRIP_PROGRAM='$(install_sh) -c -s'
LD='ld -m elf_x86_64'
LDFLAGS=''
LIBOBJS=''
LIBS=''
LIBTOOL='$(SHELL) $(top_builddir)/libtool'
LIPO=''
LN_S='ln -s'
LTLIBOBJS=''
MAINT='#'
MAINTAINER_MODE_FALSE=''
MAINTAINER_MODE_TRUE='#'
MAKEINFO='${SHELL} /home/dxiao/Fluidity/ROM_Non_Intru/libjudy/missing --run makeinfo'
MKDIR_P='/bin/mkdir -p'
NM='/usr/bin/nm -B'
NMEDIT=''
OBJEXT='o'
OTOOL64=''
OTOOL=''
PACKAGE='Judy'
PACKAGE_BUGREPORT='dougbaskins@yahoo.com'
PACKAGE_NAME='Judy'
PACKAGE_STRING='Judy 1.0.5'
PACKAGE_TARNAME='judy'
PACKAGE_URL=''
PACKAGE_VERSION='1.0.5'
PATH_SEPARATOR=':'
RANLIB='ranlib'
SED='/bin/sed'
SET_MAKE=''
SHELL='/bin/bash'
STRIP='strip'
VERSION='1.0.5'
VERSION_INFO='-version-info 1:3:0'
WARN_CFLAGS=''
ac_ct_CC='gcc'
ac_ct_DUMPBIN=''
am__fastdepCC_FALSE='#'
am__fastdepCC_TRUE=''
am__include='include'
am__isrc=''
am__leading_dot='.'
am__quote=''
am__tar='${AMTAR} chof - "$$tardir"'
am__untar='${AMTAR} xf -'
bindir='${exec_prefix}/bin'
build='x86_64-unknown-linux-gnu'
build_alias=''
build_cpu='x86_64'
build_os='linux-gnu'
build_vendor='unknown'
datadir='${datarootdir}'
datarootdir='${prefix}/share'
docdir='${datarootdir}/doc/${PACKAGE_TARNAME}'
dvidir='${docdir}'
exec_prefix='${prefix}'
host='x86_64-unknown-linux-gnu'
host_alias=''
host_cpu='x86_64'
host_os='linux-gnu'
host_vendor='unknown'
htmldir='${docdir}'
includedir='${prefix}/include'
infodir='${datarootdir}/info'
install_sh='$(SHELL) /home/dxiao/Fluidity/ROM_Non_Intru/libjudy/install-sh'
libdir='${exec_prefix}/lib'
libexecdir='${exec_prefix}/libexec'
localedir='${datarootdir}/locale'
localstatedir='${prefix}/var'
lt_ECHO='echo'
mandir='${datarootdir}/man'
mkdir_p='/bin/mkdir -p'
oldincludedir='/usr/include'
pdfdir='${docdir}'
prefix='/home/dxiao/Fluidity/ROM_Non_Intru/libjudy/..'
program_transform_name='s,x,x,'
psdir='${docdir}'
sbindir='${exec_prefix}/sbin'
sharedstatedir='${prefix}/com'
sysconfdir='${prefix}/etc'
target_alias=''

## ----------- ##
## confdefs.h. ##
## ----------- ##

/* confdefs.h */
#define PACKAGE_NAME "Judy"
#define PACKAGE_TARNAME "judy"
#define PACKAGE_VERSION "1.0.5"
#define PACKAGE_STRING "Judy 1.0.5"
#define PACKAGE_BUGREPORT "dougbaskins@yahoo.com"
#define PACKAGE_URL ""
#define PACKAGE "Judy"
#define VERSION "1.0.5"
#define STDC_HEADERS 1
#define HAVE_SYS_TYPES_H 1
#define HAVE_SYS_STAT_H 1
#define HAVE_STDLIB_H 1
#define HAVE_STRING_H 1
#define HAVE_MEMORY_H 1
#define HAVE_STRINGS_H 1
#define HAVE_INTTYPES_H 1
#define HAVE_STDINT_H 1
#define HAVE_UNISTD_H 1
#define HAVE_FCNTL_H 1
#define HAVE_INTTYPES_H 1
#define HAVE_LIMITS_H 1
#define HAVE_MALLOC_H 1
#define HAVE_STDDEF_H 1
#define HAVE_STDINT_H 1
#define HAVE_STDLIB_H 1
#define HAVE_STRING_H 1
#define HAVE_STRINGS_H 1
#define HAVE_SYS_PARAM_H 1
#define HAVE_SYS_TIME_H 1
#define HAVE_UNISTD_H 1
#define HAVE__BOOL 1
#define HAVE_STDBOOL_H 1
#define TIME_WITH_SYS_TIME 1
#define HAVE_PTRDIFF_T 1
#define JU_LITTLE_ENDIAN 1
#define SIZEOF_VOID_P 8
#define HAVE_STDLIB_H 1
#define HAVE_MALLOC 1
#define HAVE_STDLIB_H 1
#define HAVE_UNISTD_H 1
#define HAVE_GETPAGESIZE 1
#define HAVE_MMAP 1
#define LSTAT_FOLLOWS_SLASHED_SYMLINK 1
#define HAVE_VPRINTF 1
#define HAVE_GETPAGESIZE 1
#define HAVE_GETTIMEOFDAY 1
#define HAVE_MEMSET 1
#define HAVE_MUNMAP 1
#define HAVE_STRCHR 1
#define HAVE_STRCSPN 1
#define HAVE_STRERROR 1
#define HAVE_STRSTR 1
#define HAVE_STRTOUL 1
#define HAVE_UNAME 1
#define HAVE_DLFCN_H 1
#define LT_OBJDIR ".libs/"

configure: exit 0
