        CC JudyMalloc.c
        CC Judy1Test.c
        CC j__udy1Test.c
        CC Judy1Set.c
        CC Judy1SetArray.c
        CC Judy1Unset.c
        CC Judy1First.c
        CC Judy1Next.c
        CC Judy1Prev.c
        CC Judy1NextEmpty.c
        CC Judy1PrevEmpty.c
        CC Judy1Count.c
        CC Judy1ByCount.c
        CC Judy1FreeArray.c
        CC Judy1MemUsed.c
        CC Judy1MemActive.c
        CC Judy1Cascade.c
        CC Judy1Decascade.c
        CC Judy1CreateBranch.c
        CC Judy1InsertBranch.c
        CC Judy1MallocIF.c
        CC Judy1Tables.c
        CC JudyLByCount.c
        CC JudyLCount.c
        CC JudyLDecascade.c
        CC JudyLFirst.c
        CC j__udyLGet.c
        CC JudyLInsArray.c
        CC JudyLInsertBranch.c
        CC JudyLMemActive.c
        CC JudyLNext.c
        CC JudyLPrev.c
        CC JudyLCascade.c
        CC JudyLCreateBranch.c
        CC JudyLDel.c
        CC JudyLFreeArray.c
        CC JudyLGet.c
        CC JudyLIns.c
        CC JudyLMallocIF.c
        CC JudyLMemUsed.c
        CC JudyLNextEmpty.c
        CC JudyLPrevEmpty.c
        CC JudyLTables.c
        CC JudySL.c
        CC JudyHS.c
